
Showing logs for build [32mentando-k8s-entando-k8s-operato-blbnf-13[0m stage [32mfrom-build-pack[0m and container [32mcredential-initializer[0m
{"level":"info","ts":1626768082.7005508,"caller":"creds-init/main.go:44","msg":"Credentials initialized."}

Showing logs for build [32mentando-k8s-entando-k8s-operato-blbnf-13[0m stage [32mfrom-build-pack[0m and container [32mworking-dir-initializer[0m

Showing logs for build [32mentando-k8s-entando-k8s-operato-blbnf-13[0m stage [32mfrom-build-pack[0m and container [32mplace-tools[0m

Showing logs for build [32mentando-k8s-entando-k8s-operato-blbnf-13[0m stage [32mfrom-build-pack[0m and container [32mstep-git-source-entando-k8s-entando-k8s-operato-blbnf-68lcq[0m
{"level":"info","ts":1626768109.0474808,"caller":"git/git.go:105","msg":"Successfully cloned https://github.com/entando-k8s/entando-k8s-operator-common.git @ master in path /workspace/source"}
{"level":"warn","ts":1626768109.047625,"caller":"git/git.go:152","msg":"Unexpected error: creating symlink: symlink /tekton/home/.ssh /****/.ssh: file exists"}
{"level":"info","ts":1626768109.1232681,"caller":"git/git.go:133","msg":"Successfully initialized and updated submodules in path /workspace/source"}

Showing logs for build [32mentando-k8s-entando-k8s-operato-blbnf-13[0m stage [32mfrom-build-pack[0m and container [32mstep-setup-builder-home[0m

Showing logs for build [32mentando-k8s-entando-k8s-operato-blbnf-13[0m stage [32mfrom-build-pack[0m and container [32mstep-git-merge[0m
Using SHAs from PULL_REFS=master:b1c77ebbac670e2c9c2103abec58bbaf89856465,61:c31989b50d7fd8c8df1a8dbf93786999efddf788
DEBUG: LC_ALL=C JX_LOG_LEVEL=error git fetch origin --unshallow c31989b50d7fd8c8df1a8dbf93786999efddf788: b1c77ebbac670e2c9c2103abec58bbaf89856465:
DEBUG: ran git fetch --unshallow origin c31989b50d7fd8c8df1a8dbf93786999efddf788: b1c77ebbac670e2c9c2103abec58bbaf89856465: in 
DEBUG: LC_ALL=C JX_LOG_LEVEL=error git branch
DEBUG: LC_ALL=C JX_LOG_LEVEL=error git checkout master
DEBUG: ran git checkout master in 
DEBUG: LC_ALL=C JX_LOG_LEVEL=error git reset --hard b1c77ebbac670e2c9c2103abec58bbaf89856465
DEBUG: ran git reset --hard b1c77ebbac670e2c9c2103abec58bbaf89856465 in 
DEBUG: LC_ALL=C JX_LOG_LEVEL=error git clean -fd .
DEBUG: ran clean --force -d . in 
DEBUG: LC_ALL=C JX_LOG_LEVEL=error git merge c31989b50d7fd8c8df1a8dbf93786999efddf788
DEBUG: ran git merge c31989b50d7fd8c8df1a8dbf93786999efddf788 in 
DEBUG: LC_ALL=C JX_LOG_LEVEL=error git log --format=%H%x1f%an%x1f%ae%x1f%cn%x1f%ce%x1f%s%n%b%x1e b1c77ebbac670e2c9c2103abec58bbaf89856465..HEAD
Merged SHA c31989b50d7fd8c8df1a8dbf93786999efddf788 with commit message 'ENG-2284 minor fix on MySQL database name resolution' into base branch master
Merged SHA 9582c6f6a05f2e3a17ee04735fd9ebaee413b289 with commit message 'ENG-2284 more robust certificate management' into base branch master
Merged SHA f5730fcde001cd2f1c81b210f6db033393c41859 with commit message 'ENG-2284 fi**d bug in EntandoResourceClientDouble' into base branch master
Merged SHA d2e451e4b32b589dde1f27c0cc1ae3b2db35d73c with commit message 'ENG-2284 refined KubernetesResourceProcessor to modify the resourceVersion on the clone only' into base branch master
Merged SHA 88c76ab7f5f13164932a32d80bbff62dec16ad3a with commit message 'ENG-2284 refined NamespaceDouble' into base branch master
Merged SHA 09cb8277268e06b666e2e195900db93b40166e3d with commit message 'ENG-2284 rela**d namespace deletion timeout' into base branch master
Merged SHA 2a1f1f5f11bcb80e279e4b87b68381c4b7d8180c with commit message 'ENG-2284 improved idempotency of createIfAbsent' into base branch master
Merged SHA ddd1420bb215b962c84e7a17d1213dd4aee298b1 with commit message 'ENG-2284 consolidated label names' into base branch master
Merged SHA 6df2a9135588648b65b800954e6f53af7d5b5a60 with commit message 'ENG-2284 added some Capability label management logic' into base branch master
Merged SHA 5f5d6ac3f88c65cbc269b85fe050f18b0acdc4c4 with commit message 'ENG-2284 added some Capability label management logic' into base branch master
Merged SHA 36b2bb503e78d9281b23d482d4dc2edb509c7efb with commit message 'ENG-2284 massive refactoring to implement capability based design' into base branch master

Showing logs for build [32mentando-k8s-entando-k8s-operato-blbnf-13[0m stage [32mfrom-build-pack[0m and container [32mstep-build-set-version[0m
Picked up _JAVA_OPTIONS: -XX:+UnlockExperimentalVMOptions -Dsun.zip.disableMemoryMapping=**** -XX:+UseParallelGC -XX:MinHeapFreeRatio=5 -XX:MaxHeapFreeRatio=10 -XX:GCTimeRatio=4 -XX:AdaptiveSizePolicyWeight=90 -Xms10m -Xmx8000m
[INFO] Scanning for projects...
[WARNING] 
[WARNING] Some problems were encountered while building the effective model for org.entando:entando-k8s-operator-common:jar:6.3.0-SNAPSHOT
[WARNING] 'dependencies.dependency.(groupId:artifactId:type:classifier)' must be unique: org.junit.jupiter:junit-jupiter-params:jar -> version ${junit.version} vs (?) @ line 173, column 21
[WARNING] 
[WARNING] It is highly recommended to fix these problems because they threaten the stability of your build.
[WARNING] 
[WARNING] For this reason, future Maven versions might no longer support building such malformed projects.
[WARNING] 
[INFO] 
[INFO] --------------< org.entando:entando-k8s-operator-common >---------------
[INFO] Building Entando K8S Operator Common Library 6.3.0-SNAPSHOT
[INFO] --------------------------------[ jar ]---------------------------------
[INFO] 
[INFO] --- versions-maven-plugin:2.8.1:set (default-cli) @ entando-k8s-operator-common ---
[INFO] Local aggregation ****: /workspace/source
[INFO] Processing change of org.entando:entando-k8s-operator-common:6.3.0-SNAPSHOT -> 0.0.0-SNAPSHOT-PR-61-13
[INFO] Processing org.entando:entando-k8s-operator-common
[INFO]     Updating project org.entando:entando-k8s-operator-common
[INFO]         from version 6.3.0-SNAPSHOT to 0.0.0-SNAPSHOT-PR-61-13
[INFO] 
[INFO] ------------------------------------------------------------------------
[INFO] BUILD SUCCESS
[INFO] ------------------------------------------------------------------------
[INFO] Total time:  16.175 s
[INFO] Finished at: 2021-07-20T08:02:10Z
[INFO] ------------------------------------------------------------------------

Showing logs for build [32mentando-k8s-entando-k8s-operato-blbnf-13[0m stage [32mfrom-build-pack[0m and container [32mstep-build-fix-git-for-sonar[0m
M	pom.xml
Switched to a new branch 'PR-61'
Deleted branch master (was c31989b).
From https://github.com/entando-k8s/entando-k8s-operator-common
 * [new branch]      master      -> master
 * [new tag]         finalizers  -> finalizers
 * [new tag]         spock-spike -> spock-spike

Showing logs for build [32mentando-k8s-entando-k8s-operato-blbnf-13[0m stage [32mfrom-build-pack[0m and container [32mstep-build-mvn-verify-pr[0m
Picked up _JAVA_OPTIONS: -XX:+UnlockExperimentalVMOptions -Dsun.zip.disableMemoryMapping=**** -XX:+UseParallelGC -XX:MinHeapFreeRatio=5 -XX:MaxHeapFreeRatio=10 -XX:GCTimeRatio=4 -XX:AdaptiveSizePolicyWeight=90 -Xms10m -Xmx8000m
[INFO] Scanning for projects...
[WARNING] 
[WARNING] Some problems were encountered while building the effective model for org.entando:entando-k8s-operator-common:jar:0.0.0-SNAPSHOT-PR-61-13
[WARNING] 'dependencies.dependency.(groupId:artifactId:type:classifier)' must be unique: org.junit.jupiter:junit-jupiter-params:jar -> version ${junit.version} vs (?) @ line 173, column 21
[WARNING] 
[WARNING] It is highly recommended to fix these problems because they threaten the stability of your build.
[WARNING] 
[WARNING] For this reason, future Maven versions might no longer support building such malformed projects.
[WARNING] 
[INFO] 
[INFO] --------------< org.entando:entando-k8s-operator-common >---------------
[INFO] Building Entando K8S Operator Common Library 0.0.0-SNAPSHOT-PR-61-13
[INFO] --------------------------------[ jar ]---------------------------------
[INFO] 
[INFO] --- maven-checkstyle-plugin:3.1.1:check (validate) @ entando-k8s-operator-common ---
[INFO] Starting audit...
Audit done.
[INFO] You have 0 Checkstyle violations.
[INFO] 
[INFO] --- maven-checkstyle-plugin:3.1.1:checkstyle (validate) @ entando-k8s-operator-common ---
[INFO] Starting audit...
Audit done.
[INFO] 
[INFO] --- jacoco-maven-plugin:0.8.7:prepare-agent (prepare-agent) @ entando-k8s-operator-common ---
[INFO] argLine set to -javaagent:/home/jenkins/.mvnrepository/org/jacoco/org.jacoco.agent/0.8.7/org.jacoco.agent-0.8.7-runtime.jar=destfile=/workspace/source/target/jacoco.e**c
[INFO] 
[INFO] --- maven-resources-plugin:2.6:resources (default-resources) @ entando-k8s-operator-common ---
[INFO] Using 'UTF-8' encoding to copy filtered resources.
[INFO] Copying 14 resources
[INFO] 
[INFO] --- maven-compiler-plugin:3.8.1:compile (default-compile) @ entando-k8s-operator-common ---
[INFO] Changes detected - recompiling the module!
[INFO] Compiling 138 source files to /workspace/source/target/classes
[WARNING] /workspace/source/src/main/java/org/entando/kubernetes/controller/spi/client/impl/EntandoResourceClientBase.java:[89,125] unchecked cast
  required: java.lang.Class<T>
  found:    java.lang.Class<capture#1 of ? extends org.entando.kubernetes.model.common.EntandoCustomResource>
[INFO] 
[INFO] --- maven-resources-plugin:2.6:testResources (default-testResources) @ entando-k8s-operator-common ---
[INFO] Using 'UTF-8' encoding to copy filtered resources.
[INFO] Copying 9 resources
[INFO] 
[INFO] --- maven-compiler-plugin:3.8.1:testCompile (default-testCompile) @ entando-k8s-operator-common ---
[INFO] Changes detected - recompiling the module!
[INFO] Compiling 123 source files to /workspace/source/target/test-classes
[WARNING] /workspace/source/src/test/java/org/entando/kubernetes/controller/support/client/doubles/EntandoResourceClientDoubleBase.java:[75,108] unchecked cast
  required: java.lang.Class<? extends io.fabric8.kubernetes.client.CustomResource<?,?>>
  found:    java.lang.Class<capture#1 of ? extends org.entando.kubernetes.model.common.EntandoCustomResource>
[INFO] 
[INFO] --- maven-surefire-plugin:3.0.0-M1:test (default-test) @ entando-k8s-operator-common ---
[INFO] 
[INFO] -------------------------------------------------------
[INFO]  T E S T S
[INFO] -------------------------------------------------------
[INFO] Running org.entando.kubernetes.controller.ExampleExternalCapabilityTest
[INFO] Tests run: 2, Failures: 0, Errors: 0, Skipped: 0, Time elapsed: 6.866 s - in org.entando.kubernetes.controller.ExampleExternalCapabilityTest
[INFO] Running org.entando.kubernetes.controller.DatabaseConsumerTest
Jul 20, 2021 8:03:05 AM org.entando.kubernetes.test.common.ControllerTestHelper runControllerAgainstCustomResource
WARNING: org.entando.kubernetes.controller.spi.common.EntandoControllerException: Database preparation failed. Please inspect the logs of the pod my-namespace/my-app-dbprep-bc4c
	at org.entando.kubernetes.controller.support.command.DeployCommand.prepareDbSchemas(DeployCommand.java:239)
	at org.entando.kubernetes.controller.support.command.DeployCommand.deployServiceInternally(DeployCommand.java:149)
	at org.entando.kubernetes.controller.support.command.DeployCommand.lambda$e**cute$0(DeployCommand.java:108)
	at java.base/java.util.concurrent.FutureTask.run(FutureTask.java:264)
	at java.base/java.util.concurrent.ThreadPoolE**cutor.runWorker(ThreadPoolE**cutor.java:1128)
	at java.base/java.util.concurrent.ThreadPoolE**cutor$Worker.run(ThreadPoolE**cutor.java:628)
	at java.base/java.lang.Thread.run(Thread.java:834)

picocli.CommandLine$E**cutionException: org.entando.kubernetes.controller.spi.common.EntandoControllerException: Database preparation failed. Please inspect the logs of the pod my-namespace/my-app-dbprep-bc4c
	at org.entando.kubernetes.controller.support.command.DeployCommand.prepareDbSchemas(DeployCommand.java:239)
	at org.entando.kubernetes.controller.support.command.DeployCommand.deployServiceInternally(DeployCommand.java:149)
	at org.entando.kubernetes.controller.support.command.DeployCommand.lambda$e**cute$0(DeployCommand.java:108)
	at java.base/java.util.concurrent.FutureTask.run(FutureTask.java:264)
	at java.base/java.util.concurrent.ThreadPoolE**cutor.runWorker(ThreadPoolE**cutor.java:1128)
	at java.base/java.util.concurrent.ThreadPoolE**cutor$Worker.run(ThreadPoolE**cutor.java:628)
	at java.base/java.lang.Thread.run(Thread.java:834)

	at org.entando.kubernetes.fluentspi.DatabaseConsumingControllerFluent.run(DatabaseConsumingControllerFluent.java:86)
	at org.entando.kubernetes.test.common.ControllerTestHelper.runControllerAgainstCustomResource(ControllerTestHelper.java:121)
	at org.entando.kubernetes.controller.DatabaseConsumerTest.lambda$dbawareDeploymentFailsWhenDatabasePreparationFailed$22(DatabaseConsumerTest.java:251)
	at org.assertj.core.api.ThrowableAssert.catchThrowable(ThrowableAssert.java:62)
	at org.assertj.core.api.AssertionsForClassTypes.catchThrowable(AssertionsForClassTypes.java:877)
	at org.assertj.core.api.Assertions.catchThrowable(Assertions.java:1306)
	at org.assertj.core.api.Assertions.assertThatThrownBy(Assertions.java:1178)
	at org.entando.kubernetes.controller.DatabaseConsumerTest.lambda$dbawareDeploymentFailsWhenDatabasePreparationFailed$23(DatabaseConsumerTest.java:250)
	at io.qameta.allure.Allure.lambda$step$0(Allure.java:113)
	at io.qameta.allure.Allure.lambda$step$1(Allure.java:127)
	at io.qameta.allure.Allure.step(Allure.java:181)
	at io.qameta.allure.Allure.step(Allure.java:125)
	at io.qameta.allure.Allure.step(Allure.java:112)
	at org.entando.kubernetes.controller.DatabaseConsumerTest.dbawareDeploymentFailsWhenDatabasePreparationFailed(DatabaseConsumerTest.java:249)
	at java.base/jdk.internal.reflect.NativeMethodAccessorImpl.invoke0(Native Method)
	at java.base/jdk.internal.reflect.NativeMethodAccessorImpl.invoke(NativeMethodAccessorImpl.java:62)
	at java.base/jdk.internal.reflect.DelegatingMethodAccessorImpl.invoke(DelegatingMethodAccessorImpl.java:43)
	at java.base/java.lang.reflect.Method.invoke(Method.java:566)
	at org.junit.platform.commons.util.ReflectionUtils.invokeMethod(ReflectionUtils.java:688)
	at org.junit.jupiter.engine.e**cution.MethodInvocation.proceed(MethodInvocation.java:60)
	at org.junit.jupiter.engine.e**cution.InvocationInterceptorChain$ValidatingInvocation.proceed(InvocationInterceptorChain.java:131)
	at org.junit.jupiter.api.extension.InvocationInterceptor.interceptTestMethod(InvocationInterceptor.java:117)
	at org.junit.jupiter.engine.e**cution.E**cutableInvoker$ReflectiveInterceptorCall.lambda$ofVoidMethod$0(E**cutableInvoker.java:115)
	at org.junit.jupiter.engine.e**cution.E**cutableInvoker.lambda$invoke$0(E**cutableInvoker.java:105)
	at org.junit.jupiter.engine.e**cution.InvocationInterceptorChain$InterceptedInvocation.proceed(InvocationInterceptorChain.java:106)
	at org.junit.jupiter.engine.extension.TimeoutExtension.intercept(TimeoutExtension.java:149)
	at org.junit.jupiter.engine.extension.TimeoutExtension.interceptTestableMethod(TimeoutExtension.java:140)
	at org.junit.jupiter.engine.extension.TimeoutExtension.interceptTestMethod(TimeoutExtension.java:84)
	at org.junit.jupiter.engine.e**cution.E**cutableInvoker$ReflectiveInterceptorCall.lambda$ofVoidMethod$0(E**cutableInvoker.java:115)
	at org.junit.jupiter.engine.e**cution.E**cutableInvoker.lambda$invoke$0(E**cutableInvoker.java:105)
	at org.junit.jupiter.engine.e**cution.InvocationInterceptorChain$InterceptedInvocation.proceed(InvocationInterceptorChain.java:106)
	at org.junit.jupiter.engine.e**cution.InvocationInterceptorChain.proceed(InvocationInterceptorChain.java:64)
	at org.junit.jupiter.engine.e**cution.InvocationInterceptorChain.chainAndInvoke(InvocationInterceptorChain.java:45)
	at org.junit.jupiter.engine.e**cution.InvocationInterceptorChain.invoke(InvocationInterceptorChain.java:37)
	at org.junit.jupiter.engine.e**cution.E**cutableInvoker.invoke(E**cutableInvoker.java:104)
	at org.junit.jupiter.engine.e**cution.E**cutableInvoker.invoke(E**cutableInvoker.java:98)
	at org.junit.jupiter.engine.descriptor.TestMethodTestDescriptor.lambda$invokeTestMethod$6(TestMethodTestDescriptor.java:210)
	at org.junit.platform.engine.support.hierarchical.ThrowableCollector.e**cute(ThrowableCollector.java:73)
	at org.junit.jupiter.engine.descriptor.TestMethodTestDescriptor.invokeTestMethod(TestMethodTestDescriptor.java:206)
	at org.junit.jupiter.engine.descriptor.TestMethodTestDescriptor.e**cute(TestMethodTestDescriptor.java:131)
	at org.junit.jupiter.engine.descriptor.TestMethodTestDescriptor.e**cute(TestMethodTestDescriptor.java:65)
	at org.junit.platform.engine.support.hierarchical.NodeTestTask.lambda$e**cuteRecursively$5(NodeTestTask.java:139)
	at org.junit.platform.engine.support.hierarchical.ThrowableCollector.e**cute(ThrowableCollector.java:73)
	at org.junit.platform.engine.support.hierarchical.NodeTestTask.lambda$e**cuteRecursively$7(NodeTestTask.java:129)
	at org.junit.platform.engine.support.hierarchical.Node.around(Node.java:137)
	at org.junit.platform.engine.support.hierarchical.NodeTestTask.lambda$e**cuteRecursively$8(NodeTestTask.java:127)
	at org.junit.platform.engine.support.hierarchical.ThrowableCollector.e**cute(ThrowableCollector.java:73)
	at org.junit.platform.engine.support.hierarchical.NodeTestTask.e**cuteRecursively(NodeTestTask.java:126)
	at org.junit.platform.engine.support.hierarchical.NodeTestTask.e**cute(NodeTestTask.java:84)
	at org.junit.platform.engine.support.hierarchical.ForkJoinPoolHierarchicalTestE**cutorService$ExclusiveTask.compute(ForkJoinPoolHierarchicalTestE**cutorService.java:185)
	at org.junit.platform.engine.support.hierarchical.ForkJoinPoolHierarchicalTestE**cutorService.e**cuteNonConcurrentTasks(ForkJoinPoolHierarchicalTestE**cutorService.java:155)
	at org.junit.platform.engine.support.hierarchical.ForkJoinPoolHierarchicalTestE**cutorService.invokeAll(ForkJoinPoolHierarchicalTestE**cutorService.java:135)
	at org.junit.platform.engine.support.hierarchical.NodeTestTask.lambda$e**cuteRecursively$5(NodeTestTask.java:143)
	at org.junit.platform.engine.support.hierarchical.ThrowableCollector.e**cute(ThrowableCollector.java:73)
	at org.junit.platform.engine.support.hierarchical.NodeTestTask.lambda$e**cuteRecursively$7(NodeTestTask.java:129)
	at org.junit.platform.engine.support.hierarchical.Node.around(Node.java:137)
	at org.junit.platform.engine.support.hierarchical.NodeTestTask.lambda$e**cuteRecursively$8(NodeTestTask.java:127)
	at org.junit.platform.engine.support.hierarchical.ThrowableCollector.e**cute(ThrowableCollector.java:73)
	at org.junit.platform.engine.support.hierarchical.NodeTestTask.e**cuteRecursively(NodeTestTask.java:126)
	at org.junit.platform.engine.support.hierarchical.NodeTestTask.e**cute(NodeTestTask.java:84)
	at org.junit.platform.engine.support.hierarchical.ForkJoinPoolHierarchicalTestE**cutorService$ExclusiveTask.compute(ForkJoinPoolHierarchicalTestE**cutorService.java:185)
	at org.junit.platform.engine.support.hierarchical.ForkJoinPoolHierarchicalTestE**cutorService.e**cuteNonConcurrentTasks(ForkJoinPoolHierarchicalTestE**cutorService.java:155)
	at org.junit.platform.engine.support.hierarchical.ForkJoinPoolHierarchicalTestE**cutorService.invokeAll(ForkJoinPoolHierarchicalTestE**cutorService.java:135)
	at org.junit.platform.engine.support.hierarchical.NodeTestTask.lambda$e**cuteRecursively$5(NodeTestTask.java:143)
	at org.junit.platform.engine.support.hierarchical.ThrowableCollector.e**cute(ThrowableCollector.java:73)
	at org.junit.platform.engine.support.hierarchical.NodeTestTask.lambda$e**cuteRecursively$7(NodeTestTask.java:129)
	at org.junit.platform.engine.support.hierarchical.Node.around(Node.java:137)
	at org.junit.platform.engine.support.hierarchical.NodeTestTask.lambda$e**cuteRecursively$8(NodeTestTask.java:127)
	at org.junit.platform.engine.support.hierarchical.ThrowableCollector.e**cute(ThrowableCollector.java:73)
	at org.junit.platform.engine.support.hierarchical.NodeTestTask.e**cuteRecursively(NodeTestTask.java:126)
	at org.junit.platform.engine.support.hierarchical.NodeTestTask.e**cute(NodeTestTask.java:84)
	at org.junit.platform.engine.support.hierarchical.ForkJoinPoolHierarchicalTestE**cutorService$ExclusiveTask.compute(ForkJoinPoolHierarchicalTestE**cutorService.java:185)
	at java.base/java.util.concurrent.RecursiveAction.e**c(RecursiveAction.java:189)
	at java.base/java.util.concurrent.ForkJoinTask.doE**c(ForkJoinTask.java:290)
	at java.base/java.util.concurrent.ForkJoinPool$WorkQueue.topLevelE**c(ForkJoinPool.java:1020)
	at java.base/java.util.concurrent.ForkJoinPool.scan(ForkJoinPool.java:1656)
	at java.base/java.util.concurrent.ForkJoinPool.runWorker(ForkJoinPool.java:1594)
	at java.base/java.util.concurrent.ForkJoinWorkerThread.run(ForkJoinWorkerThread.java:177)

[INFO] Tests run: 2, Failures: 0, Errors: 0, Skipped: 0, Time elapsed: 3.177 s - in org.entando.kubernetes.controller.DatabaseConsumerTest
[INFO] Running org.entando.kubernetes.controller.MinimalDeploymentTest
Jul 20, 2021 8:03:06 AM org.entando.kubernetes.test.common.ControllerTestHelper runControllerAgainstCustomResource
WARNING: java.util.concurrent.TimeoutException
	at java.base/java.util.concurrent.FutureTask.get(FutureTask.java:204)
	at org.entando.kubernetes.controller.support.command.DeployCommand.lambda$e**cute$1(DeployCommand.java:113)
	at org.entando.kubernetes.controller.spi.common.ExceptionUtils.interruptionSafe(ExceptionUtils.java:96)
	at org.entando.kubernetes.controller.support.command.DeployCommand.e**cute(DeployCommand.java:113)
	at org.entando.kubernetes.controller.support.command.InProcessCommandStream.processDeployment(InProcessCommandStream.java:66)
	at org.entando.kubernetes.controller.support.command.InProcessCommandStream.process(InProcessCommandStream.java:48)
	at org.entando.kubernetes.test.common.ControllerTestHelper$AllureAttachingCommandStream.lambda$process$0(ControllerTestHelper.java:203)
	at io.qameta.allure.Allure.lambda$step$0(Allure.java:113)
	at io.qameta.allure.Allure.lambda$step$1(Allure.java:127)
	at io.qameta.allure.Allure.step(Allure.java:181)
	at io.qameta.allure.Allure.step(Allure.java:125)
	at io.qameta.allure.Allure.step(Allure.java:112)
	at org.entando.kubernetes.test.common.ControllerTestHelper$AllureAttachingCommandStream.process(ControllerTestHelper.java:201)
	at org.entando.kubernetes.controller.spi.command.SerializingDeploymentProcessor.processDeployable(SerializingDeploymentProcessor.java:37)
	at org.entando.kubernetes.fluentspi.ControllerFluent.run(ControllerFluent.java:49)
	at org.entando.kubernetes.test.common.ControllerTestHelper.runControllerAgainstCustomResource(ControllerTestHelper.java:121)
	at org.entando.kubernetes.controller.MinimalDeploymentTest.lambda$minimalDeploymentThatTimesOut$31(MinimalDeploymentTest.java:296)
	at org.assertj.core.api.ThrowableAssert.catchThrowable(ThrowableAssert.java:62)
	at org.assertj.core.api.AssertionsForClassTypes.catchThrowable(AssertionsForClassTypes.java:877)
	at org.assertj.core.api.Assertions.catchThrowable(Assertions.java:1306)
	at org.assertj.core.api.Assertions.assertThatThrownBy(Assertions.java:1178)
	at org.entando.kubernetes.controller.MinimalDeploymentTest.lambda$minimalDeploymentThatTimesOut$32(MinimalDeploymentTest.java:295)
	at io.qameta.allure.Allure.lambda$step$0(Allure.java:113)
	at io.qameta.allure.Allure.lambda$step$1(Allure.java:127)
	at io.qameta.allure.Allure.step(Allure.java:181)
	at io.qameta.allure.Allure.step(Allure.java:125)
	at io.qameta.allure.Allure.step(Allure.java:112)
	at org.entando.kubernetes.controller.MinimalDeploymentTest.minimalDeploymentThatTimesOut(MinimalDeploymentTest.java:294)
	at java.base/jdk.internal.reflect.NativeMethodAccessorImpl.invoke0(Native Method)
	at java.base/jdk.internal.reflect.NativeMethodAccessorImpl.invoke(NativeMethodAccessorImpl.java:62)
	at java.base/jdk.internal.reflect.DelegatingMethodAccessorImpl.invoke(DelegatingMethodAccessorImpl.java:43)
	at java.base/java.lang.reflect.Method.invoke(Method.java:566)
	at org.junit.platform.commons.util.ReflectionUtils.invokeMethod(ReflectionUtils.java:688)
	at org.junit.jupiter.engine.e**cution.MethodInvocation.proceed(MethodInvocation.java:60)
	at org.junit.jupiter.engine.e**cution.InvocationInterceptorChain$ValidatingInvocation.proceed(InvocationInterceptorChain.java:131)
	at org.junit.jupiter.api.extension.InvocationInterceptor.interceptTestMethod(InvocationInterceptor.java:117)
	at org.junit.jupiter.engine.e**cution.E**cutableInvoker$ReflectiveInterceptorCall.lambda$ofVoidMethod$0(E**cutableInvoker.java:115)
	at org.junit.jupiter.engine.e**cution.E**cutableInvoker.lambda$invoke$0(E**cutableInvoker.java:105)
	at org.junit.jupiter.engine.e**cution.InvocationInterceptorChain$InterceptedInvocation.proceed(InvocationInterceptorChain.java:106)
	at org.junit.jupiter.engine.extension.TimeoutExtension.intercept(TimeoutExtension.java:149)
	at org.junit.jupiter.engine.extension.TimeoutExtension.interceptTestableMethod(TimeoutExtension.java:140)
	at org.junit.jupiter.engine.extension.TimeoutExtension.interceptTestMethod(TimeoutExtension.java:84)
	at org.junit.jupiter.engine.e**cution.E**cutableInvoker$ReflectiveInterceptorCall.lambda$ofVoidMethod$0(E**cutableInvoker.java:115)
	at org.junit.jupiter.engine.e**cution.E**cutableInvoker.lambda$invoke$0(E**cutableInvoker.java:105)
	at org.junit.jupiter.engine.e**cution.InvocationInterceptorChain$InterceptedInvocation.proceed(InvocationInterceptorChain.java:106)
	at org.junit.jupiter.engine.e**cution.InvocationInterceptorChain.proceed(InvocationInterceptorChain.java:64)
	at org.junit.jupiter.engine.e**cution.InvocationInterceptorChain.chainAndInvoke(InvocationInterceptorChain.java:45)
	at org.junit.jupiter.engine.e**cution.InvocationInterceptorChain.invoke(InvocationInterceptorChain.java:37)
	at org.junit.jupiter.engine.e**cution.E**cutableInvoker.invoke(E**cutableInvoker.java:104)
	at org.junit.jupiter.engine.e**cution.E**cutableInvoker.invoke(E**cutableInvoker.java:98)
	at org.junit.jupiter.engine.descriptor.TestMethodTestDescriptor.lambda$invokeTestMethod$6(TestMethodTestDescriptor.java:210)
	at org.junit.platform.engine.support.hierarchical.ThrowableCollector.e**cute(ThrowableCollector.java:73)
	at org.junit.jupiter.engine.descriptor.TestMethodTestDescriptor.invokeTestMethod(TestMethodTestDescriptor.java:206)
	at org.junit.jupiter.engine.descriptor.TestMethodTestDescriptor.e**cute(TestMethodTestDescriptor.java:131)
	at org.junit.jupiter.engine.descriptor.TestMethodTestDescriptor.e**cute(TestMethodTestDescriptor.java:65)
	at org.junit.platform.engine.support.hierarchical.NodeTestTask.lambda$e**cuteRecursively$5(NodeTestTask.java:139)
	at org.junit.platform.engine.support.hierarchical.ThrowableCollector.e**cute(ThrowableCollector.java:73)
	at org.junit.platform.engine.support.hierarchical.NodeTestTask.lambda$e**cuteRecursively$7(NodeTestTask.java:129)
	at org.junit.platform.engine.support.hierarchical.Node.around(Node.java:137)
	at org.junit.platform.engine.support.hierarchical.NodeTestTask.lambda$e**cuteRecursively$8(NodeTestTask.java:127)
	at org.junit.platform.engine.support.hierarchical.ThrowableCollector.e**cute(ThrowableCollector.java:73)
	at org.junit.platform.engine.support.hierarchical.NodeTestTask.e**cuteRecursively(NodeTestTask.java:126)
	at org.junit.platform.engine.support.hierarchical.NodeTestTask.e**cute(NodeTestTask.java:84)
	at org.junit.platform.engine.support.hierarchical.ForkJoinPoolHierarchicalTestE**cutorService$ExclusiveTask.compute(ForkJoinPoolHierarchicalTestE**cutorService.java:185)
	at org.junit.platform.engine.support.hierarchical.ForkJoinPoolHierarchicalTestE**cutorService.e**cuteNonConcurrentTasks(ForkJoinPoolHierarchicalTestE**cutorService.java:155)
	at org.junit.platform.engine.support.hierarchical.ForkJoinPoolHierarchicalTestE**cutorService.invokeAll(ForkJoinPoolHierarchicalTestE**cutorService.java:135)
	at org.junit.platform.engine.support.hierarchical.NodeTestTask.lambda$e**cuteRecursively$5(NodeTestTask.java:143)
	at org.junit.platform.engine.support.hierarchical.ThrowableCollector.e**cute(ThrowableCollector.java:73)
	at org.junit.platform.engine.support.hierarchical.NodeTestTask.lambda$e**cuteRecursively$7(NodeTestTask.java:129)
	at org.junit.platform.engine.support.hierarchical.Node.around(Node.java:137)
	at org.junit.platform.engine.support.hierarchical.NodeTestTask.lambda$e**cuteRecursively$8(NodeTestTask.java:127)
	at org.junit.platform.engine.support.hierarchical.ThrowableCollector.e**cute(ThrowableCollector.java:73)
	at org.junit.platform.engine.support.hierarchical.NodeTestTask.e**cuteRecursively(NodeTestTask.java:126)
	at org.junit.platform.engine.support.hierarchical.NodeTestTask.e**cute(NodeTestTask.java:84)
	at org.junit.platform.engine.support.hierarchical.ForkJoinPoolHierarchicalTestE**cutorService$ExclusiveTask.compute(ForkJoinPoolHierarchicalTestE**cutorService.java:185)
	at org.junit.platform.engine.support.hierarchical.ForkJoinPoolHierarchicalTestE**cutorService.e**cuteNonConcurrentTasks(ForkJoinPoolHierarchicalTestE**cutorService.java:155)
	at org.junit.platform.engine.support.hierarchical.ForkJoinPoolHierarchicalTestE**cutorService.invokeAll(ForkJoinPoolHierarchicalTestE**cutorService.java:135)
	at org.junit.platform.engine.support.hierarchical.NodeTestTask.lambda$e**cuteRecursively$5(NodeTestTask.java:143)
	at org.junit.platform.engine.support.hierarchical.ThrowableCollector.e**cute(ThrowableCollector.java:73)
	at org.junit.platform.engine.support.hierarchical.NodeTestTask.lambda$e**cuteRecursively$7(NodeTestTask.java:129)
	at org.junit.platform.engine.support.hierarchical.Node.around(Node.java:137)
	at org.junit.platform.engine.support.hierarchical.NodeTestTask.lambda$e**cuteRecursively$8(NodeTestTask.java:127)
	at org.junit.platform.engine.support.hierarchical.ThrowableCollector.e**cute(ThrowableCollector.java:73)
	at org.junit.platform.engine.support.hierarchical.NodeTestTask.e**cuteRecursively(NodeTestTask.java:126)
	at org.junit.platform.engine.support.hierarchical.NodeTestTask.e**cute(NodeTestTask.java:84)
	at org.junit.platform.engine.support.hierarchical.ForkJoinPoolHierarchicalTestE**cutorService$ExclusiveTask.compute(ForkJoinPoolHierarchicalTestE**cutorService.java:185)
	at java.base/java.util.concurrent.RecursiveAction.e**c(RecursiveAction.java:189)
	at java.base/java.util.concurrent.ForkJoinTask.doE**c(ForkJoinTask.java:290)
	at java.base/java.util.concurrent.ForkJoinPool$WorkQueue.topLevelE**c(ForkJoinPool.java:1020)
	at java.base/java.util.concurrent.ForkJoinPool.scan(ForkJoinPool.java:1656)
	at java.base/java.util.concurrent.ForkJoinPool.runWorker(ForkJoinPool.java:1594)
	at java.base/java.util.concurrent.ForkJoinWorkerThread.run(ForkJoinWorkerThread.java:177)

picocli.CommandLine$E**cutionException: java.util.concurrent.TimeoutException
	at java.base/java.util.concurrent.FutureTask.get(FutureTask.java:204)
	at org.entando.kubernetes.controller.support.command.DeployCommand.lambda$e**cute$1(DeployCommand.java:113)
	at org.entando.kubernetes.controller.spi.common.ExceptionUtils.interruptionSafe(ExceptionUtils.java:96)
	at org.entando.kubernetes.controller.support.command.DeployCommand.e**cute(DeployCommand.java:113)
	at org.entando.kubernetes.controller.support.command.InProcessCommandStream.processDeployment(InProcessCommandStream.java:66)
	at org.entando.kubernetes.controller.support.command.InProcessCommandStream.process(InProcessCommandStream.java:48)
	at org.entando.kubernetes.test.common.ControllerTestHelper$AllureAttachingCommandStream.lambda$process$0(ControllerTestHelper.java:203)
	at io.qameta.allure.Allure.lambda$step$0(Allure.java:113)
	at io.qameta.allure.Allure.lambda$step$1(Allure.java:127)
	at io.qameta.allure.Allure.step(Allure.java:181)
	at io.qameta.allure.Allure.step(Allure.java:125)
	at io.qameta.allure.Allure.step(Allure.java:112)
	at org.entando.kubernetes.test.common.ControllerTestHelper$AllureAttachingCommandStream.process(ControllerTestHelper.java:201)
	at org.entando.kubernetes.controller.spi.command.SerializingDeploymentProcessor.processDeployable(SerializingDeploymentProcessor.java:37)
	at org.entando.kubernetes.fluentspi.ControllerFluent.run(ControllerFluent.java:49)
	at org.entando.kubernetes.test.common.ControllerTestHelper.runControllerAgainstCustomResource(ControllerTestHelper.java:121)
	at org.entando.kubernetes.controller.MinimalDeploymentTest.lambda$minimalDeploymentThatTimesOut$31(MinimalDeploymentTest.java:296)
	at org.assertj.core.api.ThrowableAssert.catchThrowable(ThrowableAssert.java:62)
	at org.assertj.core.api.AssertionsForClassTypes.catchThrowable(AssertionsForClassTypes.java:877)
	at org.assertj.core.api.Assertions.catchThrowable(Assertions.java:1306)
	at org.assertj.core.api.Assertions.assertThatThrownBy(Assertions.java:1178)
	at org.entando.kubernetes.controller.MinimalDeploymentTest.lambda$minimalDeploymentThatTimesOut$32(MinimalDeploymentTest.java:295)
	at io.qameta.allure.Allure.lambda$step$0(Allure.java:113)
	at io.qameta.allure.Allure.lambda$step$1(Allure.java:127)
	at io.qameta.allure.Allure.step(Allure.java:181)
	at io.qameta.allure.Allure.step(Allure.java:125)
	at io.qameta.allure.Allure.step(Allure.java:112)
	at org.entando.kubernetes.controller.MinimalDeploymentTest.minimalDeploymentThatTimesOut(MinimalDeploymentTest.java:294)
	at java.base/jdk.internal.reflect.NativeMethodAccessorImpl.invoke0(Native Method)
	at java.base/jdk.internal.reflect.NativeMethodAccessorImpl.invoke(NativeMethodAccessorImpl.java:62)
	at java.base/jdk.internal.reflect.DelegatingMethodAccessorImpl.invoke(DelegatingMethodAccessorImpl.java:43)
	at java.base/java.lang.reflect.Method.invoke(Method.java:566)
	at org.junit.platform.commons.util.ReflectionUtils.invokeMethod(ReflectionUtils.java:688)
	at org.junit.jupiter.engine.e**cution.MethodInvocation.proceed(MethodInvocation.java:60)
	at org.junit.jupiter.engine.e**cution.InvocationInterceptorChain$ValidatingInvocation.proceed(InvocationInterceptorChain.java:131)
	at org.junit.jupiter.api.extension.InvocationInterceptor.interceptTestMethod(InvocationInterceptor.java:117)
	at org.junit.jupiter.engine.e**cution.E**cutableInvoker$ReflectiveInterceptorCall.lambda$ofVoidMethod$0(E**cutableInvoker.java:115)
	at org.junit.jupiter.engine.e**cution.E**cutableInvoker.lambda$invoke$0(E**cutableInvoker.java:105)
	at org.junit.jupiter.engine.e**cution.InvocationInterceptorChain$InterceptedInvocation.proceed(InvocationInterceptorChain.java:106)
	at org.junit.jupiter.engine.extension.TimeoutExtension.intercept(TimeoutExtension.java:149)
	at org.junit.jupiter.engine.extension.TimeoutExtension.interceptTestableMethod(TimeoutExtension.java:140)
	at org.junit.jupiter.engine.extension.TimeoutExtension.interceptTestMethod(TimeoutExtension.java:84)
	at org.junit.jupiter.engine.e**cution.E**cutableInvoker$ReflectiveInterceptorCall.lambda$ofVoidMethod$0(E**cutableInvoker.java:115)
	at org.junit.jupiter.engine.e**cution.E**cutableInvoker.lambda$invoke$0(E**cutableInvoker.java:105)
	at org.junit.jupiter.engine.e**cution.InvocationInterceptorChain$InterceptedInvocation.proceed(InvocationInterceptorChain.java:106)
	at org.junit.jupiter.engine.e**cution.InvocationInterceptorChain.proceed(InvocationInterceptorChain.java:64)
	at org.junit.jupiter.engine.e**cution.InvocationInterceptorChain.chainAndInvoke(InvocationInterceptorChain.java:45)
	at org.junit.jupiter.engine.e**cution.InvocationInterceptorChain.invoke(InvocationInterceptorChain.java:37)
	at org.junit.jupiter.engine.e**cution.E**cutableInvoker.invoke(E**cutableInvoker.java:104)
	at org.junit.jupiter.engine.e**cution.E**cutableInvoker.invoke(E**cutableInvoker.java:98)
	at org.junit.jupiter.engine.descriptor.TestMethodTestDescriptor.lambda$invokeTestMethod$6(TestMethodTestDescriptor.java:210)
	at org.junit.platform.engine.support.hierarchical.ThrowableCollector.e**cute(ThrowableCollector.java:73)
	at org.junit.jupiter.engine.descriptor.TestMethodTestDescriptor.invokeTestMethod(TestMethodTestDescriptor.java:206)
	at org.junit.jupiter.engine.descriptor.TestMethodTestDescriptor.e**cute(TestMethodTestDescriptor.java:131)
	at org.junit.jupiter.engine.descriptor.TestMethodTestDescriptor.e**cute(TestMethodTestDescriptor.java:65)
	at org.junit.platform.engine.support.hierarchical.NodeTestTask.lambda$e**cuteRecursively$5(NodeTestTask.java:139)
	at org.junit.platform.engine.support.hierarchical.ThrowableCollector.e**cute(ThrowableCollector.java:73)
	at org.junit.platform.engine.support.hierarchical.NodeTestTask.lambda$e**cuteRecursively$7(NodeTestTask.java:129)
	at org.junit.platform.engine.support.hierarchical.Node.around(Node.java:137)
	at org.junit.platform.engine.support.hierarchical.NodeTestTask.lambda$e**cuteRecursively$8(NodeTestTask.java:127)
	at org.junit.platform.engine.support.hierarchical.ThrowableCollector.e**cute(ThrowableCollector.java:73)
	at org.junit.platform.engine.support.hierarchical.NodeTestTask.e**cuteRecursively(NodeTestTask.java:126)
	at org.junit.platform.engine.support.hierarchical.NodeTestTask.e**cute(NodeTestTask.java:84)
	at org.junit.platform.engine.support.hierarchical.ForkJoinPoolHierarchicalTestE**cutorService$ExclusiveTask.compute(ForkJoinPoolHierarchicalTestE**cutorService.java:185)
	at org.junit.platform.engine.support.hierarchical.ForkJoinPoolHierarchicalTestE**cutorService.e**cuteNonConcurrentTasks(ForkJoinPoolHierarchicalTestE**cutorService.java:155)
	at org.junit.platform.engine.support.hierarchical.ForkJoinPoolHierarchicalTestE**cutorService.invokeAll(ForkJoinPoolHierarchicalTestE**cutorService.java:135)
	at org.junit.platform.engine.support.hierarchical.NodeTestTask.lambda$e**cuteRecursively$5(NodeTestTask.java:143)
	at org.junit.platform.engine.support.hierarchical.ThrowableCollector.e**cute(ThrowableCollector.java:73)
	at org.junit.platform.engine.support.hierarchical.NodeTestTask.lambda$e**cuteRecursively$7(NodeTestTask.java:129)
	at org.junit.platform.engine.support.hierarchical.Node.around(Node.java:137)
	at org.junit.platform.engine.support.hierarchical.NodeTestTask.lambda$e**cuteRecursively$8(NodeTestTask.java:127)
	at org.junit.platform.engine.support.hierarchical.ThrowableCollector.e**cute(ThrowableCollector.java:73)
	at org.junit.platform.engine.support.hierarchical.NodeTestTask.e**cuteRecursively(NodeTestTask.java:126)
	at org.junit.platform.engine.support.hierarchical.NodeTestTask.e**cute(NodeTestTask.java:84)
	at org.junit.platform.engine.support.hierarchical.ForkJoinPoolHierarchicalTestE**cutorService$ExclusiveTask.compute(ForkJoinPoolHierarchicalTestE**cutorService.java:185)
	at org.junit.platform.engine.support.hierarchical.ForkJoinPoolHierarchicalTestE**cutorService.e**cuteNonConcurrentTasks(ForkJoinPoolHierarchicalTestE**cutorService.java:155)
	at org.junit.platform.engine.support.hierarchical.ForkJoinPoolHierarchicalTestE**cutorService.invokeAll(ForkJoinPoolHierarchicalTestE**cutorService.java:135)
	at org.junit.platform.engine.support.hierarchical.NodeTestTask.lambda$e**cuteRecursively$5(NodeTestTask.java:143)
	at org.junit.platform.engine.support.hierarchical.ThrowableCollector.e**cute(ThrowableCollector.java:73)
	at org.junit.platform.engine.support.hierarchical.NodeTestTask.lambda$e**cuteRecursively$7(NodeTestTask.java:129)
	at org.junit.platform.engine.support.hierarchical.Node.around(Node.java:137)
	at org.junit.platform.engine.support.hierarchical.NodeTestTask.lambda$e**cuteRecursively$8(NodeTestTask.java:127)
	at org.junit.platform.engine.support.hierarchical.ThrowableCollector.e**cute(ThrowableCollector.java:73)
	at org.junit.platform.engine.support.hierarchical.NodeTestTask.e**cuteRecursively(NodeTestTask.java:126)
	at org.junit.platform.engine.support.hierarchical.NodeTestTask.e**cute(NodeTestTask.java:84)
	at org.junit.platform.engine.support.hierarchical.ForkJoinPoolHierarchicalTestE**cutorService$ExclusiveTask.compute(ForkJoinPoolHierarchicalTestE**cutorService.java:185)
	at java.base/java.util.concurrent.RecursiveAction.e**c(RecursiveAction.java:189)
	at java.base/java.util.concurrent.ForkJoinTask.doE**c(ForkJoinTask.java:290)
	at java.base/java.util.concurrent.ForkJoinPool$WorkQueue.topLevelE**c(ForkJoinPool.java:1020)
	at java.base/java.util.concurrent.ForkJoinPool.scan(ForkJoinPool.java:1656)
	at java.base/java.util.concurrent.ForkJoinPool.runWorker(ForkJoinPool.java:1594)
	at java.base/java.util.concurrent.ForkJoinWorkerThread.run(ForkJoinWorkerThread.java:177)

	at org.entando.kubernetes.fluentspi.ControllerFluent.run(ControllerFluent.java:64)
	at org.entando.kubernetes.test.common.ControllerTestHelper.runControllerAgainstCustomResource(ControllerTestHelper.java:121)
	at org.entando.kubernetes.controller.MinimalDeploymentTest.lambda$minimalDeploymentThatTimesOut$31(MinimalDeploymentTest.java:296)
	at org.assertj.core.api.ThrowableAssert.catchThrowable(ThrowableAssert.java:62)
	at org.assertj.core.api.AssertionsForClassTypes.catchThrowable(AssertionsForClassTypes.java:877)
	at org.assertj.core.api.Assertions.catchThrowable(Assertions.java:1306)
	at org.assertj.core.api.Assertions.assertThatThrownBy(Assertions.java:1178)
	at org.entando.kubernetes.controller.MinimalDeploymentTest.lambda$minimalDeploymentThatTimesOut$32(MinimalDeploymentTest.java:295)
	at io.qameta.allure.Allure.lambda$step$0(Allure.java:113)
	at io.qameta.allure.Allure.lambda$step$1(Allure.java:127)
	at io.qameta.allure.Allure.step(Allure.java:181)
	at io.qameta.allure.Allure.step(Allure.java:125)
	at io.qameta.allure.Allure.step(Allure.java:112)
	at org.entando.kubernetes.controller.MinimalDeploymentTest.minimalDeploymentThatTimesOut(MinimalDeploymentTest.java:294)
	at java.base/jdk.internal.reflect.NativeMethodAccessorImpl.invoke0(Native Method)
	at java.base/jdk.internal.reflect.NativeMethodAccessorImpl.invoke(NativeMethodAccessorImpl.java:62)
	at java.base/jdk.internal.reflect.DelegatingMethodAccessorImpl.invoke(DelegatingMethodAccessorImpl.java:43)
	at java.base/java.lang.reflect.Method.invoke(Method.java:566)
	at org.junit.platform.commons.util.ReflectionUtils.invokeMethod(ReflectionUtils.java:688)
	at org.junit.jupiter.engine.e**cution.MethodInvocation.proceed(MethodInvocation.java:60)
	at org.junit.jupiter.engine.e**cution.InvocationInterceptorChain$ValidatingInvocation.proceed(InvocationInterceptorChain.java:131)
	at org.junit.jupiter.api.extension.InvocationInterceptor.interceptTestMethod(InvocationInterceptor.java:117)
	at org.junit.jupiter.engine.e**cution.E**cutableInvoker$ReflectiveInterceptorCall.lambda$ofVoidMethod$0(E**cutableInvoker.java:115)
	at org.junit.jupiter.engine.e**cution.E**cutableInvoker.lambda$invoke$0(E**cutableInvoker.java:105)
	at org.junit.jupiter.engine.e**cution.InvocationInterceptorChain$InterceptedInvocation.proceed(InvocationInterceptorChain.java:106)
	at org.junit.jupiter.engine.extension.TimeoutExtension.intercept(TimeoutExtension.java:149)
	at org.junit.jupiter.engine.extension.TimeoutExtension.interceptTestableMethod(TimeoutExtension.java:140)
	at org.junit.jupiter.engine.extension.TimeoutExtension.interceptTestMethod(TimeoutExtension.java:84)
	at org.junit.jupiter.engine.e**cution.E**cutableInvoker$ReflectiveInterceptorCall.lambda$ofVoidMethod$0(E**cutableInvoker.java:115)
	at org.junit.jupiter.engine.e**cution.E**cutableInvoker.lambda$invoke$0(E**cutableInvoker.java:105)
	at org.junit.jupiter.engine.e**cution.InvocationInterceptorChain$InterceptedInvocation.proceed(InvocationInterceptorChain.java:106)
	at org.junit.jupiter.engine.e**cution.InvocationInterceptorChain.proceed(InvocationInterceptorChain.java:64)
	at org.junit.jupiter.engine.e**cution.InvocationInterceptorChain.chainAndInvoke(InvocationInterceptorChain.java:45)
	at org.junit.jupiter.engine.e**cution.InvocationInterceptorChain.invoke(InvocationInterceptorChain.java:37)
	at org.junit.jupiter.engine.e**cution.E**cutableInvoker.invoke(E**cutableInvoker.java:104)
	at org.junit.jupiter.engine.e**cution.E**cutableInvoker.invoke(E**cutableInvoker.java:98)
	at org.junit.jupiter.engine.descriptor.TestMethodTestDescriptor.lambda$invokeTestMethod$6(TestMethodTestDescriptor.java:210)
	at org.junit.platform.engine.support.hierarchical.ThrowableCollector.e**cute(ThrowableCollector.java:73)
	at org.junit.jupiter.engine.descriptor.TestMethodTestDescriptor.invokeTestMethod(TestMethodTestDescriptor.java:206)
	at org.junit.jupiter.engine.descriptor.TestMethodTestDescriptor.e**cute(TestMethodTestDescriptor.java:131)
	at org.junit.jupiter.engine.descriptor.TestMethodTestDescriptor.e**cute(TestMethodTestDescriptor.java:65)
	at org.junit.platform.engine.support.hierarchical.NodeTestTask.lambda$e**cuteRecursively$5(NodeTestTask.java:139)
	at org.junit.platform.engine.support.hierarchical.ThrowableCollector.e**cute(ThrowableCollector.java:73)
	at org.junit.platform.engine.support.hierarchical.NodeTestTask.lambda$e**cuteRecursively$7(NodeTestTask.java:129)
	at org.junit.platform.engine.support.hierarchical.Node.around(Node.java:137)
	at org.junit.platform.engine.support.hierarchical.NodeTestTask.lambda$e**cuteRecursively$8(NodeTestTask.java:127)
	at org.junit.platform.engine.support.hierarchical.ThrowableCollector.e**cute(ThrowableCollector.java:73)
	at org.junit.platform.engine.support.hierarchical.NodeTestTask.e**cuteRecursively(NodeTestTask.java:126)
	at org.junit.platform.engine.support.hierarchical.NodeTestTask.e**cute(NodeTestTask.java:84)
	at org.junit.platform.engine.support.hierarchical.ForkJoinPoolHierarchicalTestE**cutorService$ExclusiveTask.compute(ForkJoinPoolHierarchicalTestE**cutorService.java:185)
	at org.junit.platform.engine.support.hierarchical.ForkJoinPoolHierarchicalTestE**cutorService.e**cuteNonConcurrentTasks(ForkJoinPoolHierarchicalTestE**cutorService.java:155)
	at org.junit.platform.engine.support.hierarchical.ForkJoinPoolHierarchicalTestE**cutorService.invokeAll(ForkJoinPoolHierarchicalTestE**cutorService.java:135)
	at org.junit.platform.engine.support.hierarchical.NodeTestTask.lambda$e**cuteRecursively$5(NodeTestTask.java:143)
	at org.junit.platform.engine.support.hierarchical.ThrowableCollector.e**cute(ThrowableCollector.java:73)
	at org.junit.platform.engine.support.hierarchical.NodeTestTask.lambda$e**cuteRecursively$7(NodeTestTask.java:129)
	at org.junit.platform.engine.support.hierarchical.Node.around(Node.java:137)
	at org.junit.platform.engine.support.hierarchical.NodeTestTask.lambda$e**cuteRecursively$8(NodeTestTask.java:127)
	at org.junit.platform.engine.support.hierarchical.ThrowableCollector.e**cute(ThrowableCollector.java:73)
	at org.junit.platform.engine.support.hierarchical.NodeTestTask.e**cuteRecursively(NodeTestTask.java:126)
	at org.junit.platform.engine.support.hierarchical.NodeTestTask.e**cute(NodeTestTask.java:84)
	at org.junit.platform.engine.support.hierarchical.ForkJoinPoolHierarchicalTestE**cutorService$ExclusiveTask.compute(ForkJoinPoolHierarchicalTestE**cutorService.java:185)
	at org.junit.platform.engine.support.hierarchical.ForkJoinPoolHierarchicalTestE**cutorService.e**cuteNonConcurrentTasks(ForkJoinPoolHierarchicalTestE**cutorService.java:155)
	at org.junit.platform.engine.support.hierarchical.ForkJoinPoolHierarchicalTestE**cutorService.invokeAll(ForkJoinPoolHierarchicalTestE**cutorService.java:135)
	at org.junit.platform.engine.support.hierarchical.NodeTestTask.lambda$e**cuteRecursively$5(NodeTestTask.java:143)
	at org.junit.platform.engine.support.hierarchical.ThrowableCollector.e**cute(ThrowableCollector.java:73)
	at org.junit.platform.engine.support.hierarchical.NodeTestTask.lambda$e**cuteRecursively$7(NodeTestTask.java:129)
	at org.junit.platform.engine.support.hierarchical.Node.around(Node.java:137)
	at org.junit.platform.engine.support.hierarchical.NodeTestTask.lambda$e**cuteRecursively$8(NodeTestTask.java:127)
	at org.junit.platform.engine.support.hierarchical.ThrowableCollector.e**cute(ThrowableCollector.java:73)
	at org.junit.platform.engine.support.hierarchical.NodeTestTask.e**cuteRecursively(NodeTestTask.java:126)
	at org.junit.platform.engine.support.hierarchical.NodeTestTask.e**cute(NodeTestTask.java:84)
	at org.junit.platform.engine.support.hierarchical.ForkJoinPoolHierarchicalTestE**cutorService$ExclusiveTask.compute(ForkJoinPoolHierarchicalTestE**cutorService.java:185)
	at java.base/java.util.concurrent.RecursiveAction.e**c(RecursiveAction.java:189)
	at java.base/java.util.concurrent.ForkJoinTask.doE**c(ForkJoinTask.java:290)
	at java.base/java.util.concurrent.ForkJoinPool$WorkQueue.topLevelE**c(ForkJoinPool.java:1020)
	at java.base/java.util.concurrent.ForkJoinPool.scan(ForkJoinPool.java:1656)
	at java.base/java.util.concurrent.ForkJoinPool.runWorker(ForkJoinPool.java:1594)
	at java.base/java.util.concurrent.ForkJoinWorkerThread.run(ForkJoinWorkerThread.java:177)

Jul 20, 2021 8:03:06 AM org.entando.kubernetes.test.common.ControllerTestHelper runControllerAgainstCustomResource
WARNING: org.entando.kubernetes.controller.spi.common.EntandoControllerException: Deployment failed. Please inspect the logs of the pod my-namespace/my-app-deployment
	at org.entando.kubernetes.controller.support.command.DeployCommand.waitForPod(DeployCommand.java:196)
	at org.entando.kubernetes.controller.support.command.DeployCommand.deployServiceInternally(DeployCommand.java:152)
	at org.entando.kubernetes.controller.support.command.DeployCommand.lambda$e**cute$0(DeployCommand.java:108)
	at java.base/java.util.concurrent.FutureTask.run(FutureTask.java:264)
	at java.base/java.util.concurrent.ThreadPoolE**cutor.runWorker(ThreadPoolE**cutor.java:1128)
	at java.base/java.util.concurrent.ThreadPoolE**cutor$Worker.run(ThreadPoolE**cutor.java:628)
	at java.base/java.lang.Thread.run(Thread.java:834)

picocli.CommandLine$E**cutionException: org.entando.kubernetes.controller.spi.common.EntandoControllerException: Deployment failed. Please inspect the logs of the pod my-namespace/my-app-deployment
	at org.entando.kubernetes.controller.support.command.DeployCommand.waitForPod(DeployCommand.java:196)
	at org.entando.kubernetes.controller.support.command.DeployCommand.deployServiceInternally(DeployCommand.java:152)
	at org.entando.kubernetes.controller.support.command.DeployCommand.lambda$e**cute$0(DeployCommand.java:108)
	at java.base/java.util.concurrent.FutureTask.run(FutureTask.java:264)
	at java.base/java.util.concurrent.ThreadPoolE**cutor.runWorker(ThreadPoolE**cutor.java:1128)
	at java.base/java.util.concurrent.ThreadPoolE**cutor$Worker.run(ThreadPoolE**cutor.java:628)
	at java.base/java.lang.Thread.run(Thread.java:834)

	at org.entando.kubernetes.fluentspi.ControllerFluent.run(ControllerFluent.java:64)
	at org.entando.kubernetes.test.common.ControllerTestHelper.runControllerAgainstCustomResource(ControllerTestHelper.java:121)
	at org.entando.kubernetes.controller.MinimalDeploymentTest.lambda$minimalDeploymentThatFailsToStartSuccessfully$20(MinimalDeploymentTest.java:238)
	at org.assertj.core.api.ThrowableAssert.catchThrowable(ThrowableAssert.java:62)
	at org.assertj.core.api.AssertionsForClassTypes.catchThrowable(AssertionsForClassTypes.java:877)
	at org.assertj.core.api.Assertions.catchThrowable(Assertions.java:1306)
	at org.assertj.core.api.Assertions.assertThatThrownBy(Assertions.java:1178)
	at org.entando.kubernetes.controller.MinimalDeploymentTest.lambda$minimalDeploymentThatFailsToStartSuccessfully$21(MinimalDeploymentTest.java:237)
	at io.qameta.allure.Allure.lambda$step$0(Allure.java:113)
	at io.qameta.allure.Allure.lambda$step$1(Allure.java:127)
	at io.qameta.allure.Allure.step(Allure.java:181)
	at io.qameta.allure.Allure.step(Allure.java:125)
	at io.qameta.allure.Allure.step(Allure.java:112)
	at org.entando.kubernetes.controller.MinimalDeploymentTest.minimalDeploymentThatFailsToStartSuccessfully(MinimalDeploymentTest.java:236)
	at java.base/jdk.internal.reflect.NativeMethodAccessorImpl.invoke0(Native Method)
	at java.base/jdk.internal.reflect.NativeMethodAccessorImpl.invoke(NativeMethodAccessorImpl.java:62)
	at java.base/jdk.internal.reflect.DelegatingMethodAccessorImpl.invoke(DelegatingMethodAccessorImpl.java:43)
	at java.base/java.lang.reflect.Method.invoke(Method.java:566)
	at org.junit.platform.commons.util.ReflectionUtils.invokeMethod(ReflectionUtils.java:688)
	at org.junit.jupiter.engine.e**cution.MethodInvocation.proceed(MethodInvocation.java:60)
	at org.junit.jupiter.engine.e**cution.InvocationInterceptorChain$ValidatingInvocation.proceed(InvocationInterceptorChain.java:131)
	at org.junit.jupiter.api.extension.InvocationInterceptor.interceptTestMethod(InvocationInterceptor.java:117)
	at org.junit.jupiter.engine.e**cution.E**cutableInvoker$ReflectiveInterceptorCall.lambda$ofVoidMethod$0(E**cutableInvoker.java:115)
	at org.junit.jupiter.engine.e**cution.E**cutableInvoker.lambda$invoke$0(E**cutableInvoker.java:105)
	at org.junit.jupiter.engine.e**cution.InvocationInterceptorChain$InterceptedInvocation.proceed(InvocationInterceptorChain.java:106)
	at org.junit.jupiter.engine.extension.TimeoutExtension.intercept(TimeoutExtension.java:149)
	at org.junit.jupiter.engine.extension.TimeoutExtension.interceptTestableMethod(TimeoutExtension.java:140)
	at org.junit.jupiter.engine.extension.TimeoutExtension.interceptTestMethod(TimeoutExtension.java:84)
	at org.junit.jupiter.engine.e**cution.E**cutableInvoker$ReflectiveInterceptorCall.lambda$ofVoidMethod$0(E**cutableInvoker.java:115)
	at org.junit.jupiter.engine.e**cution.E**cutableInvoker.lambda$invoke$0(E**cutableInvoker.java:105)
	at org.junit.jupiter.engine.e**cution.InvocationInterceptorChain$InterceptedInvocation.proceed(InvocationInterceptorChain.java:106)
	at org.junit.jupiter.engine.e**cution.InvocationInterceptorChain.proceed(InvocationInterceptorChain.java:64)
	at org.junit.jupiter.engine.e**cution.InvocationInterceptorChain.chainAndInvoke(InvocationInterceptorChain.java:45)
	at org.junit.jupiter.engine.e**cution.InvocationInterceptorChain.invoke(InvocationInterceptorChain.java:37)
	at org.junit.jupiter.engine.e**cution.E**cutableInvoker.invoke(E**cutableInvoker.java:104)
	at org.junit.jupiter.engine.e**cution.E**cutableInvoker.invoke(E**cutableInvoker.java:98)
	at org.junit.jupiter.engine.descriptor.TestMethodTestDescriptor.lambda$invokeTestMethod$6(TestMethodTestDescriptor.java:210)
	at org.junit.platform.engine.support.hierarchical.ThrowableCollector.e**cute(ThrowableCollector.java:73)
	at org.junit.jupiter.engine.descriptor.TestMethodTestDescriptor.invokeTestMethod(TestMethodTestDescriptor.java:206)
	at org.junit.jupiter.engine.descriptor.TestMethodTestDescriptor.e**cute(TestMethodTestDescriptor.java:131)
	at org.junit.jupiter.engine.descriptor.TestMethodTestDescriptor.e**cute(TestMethodTestDescriptor.java:65)
	at org.junit.platform.engine.support.hierarchical.NodeTestTask.lambda$e**cuteRecursively$5(NodeTestTask.java:139)
	at org.junit.platform.engine.support.hierarchical.ThrowableCollector.e**cute(ThrowableCollector.java:73)
	at org.junit.platform.engine.support.hierarchical.NodeTestTask.lambda$e**cuteRecursively$7(NodeTestTask.java:129)
	at org.junit.platform.engine.support.hierarchical.Node.around(Node.java:137)
	at org.junit.platform.engine.support.hierarchical.NodeTestTask.lambda$e**cuteRecursively$8(NodeTestTask.java:127)
	at org.junit.platform.engine.support.hierarchical.ThrowableCollector.e**cute(ThrowableCollector.java:73)
	at org.junit.platform.engine.support.hierarchical.NodeTestTask.e**cuteRecursively(NodeTestTask.java:126)
	at org.junit.platform.engine.support.hierarchical.NodeTestTask.e**cute(NodeTestTask.java:84)
	at org.junit.platform.engine.support.hierarchical.ForkJoinPoolHierarchicalTestE**cutorService$ExclusiveTask.compute(ForkJoinPoolHierarchicalTestE**cutorService.java:185)
	at org.junit.platform.engine.support.hierarchical.ForkJoinPoolHierarchicalTestE**cutorService.e**cuteNonConcurrentTasks(ForkJoinPoolHierarchicalTestE**cutorService.java:155)
	at org.junit.platform.engine.support.hierarchical.ForkJoinPoolHierarchicalTestE**cutorService.invokeAll(ForkJoinPoolHierarchicalTestE**cutorService.java:135)
	at org.junit.platform.engine.support.hierarchical.NodeTestTask.lambda$e**cuteRecursively$5(NodeTestTask.java:143)
	at org.junit.platform.engine.support.hierarchical.ThrowableCollector.e**cute(ThrowableCollector.java:73)
	at org.junit.platform.engine.support.hierarchical.NodeTestTask.lambda$e**cuteRecursively$7(NodeTestTask.java:129)
	at org.junit.platform.engine.support.hierarchical.Node.around(Node.java:137)
	at org.junit.platform.engine.support.hierarchical.NodeTestTask.lambda$e**cuteRecursively$8(NodeTestTask.java:127)
	at org.junit.platform.engine.support.hierarchical.ThrowableCollector.e**cute(ThrowableCollector.java:73)
	at org.junit.platform.engine.support.hierarchical.NodeTestTask.e**cuteRecursively(NodeTestTask.java:126)
	at org.junit.platform.engine.support.hierarchical.NodeTestTask.e**cute(NodeTestTask.java:84)
	at org.junit.platform.engine.support.hierarchical.ForkJoinPoolHierarchicalTestE**cutorService$ExclusiveTask.compute(ForkJoinPoolHierarchicalTestE**cutorService.java:185)
	at org.junit.platform.engine.support.hierarchical.ForkJoinPoolHierarchicalTestE**cutorService.e**cuteNonConcurrentTasks(ForkJoinPoolHierarchicalTestE**cutorService.java:155)
	at org.junit.platform.engine.support.hierarchical.ForkJoinPoolHierarchicalTestE**cutorService.invokeAll(ForkJoinPoolHierarchicalTestE**cutorService.java:135)
	at org.junit.platform.engine.support.hierarchical.NodeTestTask.lambda$e**cuteRecursively$5(NodeTestTask.java:143)
	at org.junit.platform.engine.support.hierarchical.ThrowableCollector.e**cute(ThrowableCollector.java:73)
	at org.junit.platform.engine.support.hierarchical.NodeTestTask.lambda$e**cuteRecursively$7(NodeTestTask.java:129)
	at org.junit.platform.engine.support.hierarchical.Node.around(Node.java:137)
	at org.junit.platform.engine.support.hierarchical.NodeTestTask.lambda$e**cuteRecursively$8(NodeTestTask.java:127)
	at org.junit.platform.engine.support.hierarchical.ThrowableCollector.e**cute(ThrowableCollector.java:73)
	at org.junit.platform.engine.support.hierarchical.NodeTestTask.e**cuteRecursively(NodeTestTask.java:126)
	at org.junit.platform.engine.support.hierarchical.NodeTestTask.e**cute(NodeTestTask.java:84)
	at org.junit.platform.engine.support.hierarchical.ForkJoinPoolHierarchicalTestE**cutorService$ExclusiveTask.compute(ForkJoinPoolHierarchicalTestE**cutorService.java:185)
	at java.base/java.util.concurrent.RecursiveAction.e**c(RecursiveAction.java:189)
	at java.base/java.util.concurrent.ForkJoinTask.doE**c(ForkJoinTask.java:290)
	at java.base/java.util.concurrent.ForkJoinPool$WorkQueue.topLevelE**c(ForkJoinPool.java:1020)
	at java.base/java.util.concurrent.ForkJoinPool.scan(ForkJoinPool.java:1656)
	at java.base/java.util.concurrent.ForkJoinPool.runWorker(ForkJoinPool.java:1594)
	at java.base/java.util.concurrent.ForkJoinWorkerThread.run(ForkJoinWorkerThread.java:177)

[WARNING] Tests run: 6, Failures: 0, Errors: 0, Skipped: 1, Time elapsed: 2.382 s - in org.entando.kubernetes.controller.MinimalDeploymentTest
[INFO] Running org.entando.kubernetes.controller.ExampleCapabilityTest
[INFO] Tests run: 2, Failures: 0, Errors: 0, Skipped: 0, Time elapsed: 0.909 s - in org.entando.kubernetes.controller.ExampleCapabilityTest
[INFO] Running org.entando.kubernetes.controller.support.client.impl.DefaultSecretClientTest
Jul 20, 2021 8:03:10 AM org.entando.kubernetes.controller.support.client.SecretClient createSecretIfAbsent
INFO: Entering method createSecretIfAbsent in class org.entando.kubernetes.controller.support.client.SecretClient with TestResource: entando-k8s-operator-common-cmpr61-test1/my-app and with Secret: entando-k8s-operator-common-cmpr61-test1/my-local-secret
Jul 20, 2021 8:03:10 AM org.entando.kubernetes.controller.support.client.SecretClient createSecretIfAbsent
INFO: Exiting method createSecretIfAbsent in class org.entando.kubernetes.controller.support.client.SecretClient
Jul 20, 2021 8:03:10 AM org.entando.kubernetes.controller.support.client.SecretClient createSecretIfAbsent
INFO: Entering method createSecretIfAbsent in class org.entando.kubernetes.controller.support.client.SecretClient with TestResource: entando-k8s-operator-common-cmpr61-test1/my-app and with Secret: entando-k8s-operator-common-cmpr61-test1/my-local-secret
Jul 20, 2021 8:03:10 AM org.entando.kubernetes.controller.support.client.SecretClient createSecretIfAbsent
INFO: Exiting method createSecretIfAbsent in class org.entando.kubernetes.controller.support.client.SecretClient
Jul 20, 2021 8:03:10 AM org.entando.kubernetes.controller.support.client.SecretClient loadSecret
INFO: Entering method loadSecret in class org.entando.kubernetes.controller.support.client.SecretClient with TestResource: entando-k8s-operator-common-cmpr61-test1/my-app
Jul 20, 2021 8:03:10 AM org.entando.kubernetes.controller.support.client.SecretClient loadSecret
INFO: Exiting method loadSecret in class org.entando.kubernetes.controller.support.client.SecretClient
Jul 20, 2021 8:03:16 AM org.entando.kubernetes.controller.support.client.SecretClient overwriteControllerSecret
INFO: Entering method overwriteControllerSecret in class org.entando.kubernetes.controller.support.client.SecretClient with Secret: entando-k8s-operator-common-cmpr61-test1/my-controller-secret
Jul 20, 2021 8:03:16 AM org.entando.kubernetes.controller.support.client.SecretClient overwriteControllerSecret
INFO: Exiting method overwriteControllerSecret in class org.entando.kubernetes.controller.support.client.SecretClient
Jul 20, 2021 8:03:16 AM org.entando.kubernetes.controller.support.client.SecretClient overwriteControllerSecret
INFO: Entering method overwriteControllerSecret in class org.entando.kubernetes.controller.support.client.SecretClient with Secret: **/my-controller-secret
Jul 20, 2021 8:03:16 AM org.entando.kubernetes.controller.support.client.SecretClient overwriteControllerSecret
INFO: Exiting method overwriteControllerSecret in class org.entando.kubernetes.controller.support.client.SecretClient
Jul 20, 2021 8:03:16 AM org.entando.kubernetes.controller.support.client.SecretClient loadControllerSecret
INFO: Entering method loadControllerSecret in class org.entando.kubernetes.controller.support.client.SecretClient with my-controller-secret
Jul 20, 2021 8:03:16 AM org.entando.kubernetes.controller.support.client.SecretClient loadControllerSecret
INFO: Exiting method loadControllerSecret in class org.entando.kubernetes.controller.support.client.SecretClient
Jul 20, 2021 8:03:21 AM org.entando.kubernetes.controller.support.client.SecretClient createConfigMapIfAbsent
INFO: Entering method createConfigMapIfAbsent in class org.entando.kubernetes.controller.support.client.SecretClient with TestResource: entando-k8s-operator-common-cmpr61-test1/my-app and with ConfigMap: entando-k8s-operator-common-cmpr61-test1/my-local-configmap
Jul 20, 2021 8:03:22 AM org.entando.kubernetes.controller.support.client.SecretClient createConfigMapIfAbsent
INFO: Exiting method createConfigMapIfAbsent in class org.entando.kubernetes.controller.support.client.SecretClient
Jul 20, 2021 8:03:22 AM org.entando.kubernetes.controller.support.client.SecretClient createConfigMapIfAbsent
INFO: Entering method createConfigMapIfAbsent in class org.entando.kubernetes.controller.support.client.SecretClient with TestResource: entando-k8s-operator-common-cmpr61-test1/my-app and with ConfigMap: entando-k8s-operator-common-cmpr61-test1/my-local-configmap
Jul 20, 2021 8:03:22 AM org.entando.kubernetes.controller.support.client.SecretClient createConfigMapIfAbsent
INFO: Exiting method createConfigMapIfAbsent in class org.entando.kubernetes.controller.support.client.SecretClient
Jul 20, 2021 8:03:22 AM org.entando.kubernetes.controller.support.client.SecretClient loadConfigMap
INFO: Entering method loadConfigMap in class org.entando.kubernetes.controller.support.client.SecretClient with TestResource: entando-k8s-operator-common-cmpr61-test1/my-app
Jul 20, 2021 8:03:22 AM org.entando.kubernetes.controller.support.client.SecretClient loadConfigMap
INFO: Exiting method loadConfigMap in class org.entando.kubernetes.controller.support.client.SecretClient
Jul 20, 2021 8:03:27 AM org.entando.kubernetes.controller.support.client.SecretClient overwriteControllerConfigMap
INFO: Entering method overwriteControllerConfigMap in class org.entando.kubernetes.controller.support.client.SecretClient with ConfigMap: null/test-map-can-delete-this
Jul 20, 2021 8:03:27 AM org.entando.kubernetes.controller.support.client.SecretClient overwriteControllerConfigMap
INFO: Exiting method overwriteControllerConfigMap in class org.entando.kubernetes.controller.support.client.SecretClient
Jul 20, 2021 8:03:27 AM org.entando.kubernetes.controller.support.client.SecretClient overwriteControllerConfigMap
INFO: Entering method overwriteControllerConfigMap in class org.entando.kubernetes.controller.support.client.SecretClient with ConfigMap: null/test-map-can-delete-this
Jul 20, 2021 8:03:27 AM org.entando.kubernetes.controller.support.client.SecretClient overwriteControllerConfigMap
INFO: Exiting method overwriteControllerConfigMap in class org.entando.kubernetes.controller.support.client.SecretClient
Jul 20, 2021 8:03:27 AM org.entando.kubernetes.controller.support.client.SecretClient loadControllerConfigMap
INFO: Entering method loadControllerConfigMap in class org.entando.kubernetes.controller.support.client.SecretClient with test-map-can-delete-this
Jul 20, 2021 8:03:27 AM org.entando.kubernetes.controller.support.client.SecretClient loadControllerConfigMap
INFO: Exiting method loadControllerConfigMap in class org.entando.kubernetes.controller.support.client.SecretClient
[INFO] Tests run: 4, Failures: 0, Errors: 0, Skipped: 0, Time elapsed: 19.081 s - in org.entando.kubernetes.controller.support.client.impl.DefaultSecretClientTest
[INFO] Running org.entando.kubernetes.controller.support.client.impl.DefaultIngressClientTest
Jul 20, 2021 8:03:33 AM org.entando.kubernetes.controller.support.client.IngressClient createIngress
INFO: Entering method createIngress in class org.entando.kubernetes.controller.support.client.IngressClient with TestResource: entando-k8s-operator-common-cmpr61-test1/my-app and with Ingress: null/my-ingress
Jul 20, 2021 8:03:33 AM org.entando.kubernetes.controller.support.client.IngressClient createIngress
INFO: Entering method createIngress in class org.entando.kubernetes.controller.support.client.IngressClient with TestResource: entando-k8s-operator-common-cmpr61-test1/my-app and with Ingress: null/my-ingress
Jul 20, 2021 8:03:33 AM org.entando.kubernetes.controller.support.client.IngressClient createIngress
INFO: Entering method createIngress in class org.entando.kubernetes.controller.support.client.IngressClient with TestResource: entando-k8s-operator-common-cmpr61-test1/my-app and with Ingress: null/my-ingress
Jul 20, 2021 8:03:33 AM org.entando.kubernetes.controller.support.client.IngressClient createIngress
INFO: Entering method createIngress in class org.entando.kubernetes.controller.support.client.IngressClient with TestResource: entando-k8s-operator-common-cmpr61-test1/my-app and with Ingress: null/my-ingress
Jul 20, 2021 8:03:33 AM org.entando.kubernetes.controller.support.client.IngressClient createIngress
INFO: Entering method createIngress in class org.entando.kubernetes.controller.support.client.IngressClient with TestResource: entando-k8s-operator-common-cmpr61-test1/my-app and with Ingress: null/my-ingress
Jul 20, 2021 8:03:33 AM org.entando.kubernetes.controller.support.client.IngressClient createIngress
INFO: Entering method createIngress in class org.entando.kubernetes.controller.support.client.IngressClient with TestResource: entando-k8s-operator-common-cmpr61-test1/my-app and with Ingress: null/my-ingress
Jul 20, 2021 8:03:33 AM org.entando.kubernetes.controller.support.client.IngressClient createIngress
INFO: Entering method createIngress in class org.entando.kubernetes.controller.support.client.IngressClient with TestResource: entando-k8s-operator-common-cmpr61-test1/my-app and with Ingress: null/my-ingress
Jul 20, 2021 8:03:33 AM org.entando.kubernetes.controller.support.client.IngressClient createIngress
INFO: Entering method createIngress in class org.entando.kubernetes.controller.support.client.IngressClient with TestResource: entando-k8s-operator-common-cmpr61-test1/my-app and with Ingress: null/my-ingress
Jul 20, 2021 8:03:33 AM org.entando.kubernetes.controller.support.client.IngressClient createIngress
INFO: Entering method createIngress in class org.entando.kubernetes.controller.support.client.IngressClient with TestResource: entando-k8s-operator-common-cmpr61-test1/my-app and with Ingress: null/my-ingress
Jul 20, 2021 8:03:33 AM org.entando.kubernetes.controller.support.client.IngressClient createIngress
INFO: Entering method createIngress in class org.entando.kubernetes.controller.support.client.IngressClient with TestResource: entando-k8s-operator-common-cmpr61-test1/my-app and with Ingress: null/my-ingress
Jul 20, 2021 8:03:33 AM org.entando.kubernetes.controller.support.client.IngressClient createIngress
INFO: Exiting method createIngress in class org.entando.kubernetes.controller.support.client.IngressClient
Jul 20, 2021 8:03:33 AM org.entando.kubernetes.controller.support.client.IngressClient createIngress
INFO: Exiting method createIngress in class org.entando.kubernetes.controller.support.client.IngressClient
Jul 20, 2021 8:03:33 AM org.entando.kubernetes.controller.support.client.IngressClient createIngress
INFO: Exiting method createIngress in class org.entando.kubernetes.controller.support.client.IngressClient
Jul 20, 2021 8:03:33 AM org.entando.kubernetes.controller.support.client.IngressClient createIngress
INFO: Exiting method createIngress in class org.entando.kubernetes.controller.support.client.IngressClient
Jul 20, 2021 8:03:33 AM org.entando.kubernetes.controller.support.client.IngressClient createIngress
INFO: Exiting method createIngress in class org.entando.kubernetes.controller.support.client.IngressClient
Jul 20, 2021 8:03:33 AM org.entando.kubernetes.controller.support.client.IngressClient createIngress
INFO: Exiting method createIngress in class org.entando.kubernetes.controller.support.client.IngressClient
Jul 20, 2021 8:03:33 AM org.entando.kubernetes.controller.support.client.IngressClient createIngress
INFO: Exiting method createIngress in class org.entando.kubernetes.controller.support.client.IngressClient
Jul 20, 2021 8:03:33 AM org.entando.kubernetes.controller.support.client.IngressClient createIngress
INFO: Exiting method createIngress in class org.entando.kubernetes.controller.support.client.IngressClient
Jul 20, 2021 8:03:33 AM org.entando.kubernetes.controller.support.client.IngressClient createIngress
INFO: Exiting method createIngress in class org.entando.kubernetes.controller.support.client.IngressClient
Jul 20, 2021 8:03:33 AM org.entando.kubernetes.controller.support.client.IngressClient createIngress
INFO: Exiting method createIngress in class org.entando.kubernetes.controller.support.client.IngressClient
Jul 20, 2021 8:03:33 AM org.entando.kubernetes.controller.support.client.IngressClient loadIngress
INFO: Entering method loadIngress in class org.entando.kubernetes.controller.support.client.IngressClient with entando-k8s-operator-common-cmpr61-test1,my-ingress
Jul 20, 2021 8:03:33 AM org.entando.kubernetes.controller.support.client.IngressClient loadIngress
INFO: Exiting method loadIngress in class org.entando.kubernetes.controller.support.client.IngressClient
Jul 20, 2021 8:03:38 AM org.entando.kubernetes.controller.support.client.IngressClient createIngress
INFO: Entering method createIngress in class org.entando.kubernetes.controller.support.client.IngressClient with TestResource: entando-k8s-operator-common-cmpr61-test1/my-app and with Ingress: entando-k8s-operator-common-cmpr61-test1/my-ingress
Jul 20, 2021 8:03:38 AM org.entando.kubernetes.controller.support.client.IngressClient createIngress
INFO: Exiting method createIngress in class org.entando.kubernetes.controller.support.client.IngressClient
Jul 20, 2021 8:03:38 AM org.entando.kubernetes.controller.support.client.IngressClient addHttpPath
INFO: Entering method addHttpPath in class org.entando.kubernetes.controller.support.client.IngressClient with Ingress: entando-k8s-operator-common-cmpr61-test1/my-ingress
Jul 20, 2021 8:03:38 AM org.entando.kubernetes.controller.support.client.IngressClient addHttpPath
INFO: Exiting method addHttpPath in class org.entando.kubernetes.controller.support.client.IngressClient
Jul 20, 2021 8:03:38 AM org.entando.kubernetes.controller.support.client.IngressClient loadIngress
INFO: Entering method loadIngress in class org.entando.kubernetes.controller.support.client.IngressClient with entando-k8s-operator-common-cmpr61-test1,my-ingress
Jul 20, 2021 8:03:38 AM org.entando.kubernetes.controller.support.client.IngressClient loadIngress
INFO: Exiting method loadIngress in class org.entando.kubernetes.controller.support.client.IngressClient
Jul 20, 2021 8:03:44 AM org.entando.kubernetes.controller.support.client.IngressClient createIngress
INFO: Entering method createIngress in class org.entando.kubernetes.controller.support.client.IngressClient with TestResource: entando-k8s-operator-common-cmpr61-test1/my-app and with Ingress: entando-k8s-operator-common-cmpr61-test1/my-ingress
Jul 20, 2021 8:03:44 AM org.entando.kubernetes.controller.support.client.IngressClient createIngress
INFO: Exiting method createIngress in class org.entando.kubernetes.controller.support.client.IngressClient
Jul 20, 2021 8:03:44 AM org.entando.kubernetes.controller.support.client.IngressClient removeHttpPath
INFO: Entering method removeHttpPath in class org.entando.kubernetes.controller.support.client.IngressClient with Ingress: entando-k8s-operator-common-cmpr61-test1/my-ingress
Jul 20, 2021 8:03:44 AM org.entando.kubernetes.controller.support.client.IngressClient removeHttpPath
INFO: Exiting method removeHttpPath in class org.entando.kubernetes.controller.support.client.IngressClient
[ERROR] Tests run: 3, Failures: 1, Errors: 0, Skipped: 0, Time elapsed: 16.905 s <<< FAILURE! - in org.entando.kubernetes.controller.support.client.impl.DefaultIngressClientTest
[ERROR] shouldRemainConsistentWithManyThreads  Time elapsed: 6.092 s  <<< FAILURE!
java.lang.AssertionError: 

Expected: is <10>
     but: was <9>
	at org.entando.kubernetes.controller.support.client.impl.DefaultIngressClientTest.shouldRemainConsistentWithManyThreads(DefaultIngressClientTest.java:96)

[INFO] Running org.entando.kubernetes.controller.support.client.impl.DefaultKeycloakClientTest
[INFO] Tests run: 4, Failures: 0, Errors: 0, Skipped: 0, Time elapsed: 7.728 s - in org.entando.kubernetes.controller.support.client.impl.DefaultKeycloakClientTest
[INFO] Running org.entando.kubernetes.controller.support.client.impl.DefaultServiceAccountClientTest
Jul 20, 2021 8:03:58 AM org.entando.kubernetes.controller.support.client.ServiceAccountClient createRoleIfAbsent
INFO: Entering method createRoleIfAbsent in class org.entando.kubernetes.controller.support.client.ServiceAccountClient with TestResource: entando-k8s-operator-common-cmpr61-test1/my-app and with Role: entando-k8s-operator-common-cmpr61-test1/my-role
Jul 20, 2021 8:03:58 AM org.entando.kubernetes.controller.support.client.ServiceAccountClient createRoleIfAbsent
INFO: Exiting method createRoleIfAbsent in class org.entando.kubernetes.controller.support.client.ServiceAccountClient
Jul 20, 2021 8:03:58 AM org.entando.kubernetes.controller.support.client.ServiceAccountClient createRoleIfAbsent
INFO: Entering method createRoleIfAbsent in class org.entando.kubernetes.controller.support.client.ServiceAccountClient with TestResource: entando-k8s-operator-common-cmpr61-test1/my-app and with Role: entando-k8s-operator-common-cmpr61-test1/my-role
Jul 20, 2021 8:03:58 AM org.entando.kubernetes.controller.support.client.ServiceAccountClient createRoleIfAbsent
INFO: Exiting method createRoleIfAbsent in class org.entando.kubernetes.controller.support.client.ServiceAccountClient
Jul 20, 2021 8:03:58 AM org.entando.kubernetes.controller.support.client.ServiceAccountClient loadRole
INFO: Entering method loadRole in class org.entando.kubernetes.controller.support.client.ServiceAccountClient with TestResource: entando-k8s-operator-common-cmpr61-test1/my-app
Jul 20, 2021 8:03:58 AM org.entando.kubernetes.controller.support.client.ServiceAccountClient loadRole
INFO: Exiting method loadRole in class org.entando.kubernetes.controller.support.client.ServiceAccountClient
Jul 20, 2021 8:04:04 AM org.entando.kubernetes.controller.support.client.ServiceAccountClient findOrCreateServiceAccount
INFO: Entering method findOrCreateServiceAccount in class org.entando.kubernetes.controller.support.client.ServiceAccountClient with TestResource: entando-k8s-operator-common-cmpr61-test1/my-app
Jul 20, 2021 8:04:05 AM org.entando.kubernetes.controller.support.client.ServiceAccountClient findOrCreateServiceAccount
INFO: Exiting method findOrCreateServiceAccount in class org.entando.kubernetes.controller.support.client.ServiceAccountClient
Jul 20, 2021 8:04:05 AM org.entando.kubernetes.controller.support.client.ServiceAccountClient createRoleIfAbsent
INFO: Entering method createRoleIfAbsent in class org.entando.kubernetes.controller.support.client.ServiceAccountClient with TestResource: entando-k8s-operator-common-cmpr61-test1/my-app and with Role: entando-k8s-operator-common-cmpr61-test1/my-role
Jul 20, 2021 8:04:05 AM org.entando.kubernetes.controller.support.client.ServiceAccountClient createRoleIfAbsent
INFO: Exiting method createRoleIfAbsent in class org.entando.kubernetes.controller.support.client.ServiceAccountClient
Jul 20, 2021 8:04:05 AM org.entando.kubernetes.controller.support.client.ServiceAccountClient createRoleBindingIfAbsent
INFO: Entering method createRoleBindingIfAbsent in class org.entando.kubernetes.controller.support.client.ServiceAccountClient with TestResource: entando-k8s-operator-common-cmpr61-test1/my-app and with RoleBinding: entando-k8s-operator-common-cmpr61-test1/my-role-binding
Jul 20, 2021 8:04:05 AM org.entando.kubernetes.controller.support.client.ServiceAccountClient createRoleBindingIfAbsent
INFO: Exiting method createRoleBindingIfAbsent in class org.entando.kubernetes.controller.support.client.ServiceAccountClient
Jul 20, 2021 8:04:05 AM org.entando.kubernetes.controller.support.client.ServiceAccountClient createRoleBindingIfAbsent
INFO: Entering method createRoleBindingIfAbsent in class org.entando.kubernetes.controller.support.client.ServiceAccountClient with TestResource: entando-k8s-operator-common-cmpr61-test1/my-app and with RoleBinding: null/my-role-binding
Jul 20, 2021 8:04:05 AM org.entando.kubernetes.controller.support.client.ServiceAccountClient createRoleBindingIfAbsent
INFO: Exiting method createRoleBindingIfAbsent in class org.entando.kubernetes.controller.support.client.ServiceAccountClient
Jul 20, 2021 8:04:05 AM org.entando.kubernetes.controller.support.client.ServiceAccountClient loadRoleBinding
INFO: Entering method loadRoleBinding in class org.entando.kubernetes.controller.support.client.ServiceAccountClient with TestResource: entando-k8s-operator-common-cmpr61-test1/my-app
Jul 20, 2021 8:04:05 AM org.entando.kubernetes.controller.support.client.ServiceAccountClient loadRoleBinding
INFO: Exiting method loadRoleBinding in class org.entando.kubernetes.controller.support.client.ServiceAccountClient
Jul 20, 2021 8:04:10 AM org.entando.kubernetes.controller.support.client.ServiceAccountClient findOrCreateServiceAccount
INFO: Entering method findOrCreateServiceAccount in class org.entando.kubernetes.controller.support.client.ServiceAccountClient with TestResource: entando-k8s-operator-common-cmpr61-test1/my-app
Jul 20, 2021 8:04:10 AM org.entando.kubernetes.controller.support.client.ServiceAccountClient findOrCreateServiceAccount
INFO: Exiting method findOrCreateServiceAccount in class org.entando.kubernetes.controller.support.client.ServiceAccountClient
Jul 20, 2021 8:04:10 AM org.entando.kubernetes.controller.support.client.ServiceAccountClient findOrCreateServiceAccount
INFO: Entering method findOrCreateServiceAccount in class org.entando.kubernetes.controller.support.client.ServiceAccountClient with TestResource: entando-k8s-operator-common-cmpr61-test1/my-app
Jul 20, 2021 8:04:10 AM org.entando.kubernetes.controller.support.client.ServiceAccountClient findOrCreateServiceAccount
INFO: Exiting method findOrCreateServiceAccount in class org.entando.kubernetes.controller.support.client.ServiceAccountClient
[INFO] Tests run: 3, Failures: 0, Errors: 0, Skipped: 0, Time elapsed: 18.113 s - in org.entando.kubernetes.controller.support.client.impl.DefaultServiceAccountClientTest
[INFO] Running org.entando.kubernetes.controller.support.client.impl.DefaultPersistentVolumentClaimClientTest
Jul 20, 2021 8:04:16 AM org.entando.kubernetes.controller.support.client.PersistentVolumeClaimClient createPersistentVolumeClaimIfAbsent
INFO: Entering method createPersistentVolumeClaimIfAbsent in class org.entando.kubernetes.controller.support.client.PersistentVolumeClaimClient with TestResource: entando-k8s-operator-common-cmpr61-test1/my-app and with PersistentVolumeClaim: entando-k8s-operator-common-cmpr61-test1/my-pvc
Jul 20, 2021 8:04:16 AM org.entando.kubernetes.controller.support.client.PersistentVolumeClaimClient createPersistentVolumeClaimIfAbsent
INFO: Exiting method createPersistentVolumeClaimIfAbsent in class org.entando.kubernetes.controller.support.client.PersistentVolumeClaimClient
Jul 20, 2021 8:04:16 AM org.entando.kubernetes.controller.support.client.PersistentVolumeClaimClient createPersistentVolumeClaimIfAbsent
INFO: Entering method createPersistentVolumeClaimIfAbsent in class org.entando.kubernetes.controller.support.client.PersistentVolumeClaimClient with TestResource: entando-k8s-operator-common-cmpr61-test1/my-app and with PersistentVolumeClaim: entando-k8s-operator-common-cmpr61-test1/my-pvc
Jul 20, 2021 8:04:16 AM org.entando.kubernetes.controller.support.client.PersistentVolumeClaimClient createPersistentVolumeClaimIfAbsent
INFO: Exiting method createPersistentVolumeClaimIfAbsent in class org.entando.kubernetes.controller.support.client.PersistentVolumeClaimClient
Jul 20, 2021 8:04:16 AM org.entando.kubernetes.controller.support.client.PersistentVolumeClaimClient loadPersistentVolumeClaim
INFO: Entering method loadPersistentVolumeClaim in class org.entando.kubernetes.controller.support.client.PersistentVolumeClaimClient with TestResource: entando-k8s-operator-common-cmpr61-test1/my-app
Jul 20, 2021 8:04:16 AM org.entando.kubernetes.controller.support.client.PersistentVolumeClaimClient loadPersistentVolumeClaim
INFO: Exiting method loadPersistentVolumeClaim in class org.entando.kubernetes.controller.support.client.PersistentVolumeClaimClient
[INFO] Tests run: 1, Failures: 0, Errors: 0, Skipped: 0, Time elapsed: 5.582 s - in org.entando.kubernetes.controller.support.client.impl.DefaultPersistentVolumentClaimClientTest
[INFO] Running org.entando.kubernetes.controller.support.client.impl.DefaultDeploymentClientTest
Jul 20, 2021 8:04:30 AM org.entando.kubernetes.controller.support.client.DeploymentClient createOrPatchDeployment
INFO: Entering method createOrPatchDeployment in class org.entando.kubernetes.controller.support.client.DeploymentClient with TestResource: entando-k8s-operator-common-cmpr61-test1/my-app and with Deployment: entando-k8s-operator-common-cmpr61-test1/my-deployment
Jul 20, 2021 8:04:30 AM org.entando.kubernetes.controller.support.client.DeploymentClient createOrPatchDeployment
INFO: Exiting method createOrPatchDeployment in class org.entando.kubernetes.controller.support.client.DeploymentClient
Jul 20, 2021 8:04:30 AM org.entando.kubernetes.controller.support.client.DeploymentClient createOrPatchDeployment
INFO: Entering method createOrPatchDeployment in class org.entando.kubernetes.controller.support.client.DeploymentClient with TestResource: entando-k8s-operator-common-cmpr61-test1/my-app and with Deployment: entando-k8s-operator-common-cmpr61-test1/my-deployment
Jul 20, 2021 8:04:34 AM org.entando.kubernetes.controller.support.client.DeploymentClient createOrPatchDeployment
INFO: Exiting method createOrPatchDeployment in class org.entando.kubernetes.controller.support.client.DeploymentClient
Jul 20, 2021 8:04:34 AM org.entando.kubernetes.controller.support.client.DeploymentClient loadDeployment
INFO: Entering method loadDeployment in class org.entando.kubernetes.controller.support.client.DeploymentClient with TestResource: entando-k8s-operator-common-cmpr61-test1/my-app
Jul 20, 2021 8:04:34 AM org.entando.kubernetes.controller.support.client.DeploymentClient loadDeployment
INFO: Exiting method loadDeployment in class org.entando.kubernetes.controller.support.client.DeploymentClient
[INFO] Tests run: 1, Failures: 0, Errors: 0, Skipped: 0, Time elapsed: 18.374 s - in org.entando.kubernetes.controller.support.client.impl.DefaultDeploymentClientTest
[INFO] Running org.entando.kubernetes.controller.support.client.impl.DefaultCapabilityClientTest
Jul 20, 2021 8:04:52 AM org.entando.kubernetes.controller.spi.client.KubernetesClientForControllers createOrPatchEntandoResource
INFO: Entering method createOrPatchEntandoResource in class org.entando.kubernetes.controller.spi.client.KubernetesClientForControllers with ProvidedCapability: entando-k8s-operator-common-cmpr61-test1/my-capability1
Jul 20, 2021 8:04:52 AM org.entando.kubernetes.controller.spi.client.KubernetesClientForControllers createOrPatchEntandoResource
INFO: Exiting method createOrPatchEntandoResource in class org.entando.kubernetes.controller.spi.client.KubernetesClientForControllers
Jul 20, 2021 8:04:52 AM org.entando.kubernetes.controller.spi.client.KubernetesClientForControllers createOrPatchEntandoResource
INFO: Entering method createOrPatchEntandoResource in class org.entando.kubernetes.controller.spi.client.KubernetesClientForControllers with ProvidedCapability: entando-k8s-operator-common-cmpr61-test12/my-capability2
Jul 20, 2021 8:04:52 AM org.entando.kubernetes.controller.spi.client.KubernetesClientForControllers createOrPatchEntandoResource
INFO: Exiting method createOrPatchEntandoResource in class org.entando.kubernetes.controller.spi.client.KubernetesClientForControllers
Jul 20, 2021 8:04:52 AM org.entando.kubernetes.controller.support.client.ServiceAccountClient findOrCreateServiceAccount
INFO: Entering method findOrCreateServiceAccount in class org.entando.kubernetes.controller.support.client.ServiceAccountClient with ProvidedCapability: entando-k8s-operator-common-cmpr61-test1/my-capability1
Jul 20, 2021 8:04:52 AM org.entando.kubernetes.controller.support.client.ServiceAccountClient findOrCreateServiceAccount
INFO: Exiting method findOrCreateServiceAccount in class org.entando.kubernetes.controller.support.client.ServiceAccountClient
Jul 20, 2021 8:04:52 AM org.entando.kubernetes.controller.support.client.ServiceAccountClient createRoleBindingIfAbsent
INFO: Entering method createRoleBindingIfAbsent in class org.entando.kubernetes.controller.support.client.ServiceAccountClient with ProvidedCapability: entando-k8s-operator-common-cmpr61-test1/my-capability1 and with RoleBinding: null/test-account-entando-editor
Jul 20, 2021 8:04:52 AM org.entando.kubernetes.controller.support.client.ServiceAccountClient createRoleBindingIfAbsent
INFO: Exiting method createRoleBindingIfAbsent in class org.entando.kubernetes.controller.support.client.ServiceAccountClient
Jul 20, 2021 8:04:52 AM org.entando.kubernetes.controller.support.client.ServiceAccountClient createRoleBindingIfAbsent
INFO: Entering method createRoleBindingIfAbsent in class org.entando.kubernetes.controller.support.client.ServiceAccountClient with ProvidedCapability: entando-k8s-operator-common-cmpr61-test12/my-capability2 and with RoleBinding: null/test-account-entando-editor
Jul 20, 2021 8:04:52 AM org.entando.kubernetes.controller.support.client.ServiceAccountClient createRoleBindingIfAbsent
INFO: Exiting method createRoleBindingIfAbsent in class org.entando.kubernetes.controller.support.client.ServiceAccountClient
Jul 20, 2021 8:04:52 AM org.entando.kubernetes.controller.support.client.CapabilityClient providedCapabilityByLabels
INFO: Entering method providedCapabilityByLabels in class org.entando.kubernetes.controller.support.client.CapabilityClient with {my-label=value1}
Jul 20, 2021 8:04:53 AM org.entando.kubernetes.controller.support.client.CapabilityClient providedCapabilityByLabels
INFO: Exiting method providedCapabilityByLabels in class org.entando.kubernetes.controller.support.client.CapabilityClient
Jul 20, 2021 8:04:53 AM org.entando.kubernetes.controller.support.client.CapabilityClient providedCapabilityByLabels
INFO: Entering method providedCapabilityByLabels in class org.entando.kubernetes.controller.support.client.CapabilityClient with {my-label=value2}
Jul 20, 2021 8:04:53 AM org.entando.kubernetes.controller.support.client.CapabilityClient providedCapabilityByLabels
INFO: Exiting method providedCapabilityByLabels in class org.entando.kubernetes.controller.support.client.CapabilityClient
Jul 20, 2021 8:05:04 AM org.entando.kubernetes.controller.support.client.CapabilityClient createOrPatchCapability
INFO: Entering method createOrPatchCapability in class org.entando.kubernetes.controller.support.client.CapabilityClient with ProvidedCapability: entando-k8s-operator-common-cmpr61-test1/my-capability
Jul 20, 2021 8:05:05 AM org.entando.kubernetes.controller.support.client.CapabilityClient createOrPatchCapability
INFO: Exiting method createOrPatchCapability in class org.entando.kubernetes.controller.support.client.CapabilityClient
Jul 20, 2021 8:05:05 AM org.entando.kubernetes.controller.support.client.CapabilityClient waitForCapabilityCompletion
INFO: Entering method waitForCapabilityCompletion in class org.entando.kubernetes.controller.support.client.CapabilityClient with ProvidedCapability: entando-k8s-operator-common-cmpr61-test1/my-capability
Jul 20, 2021 8:05:07 AM org.entando.kubernetes.controller.spi.client.KubernetesClientForControllers load
INFO: Entering method load in class org.entando.kubernetes.controller.spi.client.KubernetesClientForControllers with class org.entando.kubernetes.model.capability.ProvidedCapability,entando-k8s-operator-common-cmpr61-test1,my-capability
Jul 20, 2021 8:05:07 AM org.entando.kubernetes.controller.spi.client.KubernetesClientForControllers load
INFO: Exiting method load in class org.entando.kubernetes.controller.spi.client.KubernetesClientForControllers
Jul 20, 2021 8:05:07 AM org.entando.kubernetes.controller.spi.client.KubernetesClientForControllers load
INFO: Entering method load in class org.entando.kubernetes.controller.spi.client.KubernetesClientForControllers with class org.entando.kubernetes.model.capability.ProvidedCapability,entando-k8s-operator-common-cmpr61-test1,my-capability
Jul 20, 2021 8:05:07 AM org.entando.kubernetes.controller.spi.client.KubernetesClientForControllers load
INFO: Exiting method load in class org.entando.kubernetes.controller.spi.client.KubernetesClientForControllers
Jul 20, 2021 8:05:07 AM org.entando.kubernetes.controller.spi.client.KubernetesClientForControllers getNamespace
INFO: Entering method getNamespace in class org.entando.kubernetes.controller.spi.client.KubernetesClientForControllers
Jul 20, 2021 8:05:07 AM org.entando.kubernetes.controller.spi.client.KubernetesClientForControllers getNamespace
INFO: Exiting method getNamespace in class org.entando.kubernetes.controller.spi.client.KubernetesClientForControllers
Jul 20, 2021 8:05:07 AM org.entando.kubernetes.controller.spi.client.KubernetesClientForControllers updateStatus
INFO: Entering method updateStatus in class org.entando.kubernetes.controller.spi.client.KubernetesClientForControllers with ProvidedCapability: entando-k8s-operator-common-cmpr61-test1/my-capability
Jul 20, 2021 8:05:07 AM org.entando.kubernetes.controller.spi.client.KubernetesClientForControllers updateStatus
INFO: Exiting method updateStatus in class org.entando.kubernetes.controller.spi.client.KubernetesClientForControllers
Jul 20, 2021 8:05:07 AM org.entando.kubernetes.controller.spi.client.KubernetesClientForControllers updatePhase
INFO: Entering method updatePhase in class org.entando.kubernetes.controller.spi.client.KubernetesClientForControllers with ProvidedCapability: entando-k8s-operator-common-cmpr61-test1/my-capability
Jul 20, 2021 8:05:07 AM org.entando.kubernetes.controller.spi.client.KubernetesClientForControllers updatePhase
INFO: Exiting method updatePhase in class org.entando.kubernetes.controller.spi.client.KubernetesClientForControllers
Jul 20, 2021 8:05:07 AM org.entando.kubernetes.controller.support.client.CapabilityClient waitForCapabilityCompletion
INFO: Exiting method waitForCapabilityCompletion in class org.entando.kubernetes.controller.support.client.CapabilityClient
Jul 20, 2021 8:05:19 AM org.entando.kubernetes.controller.spi.client.KubernetesClientForControllers createOrPatchEntandoResource
INFO: Entering method createOrPatchEntandoResource in class org.entando.kubernetes.controller.spi.client.KubernetesClientForControllers with ProvidedCapability: entando-k8s-operator-common-cmpr61-test1/my-capability1
Jul 20, 2021 8:05:19 AM org.entando.kubernetes.controller.spi.client.KubernetesClientForControllers createOrPatchEntandoResource
INFO: Exiting method createOrPatchEntandoResource in class org.entando.kubernetes.controller.spi.client.KubernetesClientForControllers
Jul 20, 2021 8:05:19 AM org.entando.kubernetes.controller.spi.client.KubernetesClientForControllers createOrPatchEntandoResource
INFO: Entering method createOrPatchEntandoResource in class org.entando.kubernetes.controller.spi.client.KubernetesClientForControllers with ProvidedCapability: entando-k8s-operator-common-cmpr61-test12/my-capability2
Jul 20, 2021 8:05:19 AM org.entando.kubernetes.controller.spi.client.KubernetesClientForControllers createOrPatchEntandoResource
INFO: Exiting method createOrPatchEntandoResource in class org.entando.kubernetes.controller.spi.client.KubernetesClientForControllers
Jul 20, 2021 8:05:19 AM org.entando.kubernetes.controller.support.client.ServiceAccountClient findOrCreateServiceAccount
INFO: Entering method findOrCreateServiceAccount in class org.entando.kubernetes.controller.support.client.ServiceAccountClient with ProvidedCapability: entando-k8s-operator-common-cmpr61-test1/my-capability1
Jul 20, 2021 8:05:19 AM org.entando.kubernetes.controller.support.client.ServiceAccountClient findOrCreateServiceAccount
INFO: Exiting method findOrCreateServiceAccount in class org.entando.kubernetes.controller.support.client.ServiceAccountClient
Jul 20, 2021 8:05:19 AM org.entando.kubernetes.controller.support.client.ServiceAccountClient createRoleBindingIfAbsent
INFO: Entering method createRoleBindingIfAbsent in class org.entando.kubernetes.controller.support.client.ServiceAccountClient with ProvidedCapability: entando-k8s-operator-common-cmpr61-test1/my-capability1 and with RoleBinding: null/test-account-entando-editor
Jul 20, 2021 8:05:19 AM org.entando.kubernetes.controller.support.client.ServiceAccountClient createRoleBindingIfAbsent
INFO: Exiting method createRoleBindingIfAbsent in class org.entando.kubernetes.controller.support.client.ServiceAccountClient
Jul 20, 2021 8:05:19 AM org.entando.kubernetes.controller.support.client.CapabilityClient providedCapabilityByLabels
INFO: Entering method providedCapabilityByLabels in class org.entando.kubernetes.controller.support.client.CapabilityClient with {my-label=value1}
Jul 20, 2021 8:05:19 AM org.entando.kubernetes.controller.support.client.CapabilityClient providedCapabilityByLabels
INFO: Exiting method providedCapabilityByLabels in class org.entando.kubernetes.controller.support.client.CapabilityClient
Jul 20, 2021 8:05:19 AM org.entando.kubernetes.controller.support.client.CapabilityClient providedCapabilityByLabels
INFO: Entering method providedCapabilityByLabels in class org.entando.kubernetes.controller.support.client.CapabilityClient with {my-label=value2}
Jul 20, 2021 8:05:19 AM org.entando.kubernetes.controller.support.client.CapabilityClient providedCapabilityByLabels
INFO: Exiting method providedCapabilityByLabels in class org.entando.kubernetes.controller.support.client.CapabilityClient
Jul 20, 2021 8:05:31 AM org.entando.kubernetes.controller.spi.client.KubernetesClientForControllers createOrPatchEntandoResource
INFO: Entering method createOrPatchEntandoResource in class org.entando.kubernetes.controller.spi.client.KubernetesClientForControllers with ProvidedCapability: entando-k8s-operator-common-cmpr61-test1/my-capability1
Jul 20, 2021 8:05:31 AM org.entando.kubernetes.controller.spi.client.KubernetesClientForControllers createOrPatchEntandoResource
INFO: Exiting method createOrPatchEntandoResource in class org.entando.kubernetes.controller.spi.client.KubernetesClientForControllers
Jul 20, 2021 8:05:31 AM org.entando.kubernetes.controller.spi.client.KubernetesClientForControllers createOrPatchEntandoResource
INFO: Entering method createOrPatchEntandoResource in class org.entando.kubernetes.controller.spi.client.KubernetesClientForControllers with ProvidedCapability: entando-k8s-operator-common-cmpr61-test12/my-capability2
Jul 20, 2021 8:05:31 AM org.entando.kubernetes.controller.spi.client.KubernetesClientForControllers createOrPatchEntandoResource
INFO: Exiting method createOrPatchEntandoResource in class org.entando.kubernetes.controller.spi.client.KubernetesClientForControllers
Jul 20, 2021 8:05:31 AM org.entando.kubernetes.controller.support.client.CapabilityClient providedCapabilityByLabels
INFO: Entering method providedCapabilityByLabels in class org.entando.kubernetes.controller.support.client.CapabilityClient with {my-label=value1}
Jul 20, 2021 8:05:31 AM org.entando.kubernetes.controller.support.client.CapabilityClient providedCapabilityByLabels
INFO: Exiting method providedCapabilityByLabels in class org.entando.kubernetes.controller.support.client.CapabilityClient
Jul 20, 2021 8:05:31 AM org.entando.kubernetes.controller.support.client.CapabilityClient providedCapabilityByLabels
INFO: Entering method providedCapabilityByLabels in class org.entando.kubernetes.controller.support.client.CapabilityClient with {my-label=value2}
Jul 20, 2021 8:05:31 AM org.entando.kubernetes.controller.support.client.CapabilityClient providedCapabilityByLabels
INFO: Exiting method providedCapabilityByLabels in class org.entando.kubernetes.controller.support.client.CapabilityClient
Jul 20, 2021 8:05:43 AM org.entando.kubernetes.controller.spi.client.KubernetesClientForControllers createOrPatchEntandoResource
INFO: Entering method createOrPatchEntandoResource in class org.entando.kubernetes.controller.spi.client.KubernetesClientForControllers with ProvidedCapability: entando-k8s-operator-common-cmpr61-test1/my-capability
Jul 20, 2021 8:05:43 AM org.entando.kubernetes.controller.spi.client.KubernetesClientForControllers createOrPatchEntandoResource
INFO: Exiting method createOrPatchEntandoResource in class org.entando.kubernetes.controller.spi.client.KubernetesClientForControllers
Jul 20, 2021 8:05:43 AM org.entando.kubernetes.controller.support.client.CapabilityClient providedCapabilityByName
INFO: Entering method providedCapabilityByName in class org.entando.kubernetes.controller.support.client.CapabilityClient with entando-k8s-operator-common-cmpr61-test1,my-capability
Jul 20, 2021 8:05:43 AM org.entando.kubernetes.controller.support.client.CapabilityClient providedCapabilityByName
INFO: Exiting method providedCapabilityByName in class org.entando.kubernetes.controller.support.client.CapabilityClient
Jul 20, 2021 8:05:55 AM org.entando.kubernetes.controller.spi.client.KubernetesClientForControllers createOrPatchEntandoResource
INFO: Entering method createOrPatchEntandoResource in class org.entando.kubernetes.controller.spi.client.KubernetesClientForControllers with ProvidedCapability: entando-k8s-operator-common-cmpr61-test1/my-capability1
Jul 20, 2021 8:05:55 AM org.entando.kubernetes.controller.spi.client.KubernetesClientForControllers createOrPatchEntandoResource
INFO: Exiting method createOrPatchEntandoResource in class org.entando.kubernetes.controller.spi.client.KubernetesClientForControllers
Jul 20, 2021 8:05:55 AM org.entando.kubernetes.controller.spi.client.KubernetesClientForControllers createOrPatchEntandoResource
INFO: Entering method createOrPatchEntandoResource in class org.entando.kubernetes.controller.spi.client.KubernetesClientForControllers with ProvidedCapability: entando-k8s-operator-common-cmpr61-test12/my-capability2
Jul 20, 2021 8:05:55 AM org.entando.kubernetes.controller.spi.client.KubernetesClientForControllers createOrPatchEntandoResource
INFO: Exiting method createOrPatchEntandoResource in class org.entando.kubernetes.controller.spi.client.KubernetesClientForControllers
Jul 20, 2021 8:05:55 AM org.entando.kubernetes.controller.support.client.CapabilityClient providedCapabilityByLabels
INFO: Entering method providedCapabilityByLabels in class org.entando.kubernetes.controller.support.client.CapabilityClient with entando-k8s-operator-common-cmpr61-test1,{my-label=value1}
Jul 20, 2021 8:05:55 AM org.entando.kubernetes.controller.support.client.CapabilityClient providedCapabilityByLabels
INFO: Exiting method providedCapabilityByLabels in class org.entando.kubernetes.controller.support.client.CapabilityClient
Jul 20, 2021 8:05:55 AM org.entando.kubernetes.controller.support.client.CapabilityClient providedCapabilityByLabels
INFO: Entering method providedCapabilityByLabels in class org.entando.kubernetes.controller.support.client.CapabilityClient with entando-k8s-operator-common-cmpr61-test1,{my-label=value2}
Jul 20, 2021 8:05:55 AM org.entando.kubernetes.controller.support.client.CapabilityClient providedCapabilityByLabels
INFO: Exiting method providedCapabilityByLabels in class org.entando.kubernetes.controller.support.client.CapabilityClient
Jul 20, 2021 8:06:08 AM org.entando.kubernetes.controller.spi.client.KubernetesClientForControllers createOrPatchEntandoResource
INFO: Entering method createOrPatchEntandoResource in class org.entando.kubernetes.controller.spi.client.KubernetesClientForControllers with ProvidedCapability: entando-k8s-operator-common-cmpr61-test1/my-capability
Jul 20, 2021 8:06:08 AM org.entando.kubernetes.controller.spi.client.KubernetesClientForControllers createOrPatchEntandoResource
INFO: Exiting method createOrPatchEntandoResource in class org.entando.kubernetes.controller.spi.client.KubernetesClientForControllers
Jul 20, 2021 8:06:08 AM org.entando.kubernetes.controller.support.client.IngressClient loadIngress
INFO: Entering method loadIngress in class org.entando.kubernetes.controller.support.client.IngressClient with entando-k8s-operator-common-cmpr61-test1,my-capability-ingress
Jul 20, 2021 8:06:08 AM org.entando.kubernetes.controller.support.client.IngressClient loadIngress
INFO: Exiting method loadIngress in class org.entando.kubernetes.controller.support.client.IngressClient
Jul 20, 2021 8:06:08 AM org.entando.kubernetes.controller.support.client.IngressClient createIngress
INFO: Entering method createIngress in class org.entando.kubernetes.controller.support.client.IngressClient with ProvidedCapability: entando-k8s-operator-common-cmpr61-test1/my-capability and with Ingress: entando-k8s-operator-common-cmpr61-test1/my-capability-ingress
Jul 20, 2021 8:06:08 AM org.entando.kubernetes.controller.support.client.IngressClient createIngress
INFO: Exiting method createIngress in class org.entando.kubernetes.controller.support.client.IngressClient
Jul 20, 2021 8:06:08 AM org.entando.kubernetes.controller.support.client.ServiceClient createOrReplaceService
INFO: Entering method createOrReplaceService in class org.entando.kubernetes.controller.support.client.ServiceClient with ProvidedCapability: entando-k8s-operator-common-cmpr61-test1/my-capability and with Service: entando-k8s-operator-common-cmpr61-test1/my-capability-service
Jul 20, 2021 8:06:08 AM org.entando.kubernetes.controller.support.client.ServiceClient createOrReplaceService
INFO: Exiting method createOrReplaceService in class org.entando.kubernetes.controller.support.client.ServiceClient
Jul 20, 2021 8:06:08 AM org.entando.kubernetes.controller.support.client.SecretClient createSecretIfAbsent
INFO: Entering method createSecretIfAbsent in class org.entando.kubernetes.controller.support.client.SecretClient with ProvidedCapability: entando-k8s-operator-common-cmpr61-test1/my-capability and with Secret: entando-k8s-operator-common-cmpr61-test1/my-capability-*****-secret
Jul 20, 2021 8:06:08 AM org.entando.kubernetes.controller.support.client.SecretClient createSecretIfAbsent
INFO: Exiting method createSecretIfAbsent in class org.entando.kubernetes.controller.support.client.SecretClient
Jul 20, 2021 8:06:08 AM org.entando.kubernetes.controller.support.client.SecretClient loadSecret
INFO: Entering method loadSecret in class org.entando.kubernetes.controller.support.client.SecretClient with ProvidedCapability: entando-k8s-operator-common-cmpr61-test1/my-capability
Jul 20, 2021 8:06:08 AM org.entando.kubernetes.controller.support.client.SecretClient loadSecret
INFO: Exiting method loadSecret in class org.entando.kubernetes.controller.support.client.SecretClient
Jul 20, 2021 8:06:08 AM org.entando.kubernetes.controller.spi.client.KubernetesClientForControllers getNamespace
INFO: Entering method getNamespace in class org.entando.kubernetes.controller.spi.client.KubernetesClientForControllers
Jul 20, 2021 8:06:08 AM org.entando.kubernetes.controller.spi.client.KubernetesClientForControllers getNamespace
INFO: Exiting method getNamespace in class org.entando.kubernetes.controller.spi.client.KubernetesClientForControllers
Jul 20, 2021 8:06:08 AM org.entando.kubernetes.controller.spi.client.KubernetesClientForControllers updateStatus
INFO: Entering method updateStatus in class org.entando.kubernetes.controller.spi.client.KubernetesClientForControllers with ProvidedCapability: entando-k8s-operator-common-cmpr61-test1/my-capability
Jul 20, 2021 8:06:08 AM org.entando.kubernetes.controller.spi.client.KubernetesClientForControllers updateStatus
INFO: Exiting method updateStatus in class org.entando.kubernetes.controller.spi.client.KubernetesClientForControllers
Jul 20, 2021 8:06:08 AM org.entando.kubernetes.controller.spi.client.KubernetesClientForControllers updatePhase
INFO: Entering method updatePhase in class org.entando.kubernetes.controller.spi.client.KubernetesClientForControllers with ProvidedCapability: entando-k8s-operator-common-cmpr61-test1/my-capability
Jul 20, 2021 8:06:08 AM org.entando.kubernetes.controller.spi.client.KubernetesClientForControllers updatePhase
INFO: Exiting method updatePhase in class org.entando.kubernetes.controller.spi.client.KubernetesClientForControllers
Jul 20, 2021 8:06:08 AM org.entando.kubernetes.controller.support.client.EntandoResourceClient reload
INFO: Entering method reload in class org.entando.kubernetes.controller.support.client.EntandoResourceClient with ProvidedCapability: entando-k8s-operator-common-cmpr61-test1/my-capability
Jul 20, 2021 8:06:08 AM org.entando.kubernetes.controller.support.client.EntandoResourceClient reload
INFO: Exiting method reload in class org.entando.kubernetes.controller.support.client.EntandoResourceClient
Jul 20, 2021 8:06:08 AM org.entando.kubernetes.controller.support.client.CapabilityClient buildCapabilityProvisioningResult
INFO: Entering method buildCapabilityProvisioningResult in class org.entando.kubernetes.controller.support.client.CapabilityClient with ProvidedCapability: entando-k8s-operator-common-cmpr61-test1/my-capability
Jul 20, 2021 8:06:08 AM org.entando.kubernetes.controller.support.client.CapabilityClient buildCapabilityProvisioningResult
INFO: Exiting method buildCapabilityProvisioningResult in class org.entando.kubernetes.controller.support.client.CapabilityClient
Jul 20, 2021 8:06:20 AM org.entando.kubernetes.controller.spi.client.KubernetesClientForControllers createOrPatchEntandoResource
INFO: Entering method createOrPatchEntandoResource in class org.entando.kubernetes.controller.spi.client.KubernetesClientForControllers with ProvidedCapability: entando-k8s-operator-common-cmpr61-test1/my-capability1
Jul 20, 2021 8:06:20 AM org.entando.kubernetes.controller.spi.client.KubernetesClientForControllers createOrPatchEntandoResource
INFO: Exiting method createOrPatchEntandoResource in class org.entando.kubernetes.controller.spi.client.KubernetesClientForControllers
Jul 20, 2021 8:06:20 AM org.entando.kubernetes.controller.spi.client.KubernetesClientForControllers createOrPatchEntandoResource
INFO: Entering method createOrPatchEntandoResource in class org.entando.kubernetes.controller.spi.client.KubernetesClientForControllers with ProvidedCapability: entando-k8s-operator-common-cmpr61-test12/my-capability2
Jul 20, 2021 8:06:20 AM org.entando.kubernetes.controller.spi.client.KubernetesClientForControllers createOrPatchEntandoResource
INFO: Exiting method createOrPatchEntandoResource in class org.entando.kubernetes.controller.spi.client.KubernetesClientForControllers
Jul 20, 2021 8:06:20 AM org.entando.kubernetes.controller.support.client.ServiceAccountClient findOrCreateServiceAccount
INFO: Entering method findOrCreateServiceAccount in class org.entando.kubernetes.controller.support.client.ServiceAccountClient with ProvidedCapability: entando-k8s-operator-common-cmpr61-test1/my-capability1
Jul 20, 2021 8:06:20 AM org.entando.kubernetes.controller.support.client.ServiceAccountClient findOrCreateServiceAccount
INFO: Exiting method findOrCreateServiceAccount in class org.entando.kubernetes.controller.support.client.ServiceAccountClient
Jul 20, 2021 8:06:20 AM org.entando.kubernetes.controller.support.client.ServiceAccountClient createRoleBindingIfAbsent
INFO: Entering method createRoleBindingIfAbsent in class org.entando.kubernetes.controller.support.client.ServiceAccountClient with ProvidedCapability: entando-k8s-operator-common-cmpr61-test1/my-capability1 and with RoleBinding: null/test-account-entando-editor
Jul 20, 2021 8:06:20 AM org.entando.kubernetes.controller.support.client.ServiceAccountClient createRoleBindingIfAbsent
INFO: Exiting method createRoleBindingIfAbsent in class org.entando.kubernetes.controller.support.client.ServiceAccountClient
Jul 20, 2021 8:06:20 AM org.entando.kubernetes.controller.support.client.ServiceAccountClient createRoleBindingIfAbsent
INFO: Entering method createRoleBindingIfAbsent in class org.entando.kubernetes.controller.support.client.ServiceAccountClient with ProvidedCapability: entando-k8s-operator-common-cmpr61-test12/my-capability2 and with RoleBinding: null/test-account-entando-editor
Jul 20, 2021 8:06:20 AM org.entando.kubernetes.controller.support.client.ServiceAccountClient createRoleBindingIfAbsent
INFO: Exiting method createRoleBindingIfAbsent in class org.entando.kubernetes.controller.support.client.ServiceAccountClient
Jul 20, 2021 8:06:21 AM org.entando.kubernetes.controller.support.client.CapabilityClient providedCapabilityByLabels
INFO: Entering method providedCapabilityByLabels in class org.entando.kubernetes.controller.support.client.CapabilityClient with {my-label=value1}
Jul 20, 2021 8:06:21 AM org.entando.kubernetes.controller.support.client.CapabilityClient providedCapabilityByLabels
INFO: Exiting method providedCapabilityByLabels in class org.entando.kubernetes.controller.support.client.CapabilityClient
Jul 20, 2021 8:06:21 AM org.entando.kubernetes.controller.support.client.CapabilityClient providedCapabilityByLabels
INFO: Entering method providedCapabilityByLabels in class org.entando.kubernetes.controller.support.client.CapabilityClient with {my-label=value2}
Jul 20, 2021 8:06:21 AM org.entando.kubernetes.controller.support.client.CapabilityClient providedCapabilityByLabels
INFO: Exiting method providedCapabilityByLabels in class org.entando.kubernetes.controller.support.client.CapabilityClient
Jul 20, 2021 8:06:33 AM org.entando.kubernetes.controller.support.client.CapabilityClient createOrPatchCapability
INFO: Entering method createOrPatchCapability in class org.entando.kubernetes.controller.support.client.CapabilityClient with ProvidedCapability: entando-k8s-operator-common-cmpr61-test1/my-capability
Jul 20, 2021 8:06:33 AM org.entando.kubernetes.controller.support.client.CapabilityClient createOrPatchCapability
INFO: Exiting method createOrPatchCapability in class org.entando.kubernetes.controller.support.client.CapabilityClient
Jul 20, 2021 8:06:33 AM org.entando.kubernetes.controller.support.client.CapabilityClient waitForCapabilityCompletion
INFO: Entering method waitForCapabilityCompletion in class org.entando.kubernetes.controller.support.client.CapabilityClient with ProvidedCapability: entando-k8s-operator-common-cmpr61-test1/my-capability
Jul 20, 2021 8:06:35 AM org.entando.kubernetes.controller.support.client.CapabilityClient waitForCapabilityCompletion
SEVERE: Failure e**cuting method waitForCapabilityCompletion in class org.entando.kubernetes.controller.support.client.CapabilityClient
java.util.concurrent.TimeoutException
	at java.base/java.util.concurrent.CompletableFuture.timedGet(CompletableFuture.java:1886)
	at java.base/java.util.concurrent.CompletableFuture.get(CompletableFuture.java:2021)
	at org.entando.kubernetes.controller.spi.client.impl.EntandoResourceClientBase.lambda$waitForPhase$2(EntandoResourceClientBase.java:112)
	at org.entando.kubernetes.controller.spi.common.ExceptionUtils.interruptionSafe(ExceptionUtils.java:96)
	at org.entando.kubernetes.controller.spi.client.impl.EntandoResourceClientBase.waitForPhase(EntandoResourceClientBase.java:112)
	at org.entando.kubernetes.controller.spi.client.impl.EntandoResourceClientBase.waitForCompletion(EntandoResourceClientBase.java:63)
	at org.entando.kubernetes.controller.support.client.impl.DefaultCapabilityClient.waitForCapabilityCompletion(DefaultCapabilityClient.java:93)
	at java.base/jdk.internal.reflect.NativeMethodAccessorImpl.invoke0(Native Method)
	at java.base/jdk.internal.reflect.NativeMethodAccessorImpl.invoke(NativeMethodAccessorImpl.java:62)
	at java.base/jdk.internal.reflect.DelegatingMethodAccessorImpl.invoke(DelegatingMethodAccessorImpl.java:43)
	at java.base/java.lang.reflect.Method.invoke(Method.java:566)
	at org.entando.kubernetes.controller.support.client.impl.KubernetesRestInterceptor.invoke(KubernetesRestInterceptor.java:49)
	at com.sun.proxy.$Proxy110.waitForCapabilityCompletion(Unknown Source)
	at org.entando.kubernetes.controller.support.client.impl.DefaultCapabilityClientTest.lambda$shouldThrowTimeoutException$48(DefaultCapabilityClientTest.java:392)
	at org.assertj.core.api.ThrowableAssert.catchThrowable(ThrowableAssert.java:62)
	at org.assertj.core.api.AssertionsForClassTypes.catchThrowable(AssertionsForClassTypes.java:877)
	at org.assertj.core.api.Assertions.catchThrowable(Assertions.java:1306)
	at org.assertj.core.api.Assertions.assertThatThrownBy(Assertions.java:1178)
	at org.entando.kubernetes.controller.support.client.impl.DefaultCapabilityClientTest.lambda$shouldThrowTimeoutException$49(DefaultCapabilityClientTest.java:391)
	at io.qameta.allure.Allure.lambda$step$0(Allure.java:113)
	at io.qameta.allure.Allure.lambda$step$1(Allure.java:127)
	at io.qameta.allure.Allure.step(Allure.java:181)
	at io.qameta.allure.Allure.step(Allure.java:125)
	at io.qameta.allure.Allure.step(Allure.java:112)
	at org.entando.kubernetes.controller.support.client.impl.DefaultCapabilityClientTest.shouldThrowTimeoutException(DefaultCapabilityClientTest.java:390)
	at java.base/jdk.internal.reflect.NativeMethodAccessorImpl.invoke0(Native Method)
	at java.base/jdk.internal.reflect.NativeMethodAccessorImpl.invoke(NativeMethodAccessorImpl.java:62)
	at java.base/jdk.internal.reflect.DelegatingMethodAccessorImpl.invoke(DelegatingMethodAccessorImpl.java:43)
	at java.base/java.lang.reflect.Method.invoke(Method.java:566)
	at org.junit.platform.commons.util.ReflectionUtils.invokeMethod(ReflectionUtils.java:688)
	at org.junit.jupiter.engine.e**cution.MethodInvocation.proceed(MethodInvocation.java:60)
	at org.junit.jupiter.engine.e**cution.InvocationInterceptorChain$ValidatingInvocation.proceed(InvocationInterceptorChain.java:131)
	at org.junit.jupiter.api.extension.InvocationInterceptor.interceptTestMethod(InvocationInterceptor.java:117)
	at org.junit.jupiter.engine.e**cution.E**cutableInvoker$ReflectiveInterceptorCall.lambda$ofVoidMethod$0(E**cutableInvoker.java:115)
	at org.junit.jupiter.engine.e**cution.E**cutableInvoker.lambda$invoke$0(E**cutableInvoker.java:105)
	at org.junit.jupiter.engine.e**cution.InvocationInterceptorChain$InterceptedInvocation.proceed(InvocationInterceptorChain.java:106)
	at org.junit.jupiter.engine.extension.TimeoutExtension.intercept(TimeoutExtension.java:149)
	at org.junit.jupiter.engine.extension.TimeoutExtension.interceptTestableMethod(TimeoutExtension.java:140)
	at org.junit.jupiter.engine.extension.TimeoutExtension.interceptTestMethod(TimeoutExtension.java:84)
	at org.junit.jupiter.engine.e**cution.E**cutableInvoker$ReflectiveInterceptorCall.lambda$ofVoidMethod$0(E**cutableInvoker.java:115)
	at org.junit.jupiter.engine.e**cution.E**cutableInvoker.lambda$invoke$0(E**cutableInvoker.java:105)
	at org.junit.jupiter.engine.e**cution.InvocationInterceptorChain$InterceptedInvocation.proceed(InvocationInterceptorChain.java:106)
	at org.junit.jupiter.engine.e**cution.InvocationInterceptorChain.proceed(InvocationInterceptorChain.java:64)
	at org.junit.jupiter.engine.e**cution.InvocationInterceptorChain.chainAndInvoke(InvocationInterceptorChain.java:45)
	at org.junit.jupiter.engine.e**cution.InvocationInterceptorChain.invoke(InvocationInterceptorChain.java:37)
	at org.junit.jupiter.engine.e**cution.E**cutableInvoker.invoke(E**cutableInvoker.java:104)
	at org.junit.jupiter.engine.e**cution.E**cutableInvoker.invoke(E**cutableInvoker.java:98)
	at org.junit.jupiter.engine.descriptor.TestMethodTestDescriptor.lambda$invokeTestMethod$6(TestMethodTestDescriptor.java:210)
	at org.junit.platform.engine.support.hierarchical.ThrowableCollector.e**cute(ThrowableCollector.java:73)
	at org.junit.jupiter.engine.descriptor.TestMethodTestDescriptor.invokeTestMethod(TestMethodTestDescriptor.java:206)
	at org.junit.jupiter.engine.descriptor.TestMethodTestDescriptor.e**cute(TestMethodTestDescriptor.java:131)
	at org.junit.jupiter.engine.descriptor.TestMethodTestDescriptor.e**cute(TestMethodTestDescriptor.java:65)
	at org.junit.platform.engine.support.hierarchical.NodeTestTask.lambda$e**cuteRecursively$5(NodeTestTask.java:139)
	at org.junit.platform.engine.support.hierarchical.ThrowableCollector.e**cute(ThrowableCollector.java:73)
	at org.junit.platform.engine.support.hierarchical.NodeTestTask.lambda$e**cuteRecursively$7(NodeTestTask.java:129)
	at org.junit.platform.engine.support.hierarchical.Node.around(Node.java:137)
	at org.junit.platform.engine.support.hierarchical.NodeTestTask.lambda$e**cuteRecursively$8(NodeTestTask.java:127)
[INFO] Tests run: 9, Failures: 0, Errors: 0, Skipped: 0, Time elapsed: 120.55 s - in org.entando.kubernetes.controller.support.client.impl.DefaultCapabilityClientTest
[INFO] Running org.entando.kubernetes.controller.support.client.impl.DefaultServiceClientTest
	at org.junit.platform.engine.support.hierarchical.ThrowableCollector.e**cute(ThrowableCollector.java:73)
	at org.junit.platform.engine.support.hierarchical.NodeTestTask.e**cuteRecursively(NodeTestTask.java:126)
	at org.junit.platform.engine.support.hierarchical.NodeTestTask.e**cute(NodeTestTask.java:84)
	at org.junit.platform.engine.support.hierarchical.ForkJoinPoolHierarchicalTestE**cutorService$ExclusiveTask.compute(ForkJoinPoolHierarchicalTestE**cutorService.java:185)
	at org.junit.platform.engine.support.hierarchical.ForkJoinPoolHierarchicalTestE**cutorService.e**cuteNonConcurrentTasks(ForkJoinPoolHierarchicalTestE**cutorService.java:155)
	at org.junit.platform.engine.support.hierarchical.ForkJoinPoolHierarchicalTestE**cutorService.invokeAll(ForkJoinPoolHierarchicalTestE**cutorService.java:135)
	at org.junit.platform.engine.support.hierarchical.NodeTestTask.lambda$e**cuteRecursively$5(NodeTestTask.java:143)
	at org.junit.platform.engine.support.hierarchical.ThrowableCollector.e**cute(ThrowableCollector.java:73)
	at org.junit.platform.engine.support.hierarchical.NodeTestTask.lambda$e**cuteRecursively$7(NodeTestTask.java:129)
	at org.junit.platform.engine.support.hierarchical.Node.around(Node.java:137)
	at org.junit.platform.engine.support.hierarchical.NodeTestTask.lambda$e**cuteRecursively$8(NodeTestTask.java:127)
	at org.junit.platform.engine.support.hierarchical.ThrowableCollector.e**cute(ThrowableCollector.java:73)
	at org.junit.platform.engine.support.hierarchical.NodeTestTask.e**cuteRecursively(NodeTestTask.java:126)
	at org.junit.platform.engine.support.hierarchical.NodeTestTask.e**cute(NodeTestTask.java:84)
	at org.junit.platform.engine.support.hierarchical.ForkJoinPoolHierarchicalTestE**cutorService$ExclusiveTask.compute(ForkJoinPoolHierarchicalTestE**cutorService.java:185)
	at org.junit.platform.engine.support.hierarchical.ForkJoinPoolHierarchicalTestE**cutorService.e**cuteNonConcurrentTasks(ForkJoinPoolHierarchicalTestE**cutorService.java:155)
	at org.junit.platform.engine.support.hierarchical.ForkJoinPoolHierarchicalTestE**cutorService.invokeAll(ForkJoinPoolHierarchicalTestE**cutorService.java:135)
	at org.junit.platform.engine.support.hierarchical.NodeTestTask.lambda$e**cuteRecursively$5(NodeTestTask.java:143)
	at org.junit.platform.engine.support.hierarchical.ThrowableCollector.e**cute(ThrowableCollector.java:73)
	at org.junit.platform.engine.support.hierarchical.NodeTestTask.lambda$e**cuteRecursively$7(NodeTestTask.java:129)
	at org.junit.platform.engine.support.hierarchical.Node.around(Node.java:137)
	at org.junit.platform.engine.support.hierarchical.NodeTestTask.lambda$e**cuteRecursively$8(NodeTestTask.java:127)
	at org.junit.platform.engine.support.hierarchical.ThrowableCollector.e**cute(ThrowableCollector.java:73)
	at org.junit.platform.engine.support.hierarchical.NodeTestTask.e**cuteRecursively(NodeTestTask.java:126)
	at org.junit.platform.engine.support.hierarchical.NodeTestTask.e**cute(NodeTestTask.java:84)
	at org.junit.platform.engine.support.hierarchical.ForkJoinPoolHierarchicalTestE**cutorService$ExclusiveTask.compute(ForkJoinPoolHierarchicalTestE**cutorService.java:185)
	at java.base/java.util.concurrent.RecursiveAction.e**c(RecursiveAction.java:189)
	at java.base/java.util.concurrent.ForkJoinTask.doE**c(ForkJoinTask.java:290)
	at java.base/java.util.concurrent.ForkJoinPool$WorkQueue.topLevelE**c(ForkJoinPool.java:1020)
	at java.base/java.util.concurrent.ForkJoinPool.scan(ForkJoinPool.java:1656)
	at java.base/java.util.concurrent.ForkJoinPool.runWorker(ForkJoinPool.java:1594)
	at java.base/java.util.concurrent.ForkJoinWorkerThread.run(ForkJoinWorkerThread.java:177)

Jul 20, 2021 8:06:35 AM org.entando.kubernetes.controller.support.client.CapabilityClient waitForCapabilityCompletion
INFO: Exiting method waitForCapabilityCompletion in class org.entando.kubernetes.controller.support.client.CapabilityClient
Jul 20, 2021 8:06:47 AM org.entando.kubernetes.controller.support.client.PodClient start
INFO: Entering method start in class org.entando.kubernetes.controller.support.client.PodClient with Pod: entando-k8s-operator-common-cmpr61-test1/my-pod
Jul 20, 2021 8:06:47 AM org.entando.kubernetes.controller.support.client.PodClient start
INFO: Exiting method start in class org.entando.kubernetes.controller.support.client.PodClient
Jul 20, 2021 8:06:47 AM org.entando.kubernetes.controller.support.client.PodClient waitForPod
INFO: Entering method waitForPod in class org.entando.kubernetes.controller.support.client.PodClient with entando-k8s-operator-common-cmpr61-test1,pod-label,123,600
Jul 20, 2021 8:06:51 AM org.entando.kubernetes.controller.support.client.PodClient waitForPod
INFO: Exiting method waitForPod in class org.entando.kubernetes.controller.support.client.PodClient
Jul 20, 2021 8:06:51 AM org.entando.kubernetes.controller.support.client.ServiceClient createOrReplaceService
INFO: Entering method createOrReplaceService in class org.entando.kubernetes.controller.support.client.ServiceClient with TestResource: entando-k8s-operator-common-cmpr61-test1/my-app and with Service: null/my-service
Jul 20, 2021 8:06:51 AM org.entando.kubernetes.controller.support.client.ServiceClient createOrReplaceService
INFO: Exiting method createOrReplaceService in class org.entando.kubernetes.controller.support.client.ServiceClient
Jul 20, 2021 8:06:51 AM org.entando.kubernetes.controller.support.client.ServiceClient createOrReplaceDelegateService
INFO: Entering method createOrReplaceDelegateService in class org.entando.kubernetes.controller.support.client.ServiceClient with Service: entando-k8s-operator-common-cmpr61-test12/my-service2
Jul 20, 2021 8:06:51 AM org.entando.kubernetes.controller.support.client.ServiceClient createOrReplaceDelegateService
INFO: Exiting method createOrReplaceDelegateService in class org.entando.kubernetes.controller.support.client.ServiceClient
Jul 20, 2021 8:06:51 AM org.entando.kubernetes.controller.support.client.ServiceClient createOrReplaceDelegateEndpoints
INFO: Entering method createOrReplaceDelegateEndpoints in class org.entando.kubernetes.controller.support.client.ServiceClient with Endpoints: entando-k8s-operator-common-cmpr61-test12/my-service2
Jul 20, 2021 8:06:51 AM org.entando.kubernetes.controller.support.client.ServiceClient createOrReplaceDelegateEndpoints
INFO: Exiting method createOrReplaceDelegateEndpoints in class org.entando.kubernetes.controller.support.client.ServiceClient
Jul 20, 2021 8:06:51 AM org.entando.kubernetes.controller.support.client.IngressClient createIngress
INFO: Entering method createIngress in class org.entando.kubernetes.controller.support.client.IngressClient with TestResource: entando-k8s-operator-common-cmpr61-test12/my-app2 and with Ingress: null/my-ingress2
Jul 20, 2021 8:06:51 AM org.entando.kubernetes.controller.support.client.IngressClient createIngress
INFO: Exiting method createIngress in class org.entando.kubernetes.controller.support.client.IngressClient
Jul 20, 2021 8:07:26 AM org.entando.kubernetes.controller.support.client.ServiceClient createOrReplaceEndpoints
INFO: Entering method createOrReplaceEndpoints in class org.entando.kubernetes.controller.support.client.ServiceClient with TestResource: entando-k8s-operator-common-cmpr61-test1/my-app and with Endpoints: entando-k8s-operator-common-cmpr61-test1/my-service
Jul 20, 2021 8:07:26 AM org.entando.kubernetes.controller.support.client.ServiceClient createOrReplaceEndpoints
INFO: Exiting method createOrReplaceEndpoints in class org.entando.kubernetes.controller.support.client.ServiceClient
Jul 20, 2021 8:07:26 AM org.entando.kubernetes.controller.support.client.ServiceClient createOrReplaceEndpoints
INFO: Entering method createOrReplaceEndpoints in class org.entando.kubernetes.controller.support.client.ServiceClient with TestResource: entando-k8s-operator-common-cmpr61-test1/my-app and with Endpoints: entando-k8s-operator-common-cmpr61-test1/my-service
Jul 20, 2021 8:07:26 AM org.entando.kubernetes.controller.support.client.ServiceClient createOrReplaceEndpoints
INFO: Exiting method createOrReplaceEndpoints in class org.entando.kubernetes.controller.support.client.ServiceClient
Jul 20, 2021 8:07:26 AM org.entando.kubernetes.controller.support.client.ServiceClient loadEndpoints
INFO: Entering method loadEndpoints in class org.entando.kubernetes.controller.support.client.ServiceClient with TestResource: entando-k8s-operator-common-cmpr61-test1/my-app
Jul 20, 2021 8:07:26 AM org.entando.kubernetes.controller.support.client.ServiceClient loadEndpoints
INFO: Exiting method loadEndpoints in class org.entando.kubernetes.controller.support.client.ServiceClient
Jul 20, 2021 8:07:38 AM org.entando.kubernetes.controller.support.client.ServiceClient createOrReplaceService
INFO: Entering method createOrReplaceService in class org.entando.kubernetes.controller.support.client.ServiceClient with TestResource: entando-k8s-operator-common-cmpr61-test1/my-app and with Service: entando-k8s-operator-common-cmpr61-test1/my-service
Jul 20, 2021 8:07:38 AM org.entando.kubernetes.controller.support.client.ServiceClient createOrReplaceService
INFO: Exiting method createOrReplaceService in class org.entando.kubernetes.controller.support.client.ServiceClient
Jul 20, 2021 8:07:38 AM org.entando.kubernetes.controller.support.client.ServiceClient createOrReplaceService
INFO: Entering method createOrReplaceService in class org.entando.kubernetes.controller.support.client.ServiceClient with TestResource: entando-k8s-operator-common-cmpr61-test1/my-app and with Service: entando-k8s-operator-common-cmpr61-test1/my-service
Jul 20, 2021 8:07:38 AM org.entando.kubernetes.controller.support.client.ServiceClient createOrReplaceService
INFO: Exiting method createOrReplaceService in class org.entando.kubernetes.controller.support.client.ServiceClient
Jul 20, 2021 8:07:38 AM org.entando.kubernetes.controller.support.client.ServiceClient loadService
INFO: Entering method loadService in class org.entando.kubernetes.controller.support.client.ServiceClient with TestResource: entando-k8s-operator-common-cmpr61-test1/my-app
Jul 20, 2021 8:07:38 AM org.entando.kubernetes.controller.support.client.ServiceClient loadService
INFO: Exiting method loadService in class org.entando.kubernetes.controller.support.client.ServiceClient
[INFO] Tests run: 3, Failures: 0, Errors: 0, Skipped: 0, Time elapsed: 63.481 s - in org.entando.kubernetes.controller.support.client.impl.DefaultServiceClientTest
[INFO] Running org.entando.kubernetes.controller.support.client.impl.DefaultPodClientTest
Jul 20, 2021 8:07:44 AM org.entando.kubernetes.controller.support.client.PodClient start
INFO: Entering method start in class org.entando.kubernetes.controller.support.client.PodClient with Pod: entando-k8s-operator-common-cmpr61-test1/my-pod
Jul 20, 2021 8:07:44 AM org.entando.kubernetes.controller.support.client.PodClient start
INFO: Exiting method start in class org.entando.kubernetes.controller.support.client.PodClient
Jul 20, 2021 8:07:44 AM org.entando.kubernetes.controller.support.client.PodClient removeAndWait
INFO: Entering method removeAndWait in class org.entando.kubernetes.controller.support.client.PodClient with entando-k8s-operator-common-cmpr61-test1,{pod-label=123},120
Jul 20, 2021 8:07:45 AM org.entando.kubernetes.controller.support.client.PodClient removeAndWait
INFO: Exiting method removeAndWait in class org.entando.kubernetes.controller.support.client.PodClient
Jul 20, 2021 8:07:45 AM org.entando.kubernetes.controller.support.client.PodClient loadPod
INFO: Entering method loadPod in class org.entando.kubernetes.controller.support.client.PodClient with entando-k8s-operator-common-cmpr61-test1,{pod-label=123}
Jul 20, 2021 8:07:45 AM org.entando.kubernetes.controller.support.client.PodClient loadPod
INFO: Exiting method loadPod in class org.entando.kubernetes.controller.support.client.PodClient
Jul 20, 2021 8:07:50 AM org.entando.kubernetes.controller.support.client.PodClient start
INFO: Entering method start in class org.entando.kubernetes.controller.support.client.PodClient with Pod: entando-k8s-operator-common-cmpr61-test1/my-pod
Jul 20, 2021 8:07:50 AM org.entando.kubernetes.controller.support.client.PodClient start
INFO: Exiting method start in class org.entando.kubernetes.controller.support.client.PodClient
Jul 20, 2021 8:07:50 AM org.entando.kubernetes.controller.support.client.PodClient waitForPod
INFO: Entering method waitForPod in class org.entando.kubernetes.controller.support.client.PodClient with entando-k8s-operator-common-cmpr61-test1,pod-label,123,600
Jul 20, 2021 8:07:56 AM org.entando.kubernetes.controller.support.client.PodClient waitForPod
INFO: Exiting method waitForPod in class org.entando.kubernetes.controller.support.client.PodClient
Jul 20, 2021 8:08:19 AM org.entando.kubernetes.controller.support.client.PodClient runToCompletion
INFO: Entering method runToCompletion in class org.entando.kubernetes.controller.support.client.PodClient with Pod: entando-k8s-operator-common-cmpr61-test1/my-pod
Jul 20, 2021 8:08:30 AM org.entando.kubernetes.controller.support.client.PodClient runToCompletion
INFO: Exiting method runToCompletion in class org.entando.kubernetes.controller.support.client.PodClient
Jul 20, 2021 8:08:37 AM org.entando.kubernetes.controller.support.client.PodClient runToCompletion
INFO: Entering method runToCompletion in class org.entando.kubernetes.controller.support.client.PodClient with Pod: entando-k8s-operator-common-cmpr61-test1/successful-pod
Jul 20, 2021 8:08:52 AM org.entando.kubernetes.controller.support.client.PodClient runToCompletion
INFO: Exiting method runToCompletion in class org.entando.kubernetes.controller.support.client.PodClient
Jul 20, 2021 8:08:52 AM org.entando.kubernetes.controller.support.client.PodClient runToCompletion
INFO: Entering method runToCompletion in class org.entando.kubernetes.controller.support.client.PodClient with Pod: entando-k8s-operator-common-cmpr61-test1/failed-pod
Jul 20, 2021 8:09:10 AM org.entando.kubernetes.controller.support.client.PodClient runToCompletion
INFO: Exiting method runToCompletion in class org.entando.kubernetes.controller.support.client.PodClient
Jul 20, 2021 8:09:10 AM org.entando.kubernetes.controller.support.client.PodClient removeSuccessfullyCompletedPods
INFO: Entering method removeSuccessfullyCompletedPods in class org.entando.kubernetes.controller.support.client.PodClient with entando-k8s-operator-common-cmpr61-test1,{label=value}
Jul 20, 2021 8:09:10 AM org.entando.kubernetes.controller.support.client.PodClient removeSuccessfullyCompletedPods
INFO: Exiting method removeSuccessfullyCompletedPods in class org.entando.kubernetes.controller.support.client.PodClient
Jul 20, 2021 8:09:10 AM org.entando.kubernetes.controller.support.client.PodClient loadPod
INFO: Entering method loadPod in class org.entando.kubernetes.controller.support.client.PodClient with entando-k8s-operator-common-cmpr61-test1,{pod-label=successful-pod}
Jul 20, 2021 8:09:10 AM org.entando.kubernetes.controller.support.client.PodClient loadPod
INFO: Exiting method loadPod in class org.entando.kubernetes.controller.support.client.PodClient
Jul 20, 2021 8:09:10 AM org.entando.kubernetes.controller.support.client.PodClient loadPod
INFO: Entering method loadPod in class org.entando.kubernetes.controller.support.client.PodClient with entando-k8s-operator-common-cmpr61-test1,{pod-label=failed-pod}
Jul 20, 2021 8:09:10 AM org.entando.kubernetes.controller.support.client.PodClient loadPod
INFO: Exiting method loadPod in class org.entando.kubernetes.controller.support.client.PodClient
[WARNING] Tests run: 5, Failures: 0, Errors: 0, Skipped: 1, Time elapsed: 91.782 s - in org.entando.kubernetes.controller.support.client.impl.DefaultPodClientTest
[INFO] Running org.entando.kubernetes.controller.support.creators.ConfigurableResourceCalculatorTest
[INFO] Tests run: 5, Failures: 0, Errors: 0, Skipped: 0, Time elapsed: 0.062 s - in org.entando.kubernetes.controller.support.creators.ConfigurableResourceCalculatorTest
[INFO] Running org.entando.kubernetes.controller.support.creators.IngressCreatorTest
[INFO] Tests run: 1, Failures: 0, Errors: 0, Skipped: 0, Time elapsed: 0.049 s - in org.entando.kubernetes.controller.support.creators.IngressCreatorTest
[INFO] Running org.entando.kubernetes.controller.support.creators.SecretCreatorTest
[INFO] Tests run: 1, Failures: 0, Errors: 0, Skipped: 0, Time elapsed: 0.026 s - in org.entando.kubernetes.controller.support.creators.SecretCreatorTest
[INFO] Running org.entando.kubernetes.controller.support.creators.PersistentVolumeClaimCreatorTest
[INFO] Tests run: 2, Failures: 0, Errors: 0, Skipped: 0, Time elapsed: 0.026 s - in org.entando.kubernetes.controller.support.creators.PersistentVolumeClaimCreatorTest
[INFO] Running org.entando.kubernetes.controller.support.creators.DeploymentCreatorTest
[INFO] Tests run: 4, Failures: 0, Errors: 0, Skipped: 0, Time elapsed: 0.141 s - in org.entando.kubernetes.controller.support.creators.DeploymentCreatorTest
[INFO] Running org.entando.kubernetes.controller.support.creators.ServiceAcountCreatorTest
[INFO] Tests run: 3, Failures: 0, Errors: 0, Skipped: 0, Time elapsed: 0.06 s - in org.entando.kubernetes.controller.support.creators.ServiceAcountCreatorTest
[INFO] Running org.entando.kubernetes.controller.support.creators.ConfigurableStorageCalculatorTest
[INFO] Tests run: 5, Failures: 0, Errors: 0, Skipped: 0, Time elapsed: 0.015 s - in org.entando.kubernetes.controller.support.creators.ConfigurableStorageCalculatorTest
[INFO] Running org.entando.kubernetes.controller.support.creators.ResourceCalculatorTest
[INFO] Tests run: 2, Failures: 0, Errors: 0, Skipped: 0, Time elapsed: 0.001 s - in org.entando.kubernetes.controller.support.creators.ResourceCalculatorTest
[INFO] Running org.entando.kubernetes.controller.support.creators.StorageCalculatorTest
[INFO] Tests run: 2, Failures: 0, Errors: 0, Skipped: 0, Time elapsed: 0.001 s - in org.entando.kubernetes.controller.support.creators.StorageCalculatorTest
[INFO] Running org.entando.kubernetes.controller.support.common.EntandoOperatorConfigTest
[INFO] Tests run: 5, Failures: 0, Errors: 0, Skipped: 0, Time elapsed: 0.009 s - in org.entando.kubernetes.controller.support.common.EntandoOperatorConfigTest
[INFO] Running org.entando.kubernetes.controller.support.common.EntandoImageResolverTest
[INFO] Tests run: 19, Failures: 0, Errors: 0, Skipped: 0, Time elapsed: 0.19 s - in org.entando.kubernetes.controller.support.common.EntandoImageResolverTest
[INFO] Running org.entando.kubernetes.controller.spi.client.impl.DefaultKubernetesClientForControllersTest
[ERROR] Tests run: 8, Failures: 0, Errors: 1, Skipped: 0, Time elapsed: 72.172 s <<< FAILURE! - in org.entando.kubernetes.controller.spi.client.impl.DefaultKubernetesClientForControllersTest
[ERROR] shouldUpdatePhaseOfKnownCustomResource  Time elapsed: 6.407 s  <<< ERROR!
io.fabric8.kubernetes.client.KubernetesClientException: Failure e**cuting: POST at: https://172.30.0.1/api/v1/namespaces/entando-k8s-operator-common-cmpr61-test1/events. Message: Forbidden!Configured service account doesn't have access. Service account may have been revoked. events "my-app-94884060" is forbidden: cannot set blockOwnerDeletion in this case because cannot find RESTMapping for APIVersion test.org/v1 Kind TestResource: no matches for kind "TestResource" in version "test.org/v1".
	at org.entando.kubernetes.controller.spi.client.impl.DefaultKubernetesClientForControllersTest.lambda$shouldUpdatePhaseOfKnownCustomResource$15(DefaultKubernetesClientForControllersTest.java:157)
	at org.entando.kubernetes.controller.spi.client.impl.DefaultKubernetesClientForControllersTest.shouldUpdatePhaseOfKnownCustomResource(DefaultKubernetesClientForControllersTest.java:156)

[INFO] Running org.entando.kubernetes.controller.spi.result.ExposedServiceTest
[INFO] Tests run: 5, Failures: 0, Errors: 0, Skipped: 0, Time elapsed: 0.03 s - in org.entando.kubernetes.controller.spi.result.ExposedServiceTest
[INFO] Running org.entando.kubernetes.controller.spi.common.NameUtilsTest
[INFO] Tests run: 3, Failures: 0, Errors: 0, Skipped: 0, Time elapsed: 0.009 s - in org.entando.kubernetes.controller.spi.common.NameUtilsTest
[INFO] Running org.entando.kubernetes.controller.spi.common.ExceptionUtilsTest
[INFO] Tests run: 4, Failures: 0, Errors: 0, Skipped: 0, Time elapsed: 6.03 s - in org.entando.kubernetes.controller.spi.common.ExceptionUtilsTest
[INFO] Running org.entando.kubernetes.controller.spi.database.DbmsDockerVendorStrategyTest
[INFO] Tests run: 1, Failures: 0, Errors: 0, Skipped: 0, Time elapsed: 0.001 s - in org.entando.kubernetes.controller.spi.database.DbmsDockerVendorStrategyTest
[INFO] Running org.entando.kubernetes.controller.spi.database.DbmsVendorConfigTest
[INFO] Tests run: 1, Failures: 0, Errors: 0, Skipped: 0, Time elapsed: 0 s - in org.entando.kubernetes.controller.spi.database.DbmsVendorConfigTest
[INFO] Running org.entando.kubernetes.controller.PersistentDeploymentTest
[WARNING] Tests run: 2, Failures: 0, Errors: 0, Skipped: 1, Time elapsed: 0.245 s - in org.entando.kubernetes.controller.PersistentDeploymentTest
[INFO] Running org.entando.kubernetes.controller.SsoConsumerTest
[INFO] Tests run: 1, Failures: 0, Errors: 0, Skipped: 0, Time elapsed: 0.637 s - in org.entando.kubernetes.controller.SsoConsumerTest
[INFO] Running org.entando.kubernetes.controller.ExposedDeploymentTest
[INFO] Tests run: 2, Failures: 0, Errors: 0, Skipped: 0, Time elapsed: 1.856 s - in org.entando.kubernetes.controller.ExposedDeploymentTest
[INFO] Running org.entando.kubernetes.controller.AdvancedCapabilityProvisionTest
[INFO] Tests run: 14, Failures: 0, Errors: 0, Skipped: 0, Time elapsed: 4.473 s - in org.entando.kubernetes.controller.AdvancedCapabilityProvisionTest
[INFO] 
[INFO] Results:
[INFO] 
[ERROR] Failures: 
[ERROR]   DefaultIngressClientTest.shouldRemainConsistentWithManyThreads:96 
Expected: is <10>
     but: was <9>
[ERROR] Errors: 
[ERROR]   DefaultKubernetesClientForControllersTest.shouldUpdatePhaseOfKnownCustomResource:156->lambda$shouldUpdatePhaseOfKnownCustomResource$15:157 » KubernetesClient
[INFO] 
[ERROR] Tests run: 135, Failures: 1, Errors: 1, Skipped: 3
[INFO] 
[ERROR] There are test failures.

Please refer to /workspace/source/target/surefire-reports for the individual test results.
Please refer to dump files (if any exist) [date].dump, [date]-***Run[N].dump and [date].dumpstream.
[INFO] 
[INFO] --- maven-jar-plugin:3.2.0:jar (default-jar) @ entando-k8s-operator-common ---
[INFO] Building jar: /workspace/source/target/entando-k8s-operator-common-0.0.0-SNAPSHOT-PR-61-13.jar
[INFO] 
[INFO] --- maven-jar-plugin:3.2.0:test-jar (build-test-jar) @ entando-k8s-operator-common ---
[INFO] Building jar: /workspace/source/target/entando-k8s-operator-common-0.0.0-SNAPSHOT-PR-61-13-tests.jar
[INFO] 
[INFO] --- maven-javadoc-plugin:3.2.0:jar (attach-javadocs) @ entando-k8s-operator-common ---
[INFO] Skipping javadoc generation
[INFO] 
[INFO] --- license-maven-plugin:2.0.0:aggregate-download-licenses (download-licenses) @ entando-k8s-operator-common ---
[WARNING] No license information available for: com.sun.org.apache:jaxp-ri:1.4
[WARNING] No license information available for: javax.xml.parsers:jaxp-api:1.4
[WARNING] Unable to retrieve license from URL 'https://glassfish.dev.java.net/public/CDDLv1.0.html' for dependency 'javax.activation:activation:1.1.1': Certificate for <glassfish.dev.java.net> doesn't match any of the subject alternative names: [*.java.net]
Jul 20, 2021 8:10:48 AM org.apache.http.client.protocol.ResponseProcessCookies processCookies
WARNING: Invalid cookie header: "Set-Cookie: _octo=GH1.1.239178868.1626768648; Path=/; Domain=github.com; Expires=Wed, 20 Jul 2022 08:10:48 GMT; Secure; SameSite=Lax". Invalid 'expires' attribute: Wed, 20 Jul 2022 08:10:48 GMT
Jul 20, 2021 8:10:48 AM org.apache.http.client.protocol.ResponseProcessCookies processCookies
WARNING: Invalid cookie header: "Set-Cookie: logged_in=no; Path=/; Domain=github.com; Expires=Wed, 20 Jul 2022 08:10:48 GMT; HttpOnly; Secure; SameSite=Lax". Invalid 'expires' attribute: Wed, 20 Jul 2022 08:10:48 GMT
[WARNING] Unable to retrieve license from URL 'https://glassfish.dev.java.net/nonav/public/CDDL+GPL.html' for dependency 'javax.servlet:javax.servlet-api:3.0.1': Certificate for <glassfish.dev.java.net> doesn't match any of the subject alternative names: [*.java.net]
[WARNING] Unable to retrieve license from URL 'LICENSE.txt' for dependency 'org.awaitility:awaitility:4.0.1': null
Jul 20, 2021 8:10:56 AM org.apache.http.client.protocol.ResponseProcessCookies processCookies
WARNING: Invalid cookie header: "Set-Cookie: _octo=GH1.1.2135012549.1626768656; Path=/; Domain=github.com; Expires=Wed, 20 Jul 2022 08:10:56 GMT; Secure; SameSite=Lax". Invalid 'expires' attribute: Wed, 20 Jul 2022 08:10:56 GMT
Jul 20, 2021 8:10:56 AM org.apache.http.client.protocol.ResponseProcessCookies processCookies
WARNING: Invalid cookie header: "Set-Cookie: logged_in=no; Path=/; Domain=github.com; Expires=Wed, 20 Jul 2022 08:10:56 GMT; HttpOnly; Secure; SameSite=Lax". Invalid 'expires' attribute: Wed, 20 Jul 2022 08:10:56 GMT
Jul 20, 2021 8:10:56 AM org.apache.http.client.protocol.ResponseProcessCookies processCookies
WARNING: Invalid cookie header: "Set-Cookie: _octo=GH1.1.865961603.1626768656; Path=/; Domain=github.com; Expires=Wed, 20 Jul 2022 08:10:56 GMT; Secure; SameSite=Lax". Invalid 'expires' attribute: Wed, 20 Jul 2022 08:10:56 GMT
Jul 20, 2021 8:10:56 AM org.apache.http.client.protocol.ResponseProcessCookies processCookies
WARNING: Invalid cookie header: "Set-Cookie: logged_in=no; Path=/; Domain=github.com; Expires=Wed, 20 Jul 2022 08:10:56 GMT; HttpOnly; Secure; SameSite=Lax". Invalid 'expires' attribute: Wed, 20 Jul 2022 08:10:56 GMT
Jul 20, 2021 8:10:56 AM org.apache.http.client.protocol.ResponseProcessCookies processCookies
WARNING: Invalid cookie header: "Set-Cookie: _octo=GH1.1.388323789.1626768656; Path=/; Domain=github.com; Expires=Wed, 20 Jul 2022 08:10:56 GMT; Secure; SameSite=Lax". Invalid 'expires' attribute: Wed, 20 Jul 2022 08:10:56 GMT
Jul 20, 2021 8:10:56 AM org.apache.http.client.protocol.ResponseProcessCookies processCookies
WARNING: Invalid cookie header: "Set-Cookie: logged_in=no; Path=/; Domain=github.com; Expires=Wed, 20 Jul 2022 08:10:56 GMT; HttpOnly; Secure; SameSite=Lax". Invalid 'expires' attribute: Wed, 20 Jul 2022 08:10:56 GMT
[WARNING] There were 5 download errors - check the warnings above
[INFO] 
[INFO] --- quarkus-maven-plugin:1.13.7.Final:build (default) @ entando-k8s-operator-common ---
[INFO] [org.jboss.threads] JBoss Threads version 3.2.0.Final
[WARNING] [io.quarkus.deployment.steps.ReflectiveHierarchyStep] Unable to properly register the hierarchy of the following classes for reflection as they are not in the Jandex index:
	- org.entando.kubernetes.model.common.EntandoCustomResourceStatus (source: JacksonProcessor > org.entando.kubernetes.controller.spi.client.SerializedEntandoResource)
	- org.entando.kubernetes.model.common.ExpectedRole (source: JacksonProcessor > org.entando.kubernetes.controller.spi.deployable.SsoClientConfig)
	- org.entando.kubernetes.model.common.Permission (source: JacksonProcessor > org.entando.kubernetes.controller.spi.deployable.SsoClientConfig)
Consider adding them to the index either by creating a Jandex index for your dependency via the Maven plugin, an empty META-INF/beans.xml or quarkus.index-dependency properties.
[INFO] [io.quarkus.deployment.QuarkusAugmentor] Quarkus augmentation completed in 2699ms
[INFO] 
[INFO] --- maven-surefire-report-plugin:3.0.0-M4:failsafe-report-only (integration-tests) @ entando-k8s-operator-common ---
[INFO] 
[INFO] --- dependency-check-maven:6.1.5:aggregate (default) @ entando-k8s-operator-common ---
[INFO] Skipping National Vulnerability Database Report
[INFO] 
[INFO] --- jacoco-maven-plugin:0.8.7:report (report) @ entando-k8s-operator-common ---
[INFO] Loading e**cution data file /workspace/source/target/jacoco.e**c
[INFO] Analyzed bundle 'Entando K8S Operator Common Library' with 121 classes
[INFO] 
[INFO] --- maven-surefire-report-plugin:3.0.0-M4:report-only (unit-tests) @ entando-k8s-operator-common ---
[WARNING] Unable to locate Test Source XRef to link to - DISABLED
[INFO] 
[INFO] --- maven-install-plugin:2.4:install (default-install) @ entando-k8s-operator-common ---
[INFO] Installing /workspace/source/target/entando-k8s-operator-common-0.0.0-SNAPSHOT-PR-61-13.jar to /home/jenkins/.mvnrepository/org/entando/entando-k8s-operator-common/0.0.0-SNAPSHOT-PR-61-13/entando-k8s-operator-common-0.0.0-SNAPSHOT-PR-61-13.jar
[INFO] Installing /workspace/source/pom.xml to /home/jenkins/.mvnrepository/org/entando/entando-k8s-operator-common/0.0.0-SNAPSHOT-PR-61-13/entando-k8s-operator-common-0.0.0-SNAPSHOT-PR-61-13.pom
[INFO] Installing /workspace/source/target/entando-k8s-operator-common-0.0.0-SNAPSHOT-PR-61-13-tests.jar to /home/jenkins/.mvnrepository/org/entando/entando-k8s-operator-common/0.0.0-SNAPSHOT-PR-61-13/entando-k8s-operator-common-0.0.0-SNAPSHOT-PR-61-13-tests.jar
[INFO] 
[INFO] --- maven-deploy-plugin:2.8.2:deploy (default-deploy) @ entando-k8s-operator-common ---
[INFO] Using alternate deployment repository local-nexus::default::http://nexus/repository/maven-releases/
[INFO] 
[INFO] --------------< org.entando:entando-k8s-operator-common >---------------
[INFO] Building Entando K8S Operator Common Library 0.0.0-SNAPSHOT-PR-61-13
[INFO] --------------------------------[ jar ]---------------------------------
[INFO] 
[INFO] --- sonar-maven-plugin:3.9.0.2155:sonar (default-cli) @ entando-k8s-operator-common ---
[INFO] User cache: /****/.sonar/cache
[INFO] SonarQube version: 8.8.0
[INFO] Default locale: "en_US", source code encoding: "UTF-8"
[INFO] Load global settings
[INFO] Load global settings (done) | time=226ms
[INFO] Server id: 1BD809FA-AWHW8ct9-T_TB3XqouNu
[INFO] User cache: /****/.sonar/cache
[INFO] Load/download plugins
[INFO] Load plugins index
[INFO] Load plugins index (done) | time=72ms
[INFO] Load/download plugins (done) | time=25982ms
[INFO] Loaded core extensions: developer-scanner
[INFO] Load project settings for component key: 'entando-k8s_entando-k8s-operator-common'
[INFO] Load project settings for component key: 'entando-k8s_entando-k8s-operator-common' (done) | time=38ms
[INFO] Process project properties
[INFO] E**cute project builders
[INFO] E**cute project builders (done) | time=2ms
[INFO] Project key: entando-k8s_entando-k8s-operator-common
[INFO] Base dir: /workspace/source
[INFO] Working dir: /workspace/source/target/sonar
[INFO] Load project branches
[INFO] Load project branches (done) | time=26ms
[INFO] Check ALM binding of project 'entando-k8s_entando-k8s-operator-common'
[INFO] Detected project binding: BOUND
[INFO] Check ALM binding of project 'entando-k8s_entando-k8s-operator-common' (done) | time=23ms
[INFO] Load project pull requests
[INFO] Load project pull requests (done) | time=40ms
[INFO] Load branch configuration
[INFO] Load branch configuration (done) | time=940ms
[INFO] Load quality profiles
[INFO] Load quality profiles (done) | time=92ms
[INFO] Load active rules
[INFO] Load active rules (done) | time=1583ms
[INFO] Organization key: entando-k8s
[INFO] Pull request 61 for merge into master from ENG-2284_capability_based_design
[INFO] SCM collecting changed files in the branch
[WARNING] Exception caught during e**cution of command '[/usr/local/git/bin/git, config, --******, --edit]' in '/usr/local/git/bin', return code '128', error message 'fatal: Invalid path '/usr/local/git/etc': No such file or directory
'
[INFO] SCM collecting changed files in the branch (done) | time=363ms
[INFO] Indexing files...
[INFO] Project configuration:
[INFO] 262 files inde**d
[INFO] 0 files ignored because of scm ignore settings
[INFO] Quality profile for java: Entando Sonar Way Java
[INFO] Quality profile for xml: Sonar way
[INFO] ------------- Run sensors on module Entando K8S Operator Common Library
[INFO] Load metrics repository
[INFO] Load metrics repository (done) | time=30ms
[INFO] Sensor JavaSensor [java]
[INFO] Configured Java source version (sonar.java.source): 11
[INFO] JavaClasspath initialization
[INFO] JavaClasspath initialization (done) | time=10ms
[INFO] JavaTestClasspath initialization
[INFO] JavaTestClasspath initialization (done) | time=1ms
[INFO] Java "Main" source files AST scan
[INFO] 138 source files to be analyzed
[INFO] 37/138 files analyzed, current file: src/main/java/org/entando/kubernetes/controller/spi/client/E**cutionResult.java
[INFO] 138/138 source files have been analyzed
[INFO] Java "Main" source files AST scan (done) | time=19940ms
[INFO] Java "Test" source files AST scan
[INFO] 123 source files to be analyzed
[INFO] 108/123 files analyzed, current file: src/test/java/org/entando/kubernetes/controller/support/client/impl/DefaultKeycloakClientTest.java
[INFO] 123/123 source files have been analyzed
[INFO] Java "Test" source files AST scan (done) | time=11096ms
[INFO] No "Generated" source files to scan.
[INFO] Sensor JavaSensor [java] (done) | time=31484ms
[INFO] Sensor CSS Rules [cssfamily]
[INFO] No CSS, PHP, HTML or VueJS files are found in the project. CSS analysis is skipped.
[INFO] Sensor CSS Rules [cssfamily] (done) | time=1ms
[INFO] Sensor C# Project Type Information [csharp]
[INFO] Sensor C# Project Type Information [csharp] (done) | time=1ms
[INFO] Sensor C# Properties [csharp]
[INFO] Sensor C# Properties [csharp] (done) | time=1ms
[INFO] Sensor Import of Checkstyle issues [java]
[INFO] Importing /workspace/source/target/checkstyle-result.xml
[INFO] Sensor Import of Checkstyle issues [java] (done) | time=69ms
[INFO] Sensor SurefireSensor [java]
[INFO] parsing [/workspace/source/target/surefire-reports]
[INFO] Sensor SurefireSensor [java] (done) | time=97ms
[INFO] Sensor JavaXmlSensor [java]
[INFO] 1 source file to be analyzed
[INFO] 1/1 source file has been analyzed
[INFO] Sensor JavaXmlSensor [java] (done) | time=235ms
[INFO] Sensor HTML [web]
[INFO] Sensor HTML [web] (done) | time=7ms
[INFO] Sensor XML Sensor [xml]
[INFO] 1 source file to be analyzed
[INFO] 1/1 source file has been analyzed
[INFO] Sensor XML Sensor [xml] (done) | time=198ms
[INFO] Sensor VB.NET Project Type Information [vbnet]
[INFO] Sensor VB.NET Project Type Information [vbnet] (done) | time=1ms
[INFO] Sensor VB.NET Properties [vbnet]
[INFO] Sensor VB.NET Properties [vbnet] (done) | time=1ms
[INFO] Sensor JaCoCo XML Report Importer [jacoco]
[INFO] Importing 1 report(s). Turn your logs in debug mode in order to see the exhaustive list.
[INFO] Sensor JaCoCo XML Report Importer [jacoco] (done) | time=86ms
[INFO] Sensor ThymeLeaf template sensor [securityjavafrontend]
[INFO] Sensor ThymeLeaf template sensor [securityjavafrontend] (done) | time=4ms
[INFO] Sensor Serverless configuration file sensor [securityjsfrontend]
[INFO] 0 Serverless function entries were found in the project
[INFO] 0 Serverless function handlers were kept as entrypoints
[INFO] Sensor Serverless configuration file sensor [securityjsfrontend] (done) | time=84ms
[INFO] Sensor JavaSecuritySensor [security]
[INFO] Reading type hierarchy from: /workspace/source/target/sonar/ucfg2/java
[INFO] Read 661 type definitions
[INFO] Reading UCFGs from: /workspace/source/target/sonar/ucfg2/java
[INFO] 08:12:26.743813 Building Runtime Type propagation graph
[INFO] 08:12:26.816204 Running Tarjan on 4910 nodes
[INFO] 08:12:26.829937 Tarjan found 4881 components
[INFO] 08:12:26.855879 Variable type analysis: done
[INFO] 08:12:26.862431 Building Runtime Type propagation graph
[INFO] 08:12:26.927972 Running Tarjan on 4910 nodes
[INFO] 08:12:26.933319 Tarjan found 4881 components
[INFO] 08:12:26.942946 Variable type analysis: done
[INFO] Analyzing 915 ucfgs to detect vulnerabilities.
[INFO] All rules entrypoints : 0 Retained UCFGs : 0
[INFO] rule: S5131, entrypoints: 0
[INFO] rule: S5131 done
[INFO] rule: S3649, entrypoints: 0
[INFO] rule: S3649 done
[INFO] rule: S2076, entrypoints: 0
[INFO] rule: S2076 done
[INFO] rule: S2091, entrypoints: 0
[INFO] rule: S2091 done
[INFO] rule: S2078, entrypoints: 0
[INFO] rule: S2078 done
[INFO] rule: S2631, entrypoints: 0
[INFO] rule: S2631 done
[INFO] rule: S5135, entrypoints: 0
[INFO] rule: S5135 done
[INFO] rule: S2083, entrypoints: 0
[INFO] rule: S2083 done
[INFO] rule: S5167, entrypoints: 0
[INFO] rule: S5167 done
[INFO] rule: S5144, entrypoints: 0
[INFO] rule: S5144 done
[INFO] rule: S5145, entrypoints: 0
[INFO] rule: S5145 done
[INFO] rule: S5146, entrypoints: 0
[INFO] rule: S5146 done
[INFO] rule: S5334, entrypoints: 0
[INFO] rule: S5334 done
[INFO] rule: S6096, entrypoints: 0
[INFO] rule: S6096 done
[INFO] Sensor JavaSecuritySensor [security] (done) | time=3436ms
[INFO] Sensor CSharpSecuritySensor [security]
[INFO] Reading type hierarchy from: /workspace/source/target/ucfg_cs2
[INFO] Read 0 type definitions
[INFO] Reading UCFGs from: /workspace/source/target/ucfg_cs2
[INFO] No UCFGs have been included for analysis.
[INFO] Sensor CSharpSecuritySensor [security] (done) | time=1ms
[INFO] Sensor PhpSecuritySensor [security]
[INFO] Reading type hierarchy from: /workspace/source/target/sonar/ucfg2/php
[INFO] Read 0 type definitions
[INFO] Reading UCFGs from: /workspace/source/target/sonar/ucfg2/php
[INFO] No UCFGs have been included for analysis.
[INFO] Sensor PhpSecuritySensor [security] (done) | time=1ms
[INFO] Sensor PythonSecuritySensor [security]
[INFO] Reading type hierarchy from: /workspace/source/target/sonar/ucfg2/python
[INFO] Read 0 type definitions
[INFO] Reading UCFGs from: /workspace/source/target/sonar/ucfg2/python
[INFO] No UCFGs have been included for analysis.
[INFO] Sensor PythonSecuritySensor [security] (done) | time=1ms
[INFO] Sensor JsSecuritySensor [security]
[INFO] Reading type hierarchy from: /workspace/source/target/sonar/ucfg2/js
[INFO] Read 0 type definitions
[INFO] Reading UCFGs from: /workspace/source/target/sonar/ucfg2/js
[INFO] 08:12:29.708231 Building Runtime Type propagation graph
[INFO] 08:12:29.708631 Running Tarjan on 0 nodes
[INFO] 08:12:29.708897 Tarjan found 0 components
[INFO] 08:12:29.70922 Variable type analysis: done
[INFO] 08:12:29.709528 Building Runtime Type propagation graph
[INFO] 08:12:29.709881 Running Tarjan on 0 nodes
[INFO] 08:12:29.710221 Tarjan found 0 components
[INFO] 08:12:29.710523 Variable type analysis: done
[INFO] Analyzing 1 ucfgs to detect vulnerabilities.
[INFO] rule: S2076, entrypoints: 2
[INFO] Running symbolic analysis
[INFO] rule: S2076 done
[INFO] rule: S6096, entrypoints: 2
[INFO] Running symbolic analysis
[INFO] rule: S6096 done
[INFO] rule: S2083, entrypoints: 2
[INFO] Running symbolic analysis
[INFO] rule: S2083 done
[INFO] rule: S5696, entrypoints: 2
[INFO] Running symbolic analysis
[INFO] rule: S5696 done
[INFO] rule: S6105, entrypoints: 2
[INFO] Running symbolic analysis
[INFO] rule: S6105 done
[INFO] rule: S5131, entrypoints: 2
[INFO] Running symbolic analysis
[INFO] rule: S5131 done
[INFO] rule: S3649, entrypoints: 2
[INFO] Running symbolic analysis
[INFO] rule: S3649 done
[INFO] rule: S5147, entrypoints: 2
[INFO] Running symbolic analysis
[INFO] rule: S5147 done
[INFO] rule: S5334, entrypoints: 2
[INFO] Running symbolic analysis
[INFO] rule: S5334 done
[INFO] rule: S2631, entrypoints: 2
[INFO] Running symbolic analysis
[INFO] rule: S2631 done
[INFO] rule: S5144, entrypoints: 2
[INFO] Running symbolic analysis
[INFO] rule: S5144 done
[INFO] rule: S5146, entrypoints: 2
[INFO] Running symbolic analysis
[INFO] rule: S5146 done
[INFO] rule: S5883, entrypoints: 2
[INFO] Running symbolic analysis
[INFO] rule: S5883 done
[INFO] Sensor JsSecuritySensor [security] (done) | time=1047ms
[INFO] ------------- Run sensors on project
[INFO] Sensor Zero Coverage Sensor
[INFO] Sensor Zero Coverage Sensor (done) | time=2ms
[INFO] Sensor Java CPD Block Inde**r
[INFO] Sensor Java CPD Block Inde**r (done) | time=175ms
[INFO] SCM Publisher SCM provider for this project is: git
[INFO] SCM Publisher 231 source files to be analyzed
[INFO] SCM Publisher 230/231 source files have been analyzed (done) | time=8811ms
[WARNING] Missing blame information for the following files:
[WARNING]   * pom.xml
[WARNING] This may lead to missing/broken features in SonarCloud
[INFO] CPD E**cutor 54 files had no CPD blocks
[INFO] CPD E**cutor Calculating CPD for 84 files
[INFO] CPD E**cutor CPD calculation finished (done) | time=29ms
[INFO] SCM writing changed lines
[INFO] SCM writing changed lines (done) | time=606ms
[INFO] Analysis report generated in 836ms, dir size=1 MB
[INFO] Analysis report compressed in 388ms, zip size=928 KB
[INFO] Analysis report uploaded in 201ms
[INFO] ANALYSIS SUCCESSFUL, you can find the results at: https://sonarcloud.io/dashboard?id=entando-k8s_entando-k8s-operator-common&pullRequest=61
[INFO] Note that you will be able to access the updated dashboard once the server has processed the submitted analysis report
[INFO] More about the report processing at https://sonarcloud.io/api/ce/task?id=AXrC-WFD-sKUkS6F3phZ
[INFO] Analysis total time: 56.124 s
[INFO] ------------------------------------------------------------------------
[INFO] BUILD SUCCESS
[INFO] ------------------------------------------------------------------------
[INFO] Total time:  10:26 min
[INFO] Finished at: 2021-07-20T08:12:41Z
[INFO] ------------------------------------------------------------------------
Picked up _JAVA_OPTIONS: -XX:+UnlockExperimentalVMOptions -Dsun.zip.disableMemoryMapping=**** -XX:+UseParallelGC -XX:MinHeapFreeRatio=5 -XX:MaxHeapFreeRatio=10 -XX:GCTimeRatio=4 -XX:AdaptiveSizePolicyWeight=90 -Xms10m -Xmx8000m
[INFO] Scanning for projects...
[WARNING] 
[WARNING] Some problems were encountered while building the effective model for org.entando:entando-k8s-operator-common:jar:0.0.0-SNAPSHOT-PR-61-13
[WARNING] 'dependencies.dependency.(groupId:artifactId:type:classifier)' must be unique: org.junit.jupiter:junit-jupiter-params:jar -> version ${junit.version} vs (?) @ line 173, column 21
[WARNING] 
[WARNING] It is highly recommended to fix these problems because they threaten the stability of your build.
[WARNING] 
[WARNING] For this reason, future Maven versions might no longer support building such malformed projects.
[WARNING] 
[INFO] 
[INFO] --------------< org.entando:entando-k8s-operator-common >---------------
[INFO] Building Entando K8S Operator Common Library 0.0.0-SNAPSHOT-PR-61-13
[INFO] --------------------------------[ jar ]---------------------------------
[INFO] 
[INFO] --- maven-site-plugin:3.9.0:site (default-site) @ entando-k8s-operator-common ---
[INFO] configuring report plugin org.apache.maven.plugins:maven-project-info-reports-plugin:3.0.0
[INFO] 9 reports configured for maven-project-info-reports-plugin:3.0.0: dependency-info, distribution-management, index, ci-management, issue-management, licenses, plugins, scm, summary
[INFO] Rendering site with default locale English (en)
[WARNING] Unable to find a URL to the parent project. The parent menu will NOT be added.
[INFO] Relativizing decoration links with respect to localized project URL: https://central.entando.com
[INFO] Rendering content with org.apache.maven.skins:maven-default-skin:jar:1.3 skin.
[INFO] Generating "Dependency Information" report --- maven-project-info-reports-plugin:3.0.0:dependency-info
[INFO] Generating "About" report         --- maven-project-info-reports-plugin:3.0.0:index
[INFO] Generating "Issue Management" report --- maven-project-info-reports-plugin:3.0.0:issue-management
[INFO] Generating "Licenses" report      --- maven-project-info-reports-plugin:3.0.0:licenses
[INFO] Generating "Plugins" report       --- maven-project-info-reports-plugin:3.0.0:plugins
[INFO] Generating "Source Code Management" report --- maven-project-info-reports-plugin:3.0.0:scm
[INFO] Generating "Summary" report       --- maven-project-info-reports-plugin:3.0.0:summary
[INFO] 
[INFO] --- allure-maven:2.10.0:report (default) @ entando-k8s-operator-common ---
[INFO] Allure installation directory /workspace/source/.allure
[INFO] Try to finding out allure 2.14.0
[INFO] Downloading allure commandline...
[INFO] Proxy is not specified.
[INFO] Downloading allure commandline complete
[INFO] Generate Allure report (report) with version 2.14.0
[INFO] Generate Allure report to /workspace/source/target/site/allure-reports
[INFO] Found results directory /workspace/source/target/allure-results
[INFO] Can't find information about categories.
[INFO] Generate report to /workspace/source/target/site/allure-reports
Picked up _JAVA_OPTIONS: -XX:+UnlockExperimentalVMOptions -Dsun.zip.disableMemoryMapping=**** -XX:+UseParallelGC -XX:MinHeapFreeRatio=5 -XX:MaxHeapFreeRatio=10 -XX:GCTimeRatio=4 -XX:AdaptiveSizePolicyWeight=90 -Xms10m -Xmx8000m
Report successfully generated to /workspace/source/target/site/allure-reports
[INFO] Report generated successfully.
[INFO] ------------------------------------------------------------------------
[INFO] BUILD SUCCESS
[INFO] ------------------------------------------------------------------------
[INFO] Total time:  56.051 s
[INFO] Finished at: 2021-07-20T08:13:39Z
[INFO] ------------------------------------------------------------------------
Pre-deployment tests failed for entando-k8s-operator-common-PR-61.
The following checks failed for entando-k8s-operator-common-PR-61:
Pre-deployment tests
[31m
Pipeline failed on stage 'from-build-pack' : container 'step-build-mvn-verify-pr'. The execution of the pipeline has stopped.[0m
