
Showing logs for build [32mentando-k8s-entando-k8s-databas-6hxlw-17[0m stage [32mfrom-build-pack[0m and container [32mcredential-initializer[0m
{"level":"info","ts":1625746802.608161,"caller":"creds-init/main.go:44","msg":"Credentials initialized."}

Showing logs for build [32mentando-k8s-entando-k8s-databas-6hxlw-17[0m stage [32mfrom-build-pack[0m and container [32mworking-dir-initializer[0m

Showing logs for build [32mentando-k8s-entando-k8s-databas-6hxlw-17[0m stage [32mfrom-build-pack[0m and container [32mplace-tools[0m

Showing logs for build [32mentando-k8s-entando-k8s-databas-6hxlw-17[0m stage [32mfrom-build-pack[0m and container [32mstep-git-source-entando-k8s-entando-k8s-databas-6hxlw-xrlhq[0m
{"level":"info","ts":1625746821.7179005,"caller":"git/git.go:105","msg":"Successfully cloned https://github.com/entando-k8s/entando-k8s-database-service-controller.git @ master in path /workspace/source"}
{"level":"warn","ts":1625746821.7182834,"caller":"git/git.go:152","msg":"Unexpected error: creating symlink: symlink /tekton/home/.ssh /****/.ssh: file exists"}
{"level":"info","ts":1625746821.7926037,"caller":"git/git.go:133","msg":"Successfully initialized and updated submodules in path /workspace/source"}

Showing logs for build [32mentando-k8s-entando-k8s-databas-6hxlw-17[0m stage [32mfrom-build-pack[0m and container [32mstep-setup-builder-home[0m

Showing logs for build [32mentando-k8s-entando-k8s-databas-6hxlw-17[0m stage [32mfrom-build-pack[0m and container [32mstep-git-merge[0m
Using SHAs from PULL_REFS=master:d1ab6aae626e355d7e4bfc9756a6ae066e936acd,10:a476423b3a5ff236b4b5331ef63d84d39226133f
DEBUG: LC_ALL=C JX_LOG_LEVEL=error git fetch origin --unshallow a476423b3a5ff236b4b5331ef63d84d39226133f: d1ab6aae626e355d7e4bfc9756a6ae066e936acd:
DEBUG: ran git fetch --unshallow origin a476423b3a5ff236b4b5331ef63d84d39226133f: d1ab6aae626e355d7e4bfc9756a6ae066e936acd: in 
DEBUG: LC_ALL=C JX_LOG_LEVEL=error git branch
DEBUG: LC_ALL=C JX_LOG_LEVEL=error git checkout master
DEBUG: ran git checkout master in 
DEBUG: LC_ALL=C JX_LOG_LEVEL=error git reset --hard d1ab6aae626e355d7e4bfc9756a6ae066e936acd
DEBUG: ran git reset --hard d1ab6aae626e355d7e4bfc9756a6ae066e936acd in 
DEBUG: LC_ALL=C JX_LOG_LEVEL=error git clean -fd .
DEBUG: ran clean --force -d . in 
DEBUG: LC_ALL=C JX_LOG_LEVEL=error git merge a476423b3a5ff236b4b5331ef63d84d39226133f
DEBUG: ran git merge a476423b3a5ff236b4b5331ef63d84d39226133f in 
DEBUG: LC_ALL=C JX_LOG_LEVEL=error git log --format=%H%x1f%an%x1f%ae%x1f%cn%x1f%ce%x1f%s%n%b%x1e d1ab6aae626e355d7e4bfc9756a6ae066e936acd..HEAD
Merged SHA a476423b3a5ff236b4b5331ef63d84d39226133f with commit message 'ENG-2284 adding labels to any providedCapability' into base branch master
Merged SHA 08c95082c55bf06dada504c6e0291f20d3a7e435 with commit message 'ENG-2284 bumped to latest operator-common' into base branch master
Merged SHA 6f9786d54c779e82bc3f27ca97f67ba76073c049 with commit message 'ENG-2284 bumped to latest operator-common' into base branch master
Merged SHA 68da4c468e5e5af00a0468200013cf57993d3330 with commit message 'ENG-2284 bumped to latest operator-common' into base branch master
Merged SHA 89ca4cf3036db9e8e9b05ac4e10254a9058ca12a with commit message 'ENG-2284 bumped to latest operator-common' into base branch master
Merged SHA 9cd7608c606fb365b799183b02865981e42aa45a with commit message 'ENG-2284 bumped operator-common' into base branch master
Merged SHA 363062e26e8323db5750adc01937b8d9afa1d67f with commit message 'ENG-2284 bumped to latest operator-common' into base branch master
Merged SHA 14e6d0c5986a6cf861fd9c666c55fdb8b6382171 with commit message 'ENG-2284 checkstyle' into base branch master
Merged SHA 05aa1c9c80721e263fa854112604949fee7796b0 with commit message 'ENG-2284 improved diagnostics' into base branch master
Merged SHA 058d441db884d167302ff6b06437119f83df7a7d with commit message 'ENG-2284 fi**d operator-common' into base branch master
Merged SHA c6c66c29d27c182a8c4a28c750bfabe3d0fb8835 with commit message 'ENG-2284 now carrying capability reference on status' into base branch master
Merged SHA d24741df772b633835059fc301278121d93af1db with commit message '#ENG-2284 improved exception handling' into base branch master
Merged SHA c0647a850ef3dea5074e4304e56b5567bf7063f6 with commit message '#ENG-2284 widened the operator's ingress permissions' into base branch master
Merged SHA 74ba08149d45256bbb6930267edce7e20f0b1a14 with commit message '#ENG-2284 added ingress-viewer role' into base branch master
Merged SHA 50e7add4d0767edd97520d47db300475773c3a3d with commit message '#ENG-2284 skipping OWASP' into base branch master
Merged SHA ae59a8eb572f5e2d907cadc13d1d41aeb81b418b with commit message '#ENG-2884 bumped parent pom' into base branch master
Merged SHA 1f7c6c9ac5af32***6690d2f2eb77bafe357f19a with commit message '#ENG-2284 now running some smoke tests against the container produced' into base branch master
Merged SHA bcb76ccdf7f8a7c22ea5e0a566427039ef26b3c9 with commit message '#ENG-2284 bumped to latest operator-common' into base branch master
Merged SHA 1c3a478efeb0b383557d36096551c7061458dc5c with commit message '#ENG-2284 migrated to new CapabilityProvider design' into base branch master
Merged SHA 8ec8779e1995854835b6d9e5ed4ec2570df828ad with commit message '#ENG-2284 completed the ExternalDatabase tests' into base branch master
Merged SHA 28c203008219eaa2e8531bc7c8671b4a98a06864 with commit message '#ENG-2284 completed first Allure tests' into base branch master
Merged SHA 8bf52081993983009a34d7be01a42e8791eb6ba8 with commit message '#ENG-2284 latest quarkus-parent' into base branch master
Merged SHA dec84af4c18a79ad6759556dc16adbf3e35278e8 with commit message '#ENG-2284  fi**d some tests' into base branch master
Merged SHA c2d865e8ccde011450acf4e0bdbcea278fea110b with commit message '#ENG-2284 Initial Implementation as Capability' into base branch master

Showing logs for build [32mentando-k8s-entando-k8s-databas-6hxlw-17[0m stage [32mfrom-build-pack[0m and container [32mstep-build-set-version[0m
Picked up _JAVA_OPTIONS: -XX:+UnlockExperimentalVMOptions -Dsun.zip.disableMemoryMapping=**** -XX:+UseParallelGC -XX:MinHeapFreeRatio=5 -XX:MaxHeapFreeRatio=10 -XX:GCTimeRatio=4 -XX:AdaptiveSizePolicyWeight=90 -Xms1000m -Xmx12000m
[INFO] Scanning for projects...
[INFO] 
[INFO] --------< org.entando:entando-k8s-database-service-controller >---------
[INFO] Building Entando K8S Controller for shared Database Services 6.3.0-SNAPSHOT
[INFO] --------------------------------[ jar ]---------------------------------
[INFO] 
[INFO] --- versions-maven-plugin:2.8.1:set (default-cli) @ entando-k8s-database-service-controller ---
[INFO] Local aggregation ****: /workspace/source
[INFO] Processing change of org.entando:entando-k8s-database-service-controller:6.3.0-SNAPSHOT -> 0.0.0-SNAPSHOT-PR-10-17
[INFO] Processing org.entando:entando-k8s-database-service-controller
[INFO]     Updating project org.entando:entando-k8s-database-service-controller
[INFO]         from version 6.3.0-SNAPSHOT to 0.0.0-SNAPSHOT-PR-10-17
[INFO] 
[INFO] ------------------------------------------------------------------------
[INFO] BUILD SUCCESS
[INFO] ------------------------------------------------------------------------
[INFO] Total time:  7.336 s
[INFO] Finished at: 2021-07-08T12:20:33Z
[INFO] ------------------------------------------------------------------------

Showing logs for build [32mentando-k8s-entando-k8s-databas-6hxlw-17[0m stage [32mfrom-build-pack[0m and container [32mstep-build-fix-git-for-sonar[0m
Switched to a new branch 'PR-10'
M	pom.xml
Deleted branch master (was a476423).
From https://github.com/entando-k8s/entando-k8s-database-service-controller
 * [new branch]      master     -> master

Showing logs for build [32mentando-k8s-entando-k8s-databas-6hxlw-17[0m stage [32mfrom-build-pack[0m and container [32mstep-build-mvn-verify-pr[0m
Picked up _JAVA_OPTIONS: -XX:+UnlockExperimentalVMOptions -Dsun.zip.disableMemoryMapping=**** -XX:+UseParallelGC -XX:MinHeapFreeRatio=5 -XX:MaxHeapFreeRatio=10 -XX:GCTimeRatio=4 -XX:AdaptiveSizePolicyWeight=90 -Xms1000m -Xmx12000m
[INFO] Scanning for projects...
[INFO] 
[INFO] --------< org.entando:entando-k8s-database-service-controller >---------
[INFO] Building Entando K8S Controller for shared Database Services 0.0.0-SNAPSHOT-PR-10-17
[INFO] --------------------------------[ jar ]---------------------------------
[INFO] 
[INFO] --- maven-checkstyle-plugin:3.1.1:check (validate) @ entando-k8s-database-service-controller ---
[INFO] Starting audit...
Audit done.
[INFO] You have 0 Checkstyle violations.
[INFO] 
[INFO] --- maven-checkstyle-plugin:3.1.1:checkstyle (validate) @ entando-k8s-database-service-controller ---
[INFO] Starting audit...
Audit done.
[INFO] 
[INFO] --- jacoco-maven-plugin:0.8.7:prepare-agent (prepare-agent) @ entando-k8s-database-service-controller ---
[INFO] argLine set to -javaagent:/home/jenkins/.mvnrepository/org/jacoco/org.jacoco.agent/0.8.7/org.jacoco.agent-0.8.7-runtime.jar=destfile=/workspace/source/target/jacoco.e**c
[INFO] 
[INFO] --- maven-resources-plugin:2.6:resources (default-resources) @ entando-k8s-database-service-controller ---
[INFO] Using 'UTF-8' encoding to copy filtered resources.
[INFO] Copying 4 resources
[INFO] 
[INFO] --- maven-compiler-plugin:3.8.1:compile (default-compile) @ entando-k8s-database-service-controller ---
[INFO] Changes detected - recompiling the module!
[INFO] Compiling 7 source files to /workspace/source/target/classes
[INFO] 
[INFO] --- maven-resources-plugin:2.6:testResources (default-testResources) @ entando-k8s-database-service-controller ---
[INFO] Using 'UTF-8' encoding to copy filtered resources.
[INFO] Copying 7 resources
[INFO] 
[INFO] --- maven-compiler-plugin:3.8.1:testCompile (default-testCompile) @ entando-k8s-database-service-controller ---
[INFO] Changes detected - recompiling the module!
[INFO] Compiling 6 source files to /workspace/source/target/test-classes
[INFO] 
[INFO] --- maven-surefire-plugin:3.0.0-M1:test (default-test) @ entando-k8s-database-service-controller ---
[INFO] 
[INFO] -------------------------------------------------------
[INFO]  T E S T S
[INFO] -------------------------------------------------------
[INFO] Running org.entando.kubernetes.controller.databaseservice.ExternalDatabaseServiceTest
[INFO] Tests run: 5, Failures: 0, Errors: 0, Skipped: 0, Time elapsed: 6.517 s - in org.entando.kubernetes.controller.databaseservice.ExternalDatabaseServiceTest
[INFO] Running org.entando.kubernetes.controller.databaseservice.DeployedDatabaseCapabilityTest
[ERROR] Tests run: 4, Failures: 4, Errors: 0, Skipped: 0, Time elapsed: 3.158 s <<< FAILURE! - in org.entando.kubernetes.controller.databaseservice.DeployedDatabaseCapabilityTest
[ERROR] shouldDeployCorrectPostgresqlImageWithDefaultSettings{EntandoOperatorComplianceMode, DbmsDockerVendorStrategy}[1]  Time elapsed: 1.511 s  <<< FAILURE!
java.lang.AssertionError: 

Expecting map:
  {"EntandoDatabaseService"="default-dbms-in-namespace", "entando.org/capability"="Dbms", "entando.org/capability-provision-scope"="Namespace", "entando.org/deployment"="default-dbms-in-namespace", "entando.org/entando-resource-kind"="EntandoDatabaseService", "entando.org/entando-resource-namespace"="my-namespace"}
to contain:
  [EntandoDatabaseService=default-dbms-in-namespace,
    deployment=default-dbms-in-namespace,
    EntandoResourceKind=EntandoDatabaseService]
but could not find the following map entries:
  [deployment=default-dbms-in-namespace,
    EntandoResourceKind=EntandoDatabaseService]

	at org.entando.kubernetes.controller.databaseservice.DeployedDatabaseCapabilityTest.lambda$shouldDeployCorrectPostgresqlImageWithDefaultSettings$17(DeployedDatabaseCapabilityTest.java:171)
	at org.entando.kubernetes.controller.databaseservice.DeployedDatabaseCapabilityTest.lambda$shouldDeployCorrectPostgresqlImageWithDefaultSettings$18(DeployedDatabaseCapabilityTest.java:170)
	at org.entando.kubernetes.controller.databaseservice.DeployedDatabaseCapabilityTest.shouldDeployCorrectPostgresqlImageWithDefaultSettings(DeployedDatabaseCapabilityTest.java:162)

[ERROR] shouldDeployCorrectPostgresqlImageWithDefaultSettings{EntandoOperatorComplianceMode, DbmsDockerVendorStrategy}[2]  Time elapsed: 0.552 s  <<< FAILURE!
java.lang.AssertionError: 

Expecting map:
  {"EntandoDatabaseService"="default-dbms-in-namespace", "entando.org/capability"="Dbms", "entando.org/capability-provision-scope"="Namespace", "entando.org/deployment"="default-dbms-in-namespace", "entando.org/entando-resource-kind"="EntandoDatabaseService", "entando.org/entando-resource-namespace"="my-namespace"}
to contain:
  [EntandoDatabaseService=default-dbms-in-namespace,
    deployment=default-dbms-in-namespace,
    EntandoResourceKind=EntandoDatabaseService]
but could not find the following map entries:
  [deployment=default-dbms-in-namespace,
    EntandoResourceKind=EntandoDatabaseService]

	at org.entando.kubernetes.controller.databaseservice.DeployedDatabaseCapabilityTest.lambda$shouldDeployCorrectPostgresqlImageWithDefaultSettings$17(DeployedDatabaseCapabilityTest.java:171)
	at org.entando.kubernetes.controller.databaseservice.DeployedDatabaseCapabilityTest.lambda$shouldDeployCorrectPostgresqlImageWithDefaultSettings$18(DeployedDatabaseCapabilityTest.java:170)
	at org.entando.kubernetes.controller.databaseservice.DeployedDatabaseCapabilityTest.shouldDeployCorrectPostgresqlImageWithDefaultSettings(DeployedDatabaseCapabilityTest.java:162)

[ERROR] shouldDeployMysqlWithGivenConfigurationSettings{EntandoOperatorComplianceMode, DbmsDockerVendorStrategy}[1]  Time elapsed: 0.521 s  <<< FAILURE!
java.lang.AssertionError: 

Expecting map:
  {"EntandoDatabaseService"="mysql-dbms-5643", "entando.org/capability"="Dbms", "entando.org/capability-implementation"="Mysql", "entando.org/capability-provision-scope"="Labeled", "entando.org/deployment"="mysql-dbms-5643", "entando.org/entando-resource-kind"="EntandoDatabaseService", "entando.org/entando-resource-namespace"="my-namespace", "my-label"="my-label-value"}
to contain:
  [EntandoDatabaseService=mysql-dbms-5643,
    deployment=mysql-dbms-5643,
    EntandoResourceKind=EntandoDatabaseService]
but could not find the following map entries:
  [deployment=mysql-dbms-5643, EntandoResourceKind=EntandoDatabaseService]

	at org.entando.kubernetes.controller.databaseservice.DeployedDatabaseCapabilityTest.lambda$shouldDeployMysqlWithGivenConfigurationSettings$38(DeployedDatabaseCapabilityTest.java:297)
	at org.entando.kubernetes.controller.databaseservice.DeployedDatabaseCapabilityTest.lambda$shouldDeployMysqlWithGivenConfigurationSettings$39(DeployedDatabaseCapabilityTest.java:296)
	at org.entando.kubernetes.controller.databaseservice.DeployedDatabaseCapabilityTest.shouldDeployMysqlWithGivenConfigurationSettings(DeployedDatabaseCapabilityTest.java:288)

[ERROR] shouldDeployMysqlWithGivenConfigurationSettings{EntandoOperatorComplianceMode, DbmsDockerVendorStrategy}[2]  Time elapsed: 0.527 s  <<< FAILURE!
java.lang.AssertionError: 

Expecting map:
  {"EntandoDatabaseService"="mysql-dbms-2713", "entando.org/capability"="Dbms", "entando.org/capability-implementation"="Mysql", "entando.org/capability-provision-scope"="Labeled", "entando.org/deployment"="mysql-dbms-2713", "entando.org/entando-resource-kind"="EntandoDatabaseService", "entando.org/entando-resource-namespace"="my-namespace", "my-label"="my-label-value"}
to contain:
  [EntandoDatabaseService=mysql-dbms-2713,
    deployment=mysql-dbms-2713,
    EntandoResourceKind=EntandoDatabaseService]
but could not find the following map entries:
  [deployment=mysql-dbms-2713, EntandoResourceKind=EntandoDatabaseService]

	at org.entando.kubernetes.controller.databaseservice.DeployedDatabaseCapabilityTest.lambda$shouldDeployMysqlWithGivenConfigurationSettings$38(DeployedDatabaseCapabilityTest.java:297)
	at org.entando.kubernetes.controller.databaseservice.DeployedDatabaseCapabilityTest.lambda$shouldDeployMysqlWithGivenConfigurationSettings$39(DeployedDatabaseCapabilityTest.java:296)
	at org.entando.kubernetes.controller.databaseservice.DeployedDatabaseCapabilityTest.shouldDeployMysqlWithGivenConfigurationSettings(DeployedDatabaseCapabilityTest.java:288)

[INFO] Running org.entando.kubernetes.controller.databaseservice.DeployedDatabaseServiceTest
[ERROR] Tests run: 4, Failures: 4, Errors: 0, Skipped: 0, Time elapsed: 1.031 s <<< FAILURE! - in org.entando.kubernetes.controller.databaseservice.DeployedDatabaseServiceTest
[ERROR] shouldDeployCorrectPostgresqlImageWithDefaultSettings{EntandoOperatorComplianceMode, DbmsDockerVendorStrategy}[1]  Time elapsed: 0.259 s  <<< FAILURE!
java.lang.AssertionError: 

Expecting map:
  {"EntandoDatabaseService"="default-dbms-in-namespace", "entando.org/deployment"="default-dbms-in-namespace", "entando.org/entando-resource-kind"="EntandoDatabaseService", "entando.org/entando-resource-namespace"="my-namespace"}
to contain:
  [EntandoDatabaseService=default-dbms-in-namespace,
    deployment=default-dbms-in-namespace,
    EntandoResourceKind=EntandoDatabaseService]
but could not find the following map entries:
  [deployment=default-dbms-in-namespace,
    EntandoResourceKind=EntandoDatabaseService]

	at org.entando.kubernetes.controller.databaseservice.DeployedDatabaseServiceTest.lambda$shouldDeployCorrectPostgresqlImageWithDefaultSettings$17(DeployedDatabaseServiceTest.java:179)
	at org.entando.kubernetes.controller.databaseservice.DeployedDatabaseServiceTest.lambda$shouldDeployCorrectPostgresqlImageWithDefaultSettings$18(DeployedDatabaseServiceTest.java:178)
	at org.entando.kubernetes.controller.databaseservice.DeployedDatabaseServiceTest.shouldDeployCorrectPostgresqlImageWithDefaultSettings(DeployedDatabaseServiceTest.java:170)

[ERROR] shouldDeployCorrectPostgresqlImageWithDefaultSettings{EntandoOperatorComplianceMode, DbmsDockerVendorStrategy}[2]  Time elapsed: 0.269 s  <<< FAILURE!
java.lang.AssertionError: 

Expecting map:
  {"EntandoDatabaseService"="default-dbms-in-namespace", "entando.org/deployment"="default-dbms-in-namespace", "entando.org/entando-resource-kind"="EntandoDatabaseService", "entando.org/entando-resource-namespace"="my-namespace"}
to contain:
  [EntandoDatabaseService=default-dbms-in-namespace,
    deployment=default-dbms-in-namespace,
    EntandoResourceKind=EntandoDatabaseService]
but could not find the following map entries:
  [deployment=default-dbms-in-namespace,
    EntandoResourceKind=EntandoDatabaseService]

	at org.entando.kubernetes.controller.databaseservice.DeployedDatabaseServiceTest.lambda$shouldDeployCorrectPostgresqlImageWithDefaultSettings$17(DeployedDatabaseServiceTest.java:179)
	at org.entando.kubernetes.controller.databaseservice.DeployedDatabaseServiceTest.lambda$shouldDeployCorrectPostgresqlImageWithDefaultSettings$18(DeployedDatabaseServiceTest.java:178)
	at org.entando.kubernetes.controller.databaseservice.DeployedDatabaseServiceTest.shouldDeployCorrectPostgresqlImageWithDefaultSettings(DeployedDatabaseServiceTest.java:170)

[ERROR] shouldDeployMysqlWithGivenConfigurationSettings{EntandoOperatorComplianceMode, DbmsDockerVendorStrategy}[1]  Time elapsed: 0.247 s  <<< FAILURE!
java.lang.AssertionError: 

Expecting map:
  {"EntandoDatabaseService"="my-labelled-mysql-dbms", "entando.org/deployment"="my-labelled-mysql-dbms", "entando.org/entando-resource-kind"="EntandoDatabaseService", "entando.org/entando-resource-namespace"="my-namespace", "my-label"="my-label-value"}
to contain:
  [EntandoDatabaseService=my-labelled-mysql-dbms,
    deployment=my-labelled-mysql-dbms,
    EntandoResourceKind=EntandoDatabaseService]
but could not find the following map entries:
  [deployment=my-labelled-mysql-dbms, EntandoResourceKind=EntandoDatabaseService]

	at org.entando.kubernetes.controller.databaseservice.DeployedDatabaseServiceTest.lambda$shouldDeployMysqlWithGivenConfigurationSettings$39(DeployedDatabaseServiceTest.java:315)
	at org.entando.kubernetes.controller.databaseservice.DeployedDatabaseServiceTest.lambda$shouldDeployMysqlWithGivenConfigurationSettings$40(DeployedDatabaseServiceTest.java:314)
	at org.entando.kubernetes.controller.databaseservice.DeployedDatabaseServiceTest.shouldDeployMysqlWithGivenConfigurationSettings(DeployedDatabaseServiceTest.java:306)

[ERROR] shouldDeployMysqlWithGivenConfigurationSettings{EntandoOperatorComplianceMode, DbmsDockerVendorStrategy}[2]  Time elapsed: 0.228 s  <<< FAILURE!
java.lang.AssertionError: 

Expecting map:
  {"EntandoDatabaseService"="my-labelled-mysql-dbms", "entando.org/deployment"="my-labelled-mysql-dbms", "entando.org/entando-resource-kind"="EntandoDatabaseService", "entando.org/entando-resource-namespace"="my-namespace", "my-label"="my-label-value"}
to contain:
  [EntandoDatabaseService=my-labelled-mysql-dbms,
    deployment=my-labelled-mysql-dbms,
    EntandoResourceKind=EntandoDatabaseService]
but could not find the following map entries:
  [deployment=my-labelled-mysql-dbms, EntandoResourceKind=EntandoDatabaseService]

	at org.entando.kubernetes.controller.databaseservice.DeployedDatabaseServiceTest.lambda$shouldDeployMysqlWithGivenConfigurationSettings$39(DeployedDatabaseServiceTest.java:315)
	at org.entando.kubernetes.controller.databaseservice.DeployedDatabaseServiceTest.lambda$shouldDeployMysqlWithGivenConfigurationSettings$40(DeployedDatabaseServiceTest.java:314)
	at org.entando.kubernetes.controller.databaseservice.DeployedDatabaseServiceTest.shouldDeployMysqlWithGivenConfigurationSettings(DeployedDatabaseServiceTest.java:306)

[INFO] Running org.entando.kubernetes.controller.databaseservice.ExternalDatabaseCapabilityTest
[INFO] Tests run: 4, Failures: 0, Errors: 0, Skipped: 0, Time elapsed: 1.317 s - in org.entando.kubernetes.controller.databaseservice.ExternalDatabaseCapabilityTest
[INFO] 
[INFO] Results:
[INFO] 
[ERROR] Failures: 
[ERROR]   DeployedDatabaseCapabilityTest.shouldDeployCorrectPostgresqlImageWithDefaultSettings:162->lambda$shouldDeployCorrectPostgresqlImageWithDefaultSettings$18:170->lambda$shouldDeployCorrectPostgresqlImageWithDefaultSettings$17:171 
Expecting map:
  {"EntandoDatabaseService"="default-dbms-in-namespace", "entando.org/capability"="Dbms", "entando.org/capability-provision-scope"="Namespace", "entando.org/deployment"="default-dbms-in-namespace", "entando.org/entando-resource-kind"="EntandoDatabaseService", "entando.org/entando-resource-namespace"="my-namespace"}
to contain:
  [EntandoDatabaseService=default-dbms-in-namespace,
    deployment=default-dbms-in-namespace,
    EntandoResourceKind=EntandoDatabaseService]
but could not find the following map entries:
  [deployment=default-dbms-in-namespace,
    EntandoResourceKind=EntandoDatabaseService]

[ERROR]   DeployedDatabaseCapabilityTest.shouldDeployCorrectPostgresqlImageWithDefaultSettings:162->lambda$shouldDeployCorrectPostgresqlImageWithDefaultSettings$18:170->lambda$shouldDeployCorrectPostgresqlImageWithDefaultSettings$17:171 
Expecting map:
  {"EntandoDatabaseService"="default-dbms-in-namespace", "entando.org/capability"="Dbms", "entando.org/capability-provision-scope"="Namespace", "entando.org/deployment"="default-dbms-in-namespace", "entando.org/entando-resource-kind"="EntandoDatabaseService", "entando.org/entando-resource-namespace"="my-namespace"}
to contain:
  [EntandoDatabaseService=default-dbms-in-namespace,
    deployment=default-dbms-in-namespace,
    EntandoResourceKind=EntandoDatabaseService]
but could not find the following map entries:
  [deployment=default-dbms-in-namespace,
    EntandoResourceKind=EntandoDatabaseService]

[ERROR]   DeployedDatabaseCapabilityTest.shouldDeployMysqlWithGivenConfigurationSettings:288->lambda$shouldDeployMysqlWithGivenConfigurationSettings$39:296->lambda$shouldDeployMysqlWithGivenConfigurationSettings$38:297 
Expecting map:
  {"EntandoDatabaseService"="mysql-dbms-5643", "entando.org/capability"="Dbms", "entando.org/capability-implementation"="Mysql", "entando.org/capability-provision-scope"="Labeled", "entando.org/deployment"="mysql-dbms-5643", "entando.org/entando-resource-kind"="EntandoDatabaseService", "entando.org/entando-resource-namespace"="my-namespace", "my-label"="my-label-value"}
to contain:
  [EntandoDatabaseService=mysql-dbms-5643,
    deployment=mysql-dbms-5643,
    EntandoResourceKind=EntandoDatabaseService]
but could not find the following map entries:
  [deployment=mysql-dbms-5643, EntandoResourceKind=EntandoDatabaseService]

[ERROR]   DeployedDatabaseCapabilityTest.shouldDeployMysqlWithGivenConfigurationSettings:288->lambda$shouldDeployMysqlWithGivenConfigurationSettings$39:296->lambda$shouldDeployMysqlWithGivenConfigurationSettings$38:297 
Expecting map:
  {"EntandoDatabaseService"="mysql-dbms-2713", "entando.org/capability"="Dbms", "entando.org/capability-implementation"="Mysql", "entando.org/capability-provision-scope"="Labeled", "entando.org/deployment"="mysql-dbms-2713", "entando.org/entando-resource-kind"="EntandoDatabaseService", "entando.org/entando-resource-namespace"="my-namespace", "my-label"="my-label-value"}
to contain:
  [EntandoDatabaseService=mysql-dbms-2713,
    deployment=mysql-dbms-2713,
    EntandoResourceKind=EntandoDatabaseService]
but could not find the following map entries:
  [deployment=mysql-dbms-2713, EntandoResourceKind=EntandoDatabaseService]

[ERROR]   DeployedDatabaseServiceTest.shouldDeployCorrectPostgresqlImageWithDefaultSettings:170->lambda$shouldDeployCorrectPostgresqlImageWithDefaultSettings$18:178->lambda$shouldDeployCorrectPostgresqlImageWithDefaultSettings$17:179 
Expecting map:
  {"EntandoDatabaseService"="default-dbms-in-namespace", "entando.org/deployment"="default-dbms-in-namespace", "entando.org/entando-resource-kind"="EntandoDatabaseService", "entando.org/entando-resource-namespace"="my-namespace"}
to contain:
  [EntandoDatabaseService=default-dbms-in-namespace,
    deployment=default-dbms-in-namespace,
    EntandoResourceKind=EntandoDatabaseService]
but could not find the following map entries:
  [deployment=default-dbms-in-namespace,
    EntandoResourceKind=EntandoDatabaseService]

[ERROR]   DeployedDatabaseServiceTest.shouldDeployCorrectPostgresqlImageWithDefaultSettings:170->lambda$shouldDeployCorrectPostgresqlImageWithDefaultSettings$18:178->lambda$shouldDeployCorrectPostgresqlImageWithDefaultSettings$17:179 
Expecting map:
  {"EntandoDatabaseService"="default-dbms-in-namespace", "entando.org/deployment"="default-dbms-in-namespace", "entando.org/entando-resource-kind"="EntandoDatabaseService", "entando.org/entando-resource-namespace"="my-namespace"}
to contain:
  [EntandoDatabaseService=default-dbms-in-namespace,
    deployment=default-dbms-in-namespace,
    EntandoResourceKind=EntandoDatabaseService]
but could not find the following map entries:
  [deployment=default-dbms-in-namespace,
    EntandoResourceKind=EntandoDatabaseService]

[ERROR]   DeployedDatabaseServiceTest.shouldDeployMysqlWithGivenConfigurationSettings:306->lambda$shouldDeployMysqlWithGivenConfigurationSettings$40:314->lambda$shouldDeployMysqlWithGivenConfigurationSettings$39:315 
Expecting map:
  {"EntandoDatabaseService"="my-labelled-mysql-dbms", "entando.org/deployment"="my-labelled-mysql-dbms", "entando.org/entando-resource-kind"="EntandoDatabaseService", "entando.org/entando-resource-namespace"="my-namespace", "my-label"="my-label-value"}
to contain:
  [EntandoDatabaseService=my-labelled-mysql-dbms,
    deployment=my-labelled-mysql-dbms,
    EntandoResourceKind=EntandoDatabaseService]
but could not find the following map entries:
  [deployment=my-labelled-mysql-dbms, EntandoResourceKind=EntandoDatabaseService]

[ERROR]   DeployedDatabaseServiceTest.shouldDeployMysqlWithGivenConfigurationSettings:306->lambda$shouldDeployMysqlWithGivenConfigurationSettings$40:314->lambda$shouldDeployMysqlWithGivenConfigurationSettings$39:315 
Expecting map:
  {"EntandoDatabaseService"="my-labelled-mysql-dbms", "entando.org/deployment"="my-labelled-mysql-dbms", "entando.org/entando-resource-kind"="EntandoDatabaseService", "entando.org/entando-resource-namespace"="my-namespace", "my-label"="my-label-value"}
to contain:
  [EntandoDatabaseService=my-labelled-mysql-dbms,
    deployment=my-labelled-mysql-dbms,
    EntandoResourceKind=EntandoDatabaseService]
but could not find the following map entries:
  [deployment=my-labelled-mysql-dbms, EntandoResourceKind=EntandoDatabaseService]

[INFO] 
[ERROR] Tests run: 17, Failures: 8, Errors: 0, Skipped: 0
[INFO] 
[ERROR] There are test failures.

Please refer to /workspace/source/target/surefire-reports for the individual test results.
Please refer to dump files (if any exist) [date].dump, [date]-***Run[N].dump and [date].dumpstream.
[INFO] 
[INFO] --- maven-jar-plugin:3.2.0:jar (default-jar) @ entando-k8s-database-service-controller ---
[INFO] Building jar: /workspace/source/target/entando-k8s-database-service-controller-0.0.0-SNAPSHOT-PR-10-17.jar
[INFO] 
[INFO] --- maven-jar-plugin:3.2.0:test-jar (build-test-jar) @ entando-k8s-database-service-controller ---
[INFO] Building jar: /workspace/source/target/entando-k8s-database-service-controller-0.0.0-SNAPSHOT-PR-10-17-tests.jar
[INFO] 
[INFO] --- maven-javadoc-plugin:3.2.0:jar (attach-javadocs) @ entando-k8s-database-service-controller ---
[INFO] Skipping javadoc generation
[INFO] 
[INFO] --- license-maven-plugin:2.0.0:aggregate-download-licenses (download-licenses) @ entando-k8s-database-service-controller ---
[INFO] skip flag is on, will skip goal.
[INFO] 
[INFO] --- quarkus-maven-plugin:1.13.7.Final:build (default) @ entando-k8s-database-service-controller ---
[INFO] [org.jboss.threads] JBoss Threads version 3.2.0.Final
[WARNING] [io.quarkus.deployment.steps.ReflectiveHierarchyStep] Unable to properly register the hierarchy of the following classes for reflection as they are not in the Jandex index:
	- org.entando.kubernetes.model.common.EntandoCustomResourceStatus (source: JacksonProcessor > org.entando.kubernetes.controller.spi.client.SerializedEntandoResource)
	- org.entando.kubernetes.model.common.ExpectedRole (source: JacksonProcessor > org.entando.kubernetes.controller.spi.deployable.SsoClientConfig)
	- org.entando.kubernetes.model.common.Permission (source: JacksonProcessor > org.entando.kubernetes.controller.spi.deployable.SsoClientConfig)
Consider adding them to the index either by creating a Jandex index for your dependency via the Maven plugin, an empty META-INF/beans.xml or quarkus.index-dependency properties.
[INFO] [io.quarkus.deployment.QuarkusAugmentor] Quarkus augmentation completed in 1591ms
[INFO] 
[INFO] --- maven-surefire-report-plugin:3.0.0-M4:failsafe-report-only (integration-tests) @ entando-k8s-database-service-controller ---
[INFO] 
[INFO] --- dependency-check-maven:6.1.5:aggregate (default) @ entando-k8s-database-service-controller ---
[INFO] Skipping National Vulnerability Database Report
[INFO] 
[INFO] --- jacoco-maven-plugin:0.8.7:report (report) @ entando-k8s-database-service-controller ---
[INFO] Loading e**cution data file /workspace/source/target/jacoco.e**c
[INFO] Analyzed bundle 'Entando K8S Controller for shared Database Services' with 6 classes
[INFO] 
[INFO] --- maven-surefire-report-plugin:3.0.0-M4:report-only (unit-tests) @ entando-k8s-database-service-controller ---
[WARNING] Unable to locate Test Source XRef to link to - DISABLED
[INFO] 
[INFO] --- maven-install-plugin:2.4:install (default-install) @ entando-k8s-database-service-controller ---
[INFO] Installing /workspace/source/target/entando-k8s-database-service-controller-0.0.0-SNAPSHOT-PR-10-17.jar to /home/jenkins/.mvnrepository/org/entando/entando-k8s-database-service-controller/0.0.0-SNAPSHOT-PR-10-17/entando-k8s-database-service-controller-0.0.0-SNAPSHOT-PR-10-17.jar
[INFO] Installing /workspace/source/pom.xml to /home/jenkins/.mvnrepository/org/entando/entando-k8s-database-service-controller/0.0.0-SNAPSHOT-PR-10-17/entando-k8s-database-service-controller-0.0.0-SNAPSHOT-PR-10-17.pom
[INFO] Installing /workspace/source/target/entando-k8s-database-service-controller-0.0.0-SNAPSHOT-PR-10-17-tests.jar to /home/jenkins/.mvnrepository/org/entando/entando-k8s-database-service-controller/0.0.0-SNAPSHOT-PR-10-17/entando-k8s-database-service-controller-0.0.0-SNAPSHOT-PR-10-17-tests.jar
[INFO] 
[INFO] --- maven-deploy-plugin:2.8.2:deploy (default-deploy) @ entando-k8s-database-service-controller ---
[INFO] Using alternate deployment repository local-nexus::default::http://nexus/repository/maven-releases/
[INFO] 
[INFO] --------< org.entando:entando-k8s-database-service-controller >---------
[INFO] Building Entando K8S Controller for shared Database Services 0.0.0-SNAPSHOT-PR-10-17
[INFO] --------------------------------[ jar ]---------------------------------
[INFO] 
[INFO] --- sonar-maven-plugin:3.9.0.2155:sonar (default-cli) @ entando-k8s-database-service-controller ---
[INFO] User cache: /****/.sonar/cache
[INFO] SonarQube version: 8.8.0
[INFO] Default locale: "en_US", source code encoding: "UTF-8"
[INFO] Load global settings
[INFO] Load global settings (done) | time=***ms
[INFO] Server id: 1BD809FA-AWHW8ct9-T_TB3XqouNu
[INFO] User cache: /****/.sonar/cache
[INFO] Load/download plugins
[INFO] Load plugins index
[INFO] Load plugins index (done) | time=81ms
[INFO] Load/download plugins (done) | time=24066ms
[INFO] Loaded core extensions: developer-scanner
[INFO] Load project settings for component key: 'entando-k8s_entando-k8s-database-service-controller'
[INFO] Load project settings for component key: 'entando-k8s_entando-k8s-database-service-controller' (done) | time=41ms
[INFO] Process project properties
[INFO] E**cute project builders
[INFO] E**cute project builders (done) | time=2ms
[INFO] Project key: entando-k8s_entando-k8s-database-service-controller
[INFO] Base dir: /workspace/source
[INFO] Working dir: /workspace/source/target/sonar
[INFO] Load project branches
[INFO] Load project branches (done) | time=35ms
[INFO] Check ALM binding of project 'entando-k8s_entando-k8s-database-service-controller'
[INFO] Detected project binding: NOT_BOUND
[INFO] Check ALM binding of project 'entando-k8s_entando-k8s-database-service-controller' (done) | time=27ms
[INFO] Load project pull requests
[INFO] Load project pull requests (done) | time=40ms
[INFO] Load branch configuration
[INFO] Load branch configuration (done) | time=32ms
[INFO] Load quality profiles
[INFO] Load quality profiles (done) | time=90ms
[INFO] Load active rules
[INFO] Load active rules (done) | time=1440ms
[INFO] Organization key: entando-k8s
[INFO] Pull request 10 for merge into master from PR-10
[INFO] SCM collecting changed files in the branch
[WARNING] Exception caught during e**cution of command '[/usr/local/git/bin/git, config, --******, --edit]' in '/usr/local/git/bin', return code '128', error message 'fatal: Invalid path '/usr/local/git/etc': No such file or directory
'
[INFO] SCM collecting changed files in the branch (done) | time=348ms
[INFO] Indexing files...
[INFO] Project configuration:
[INFO] 14 files inde**d
[INFO] 0 files ignored because of scm ignore settings
[INFO] Quality profile for java: Entando Sonar Way Java
[INFO] Quality profile for xml: Sonar way
[INFO] ------------- Run sensors on module Entando K8S Controller for shared Database Services
[INFO] Load metrics repository
[INFO] Load metrics repository (done) | time=32ms
[INFO] Sensor JavaSensor [java]
[INFO] Configured Java source version (sonar.java.source): 11
[INFO] JavaClasspath initialization
[INFO] JavaClasspath initialization (done) | time=10ms
[INFO] JavaTestClasspath initialization
[INFO] JavaTestClasspath initialization (done) | time=3ms
[INFO] Java "Main" source files AST scan
[INFO] 7 source files to be analyzed
[INFO] 7/7 source files have been analyzed
[INFO] Java "Main" source files AST scan (done) | time=4089ms
[INFO] Java "Test" source files AST scan
[INFO] 6 source files to be analyzed
[INFO] 6/6 source files have been analyzed
[INFO] Java "Test" source files AST scan (done) | time=2335ms
[INFO] No "Generated" source files to scan.
[INFO] Sensor JavaSensor [java] (done) | time=6841ms
[INFO] Sensor CSS Rules [cssfamily]
[INFO] No CSS, PHP, HTML or VueJS files are found in the project. CSS analysis is skipped.
[INFO] Sensor CSS Rules [cssfamily] (done) | time=1ms
[INFO] Sensor C# Project Type Information [csharp]
[INFO] Sensor C# Project Type Information [csharp] (done) | time=1ms
[INFO] Sensor C# Properties [csharp]
[INFO] Sensor C# Properties [csharp] (done) | time=2ms
[INFO] Sensor Import of Checkstyle issues [java]
[INFO] Importing /workspace/source/target/checkstyle-result.xml
[INFO] Sensor Import of Checkstyle issues [java] (done) | time=79ms
[INFO] Sensor SurefireSensor [java]
[INFO] parsing [/workspace/source/target/surefire-reports]
[INFO] Sensor SurefireSensor [java] (done) | time=43ms
[INFO] Sensor JavaXmlSensor [java]
[INFO] 1 source file to be analyzed
[INFO] 1/1 source file has been analyzed
[INFO] Sensor JavaXmlSensor [java] (done) | time=226ms
[INFO] Sensor HTML [web]
[INFO] Sensor HTML [web] (done) | time=5ms
[INFO] Sensor XML Sensor [xml]
[INFO] 1 source file to be analyzed
[INFO] 1/1 source file has been analyzed
[INFO] Sensor XML Sensor [xml] (done) | time=222ms
[INFO] Sensor VB.NET Project Type Information [vbnet]
[INFO] Sensor VB.NET Project Type Information [vbnet] (done) | time=1ms
[INFO] Sensor VB.NET Properties [vbnet]
[INFO] Sensor VB.NET Properties [vbnet] (done) | time=1ms
[INFO] Sensor JaCoCo XML Report Importer [jacoco]
[INFO] Importing 1 report(s). Turn your logs in debug mode in order to see the exhaustive list.
[INFO] Sensor JaCoCo XML Report Importer [jacoco] (done) | time=24ms
[INFO] Sensor ThymeLeaf template sensor [securityjavafrontend]
[INFO] Sensor ThymeLeaf template sensor [securityjavafrontend] (done) | time=2ms
[INFO] Sensor Serverless configuration file sensor [securityjsfrontend]
[INFO] 0 Serverless function entries were found in the project
[INFO] 0 Serverless function handlers were kept as entrypoints
[INFO] Sensor Serverless configuration file sensor [securityjsfrontend] (done) | time=450ms
[INFO] Sensor JavaSecuritySensor [security]
[INFO] Reading type hierarchy from: /workspace/source/target/sonar/ucfg2/java
[INFO] Read 107 type definitions
[INFO] Reading UCFGs from: /workspace/source/target/sonar/ucfg2/java
[INFO] 12:22:04.918042 Building Runtime Type propagation graph
[INFO] 12:22:04.940914 Running Tarjan on 288 nodes
[INFO] 12:22:04.944455 Tarjan found 288 components
[INFO] 12:22:04.948415 Variable type analysis: done
[INFO] 12:22:04.952306 Building Runtime Type propagation graph
[INFO] 12:22:04.96102 Running Tarjan on 288 nodes
[INFO] 12:22:04.962614 Tarjan found 288 components
[INFO] 12:22:04.964173 Variable type analysis: done
[INFO] Analyzing 59 ucfgs to detect vulnerabilities.
[INFO] All rules entrypoints : 0 Retained UCFGs : 0
[INFO] rule: S5131, entrypoints: 0
[INFO] rule: S5131 done
[INFO] rule: S3649, entrypoints: 0
[INFO] rule: S3649 done
[INFO] rule: S2076, entrypoints: 0
[INFO] rule: S2076 done
[INFO] rule: S2091, entrypoints: 0
[INFO] rule: S2091 done
[INFO] rule: S2078, entrypoints: 0
[INFO] rule: S2078 done
[INFO] rule: S2631, entrypoints: 0
[INFO] rule: S2631 done
[INFO] rule: S5135, entrypoints: 0
[INFO] rule: S5135 done
[INFO] rule: S2083, entrypoints: 0
[INFO] rule: S2083 done
[INFO] rule: S5167, entrypoints: 0
[INFO] rule: S5167 done
[INFO] rule: S5144, entrypoints: 0
[INFO] rule: S5144 done
[INFO] rule: S5145, entrypoints: 0
[INFO] rule: S5145 done
[INFO] rule: S5146, entrypoints: 0
[INFO] rule: S5146 done
[INFO] rule: S5334, entrypoints: 0
[INFO] rule: S5334 done
[INFO] rule: S6096, entrypoints: 0
[INFO] rule: S6096 done
[INFO] Sensor JavaSecuritySensor [security] (done) | time=607ms
[INFO] Sensor CSharpSecuritySensor [security]
[INFO] Reading type hierarchy from: /workspace/source/target/ucfg_cs2
[INFO] Read 0 type definitions
[INFO] Reading UCFGs from: /workspace/source/target/ucfg_cs2
[INFO] No UCFGs have been included for analysis.
[INFO] Sensor CSharpSecuritySensor [security] (done) | time=1ms
[INFO] Sensor PhpSecuritySensor [security]
[INFO] Reading type hierarchy from: /workspace/source/target/sonar/ucfg2/php
[INFO] Read 0 type definitions
[INFO] Reading UCFGs from: /workspace/source/target/sonar/ucfg2/php
[INFO] No UCFGs have been included for analysis.
[INFO] Sensor PhpSecuritySensor [security] (done) | time=1ms
[INFO] Sensor PythonSecuritySensor [security]
[INFO] Reading type hierarchy from: /workspace/source/target/sonar/ucfg2/python
[INFO] Read 0 type definitions
[INFO] Reading UCFGs from: /workspace/source/target/sonar/ucfg2/python
[INFO] No UCFGs have been included for analysis.
[INFO] Sensor PythonSecuritySensor [security] (done) | time=1ms
[INFO] Sensor JsSecuritySensor [security]
[INFO] Reading type hierarchy from: /workspace/source/target/sonar/ucfg2/js
[INFO] Read 0 type definitions
[INFO] Reading UCFGs from: /workspace/source/target/sonar/ucfg2/js
[INFO] 12:22:05.367402 Building Runtime Type propagation graph
[INFO] 12:22:05.367733 Running Tarjan on 0 nodes
[INFO] 12:22:05.367899 Tarjan found 0 components
[INFO] 12:22:05.368109 Variable type analysis: done
[INFO] 12:22:05.368328 Building Runtime Type propagation graph
[INFO] 12:22:05.368543 Running Tarjan on 0 nodes
[INFO] 12:22:05.368706 Tarjan found 0 components
[INFO] 12:22:05.36891 Variable type analysis: done
[INFO] Analyzing 1 ucfgs to detect vulnerabilities.
[INFO] rule: S5334, entrypoints: 2
[INFO] Running symbolic analysis
[INFO] rule: S5334 done
[INFO] rule: S5147, entrypoints: 2
[INFO] Running symbolic analysis
[INFO] rule: S5147 done
[INFO] rule: S6105, entrypoints: 2
[INFO] Running symbolic analysis
[INFO] rule: S6105 done
[INFO] rule: S5696, entrypoints: 2
[INFO] Running symbolic analysis
[INFO] rule: S5696 done
[INFO] rule: S5146, entrypoints: 2
[INFO] Running symbolic analysis
[INFO] rule: S5146 done
[INFO] rule: S3649, entrypoints: 2
[INFO] Running symbolic analysis
[INFO] rule: S3649 done
[INFO] rule: S5144, entrypoints: 2
[INFO] Running symbolic analysis
[INFO] rule: S5144 done
[INFO] rule: S5131, entrypoints: 2
[INFO] Running symbolic analysis
[INFO] rule: S5131 done
[INFO] rule: S2631, entrypoints: 2
[INFO] Running symbolic analysis
[INFO] rule: S2631 done
[INFO] rule: S2076, entrypoints: 2
[INFO] Running symbolic analysis
[INFO] rule: S2076 done
[INFO] rule: S6096, entrypoints: 2
[INFO] Running symbolic analysis
[INFO] rule: S6096 done
[INFO] rule: S2083, entrypoints: 2
[INFO] Running symbolic analysis
[INFO] rule: S2083 done
[INFO] rule: S5883, entrypoints: 2
[INFO] Running symbolic analysis
[INFO] rule: S5883 done
[INFO] Sensor JsSecuritySensor [security] (done) | time=787ms
[INFO] ------------- Run sensors on project
[INFO] Sensor Zero Coverage Sensor
[INFO] Sensor Zero Coverage Sensor (done) | time=0ms
[INFO] Sensor Java CPD Block Inde**r
[INFO] Sensor Java CPD Block Inde**r (done) | time=46ms
[INFO] SCM Publisher SCM provider for this project is: git
[INFO] SCM Publisher 14 source files to be analyzed
[INFO] SCM Publisher 13/14 source files have been analyzed (done) | time=171ms
[WARNING] Missing blame information for the following files:
[WARNING]   * pom.xml
[WARNING] This may lead to missing/broken features in SonarCloud
[INFO] CPD E**cutor 2 files had no CPD blocks
[INFO] CPD E**cutor Calculating CPD for 5 files
[INFO] CPD E**cutor CPD calculation finished (done) | time=12ms
[INFO] SCM writing changed lines
[INFO] SCM writing changed lines (done) | time=142ms
[INFO] Analysis report generated in 356ms, dir size=386 KB
[INFO] Analysis report compressed in 51ms, zip size=104 KB
[INFO] Analysis report uploaded in 159ms
[INFO] ANALYSIS SUCCESSFUL, you can find the results at: https://sonarcloud.io/dashboard?id=entando-k8s_entando-k8s-database-service-controller&pullRequest=10
[INFO] Note that you will be able to access the updated dashboard once the server has processed the submitted analysis report
[INFO] More about the report processing at https://sonarcloud.io/api/ce/task?id=AXqGEW0yAt0slFSlxqxZ
[INFO] Analysis total time: 15.774 s
[INFO] ------------------------------------------------------------------------
[INFO] BUILD SUCCESS
[INFO] ------------------------------------------------------------------------
[INFO] Total time:  01:27 min
[INFO] Finished at: 2021-07-08T12:22:07Z
[INFO] ------------------------------------------------------------------------
Picked up _JAVA_OPTIONS: -XX:+UnlockExperimentalVMOptions -Dsun.zip.disableMemoryMapping=**** -XX:+UseParallelGC -XX:MinHeapFreeRatio=5 -XX:MaxHeapFreeRatio=10 -XX:GCTimeRatio=4 -XX:AdaptiveSizePolicyWeight=90 -Xms1000m -Xmx12000m
[INFO] Scanning for projects...
[INFO] 
[INFO] --------< org.entando:entando-k8s-database-service-controller >---------
[INFO] Building Entando K8S Controller for shared Database Services 0.0.0-SNAPSHOT-PR-10-17
[INFO] --------------------------------[ jar ]---------------------------------
[INFO] 
[INFO] --- maven-site-plugin:3.9.0:site (default-site) @ entando-k8s-database-service-controller ---
[INFO] configuring report plugin org.apache.maven.plugins:maven-project-info-reports-plugin:3.0.0
[INFO] 9 reports configured for maven-project-info-reports-plugin:3.0.0: dependency-info, distribution-management, index, ci-management, issue-management, licenses, plugins, scm, summary
[INFO] Rendering site with default locale English (en)
[WARNING] Unable to find a URL to the parent project. The parent menu will NOT be added.
[INFO] Relativizing decoration links with respect to localized project URL: https://central.entando.com
[INFO] Rendering content with org.apache.maven.skins:maven-default-skin:jar:1.3 skin.
[INFO] Generating "Dependency Information" report --- maven-project-info-reports-plugin:3.0.0:dependency-info
[INFO] Generating "About" report         --- maven-project-info-reports-plugin:3.0.0:index
[INFO] Generating "Issue Management" report --- maven-project-info-reports-plugin:3.0.0:issue-management
[INFO] Generating "Licenses" report      --- maven-project-info-reports-plugin:3.0.0:licenses
[INFO] Generating "Plugins" report       --- maven-project-info-reports-plugin:3.0.0:plugins
[INFO] Generating "Source Code Management" report --- maven-project-info-reports-plugin:3.0.0:scm
[INFO] Generating "Summary" report       --- maven-project-info-reports-plugin:3.0.0:summary
[INFO] 
[INFO] --- allure-maven:2.10.0:report (default) @ entando-k8s-database-service-controller ---
[INFO] Allure installation directory /workspace/source/.allure
[INFO] Try to finding out allure 2.14.0
[INFO] Downloading allure commandline...
[INFO] Proxy is not specified.
[INFO] Downloading allure commandline complete
[INFO] Generate Allure report (report) with version 2.14.0
[INFO] Generate Allure report to /workspace/source/target/site/allure-reports
[INFO] Found results directory /workspace/source/target/allure-results
[INFO] Can't find information about categories.
[INFO] Generate report to /workspace/source/target/site/allure-reports
Picked up _JAVA_OPTIONS: -XX:+UnlockExperimentalVMOptions -Dsun.zip.disableMemoryMapping=**** -XX:+UseParallelGC -XX:MinHeapFreeRatio=5 -XX:MaxHeapFreeRatio=10 -XX:GCTimeRatio=4 -XX:AdaptiveSizePolicyWeight=90 -Xms1000m -Xmx12000m
Report successfully generated to /workspace/source/target/site/allure-reports
[INFO] Report generated successfully.
[INFO] ------------------------------------------------------------------------
[INFO] BUILD SUCCESS
[INFO] ------------------------------------------------------------------------
[INFO] Total time:  16.367 s
[INFO] Finished at: 2021-07-08T12:22:25Z
[INFO] ------------------------------------------------------------------------
Pre-deployment tests failed for entando-k8s-database-service-controller-PR-10.
The following checks failed for entando-k8s-database-service-controller-PR-10:
Pre-deployment tests
[31m
Pipeline failed on stage 'from-build-pack' : container 'step-build-mvn-verify-pr'. The execution of the pipeline has stopped.[0m
