
Showing logs for build [32mentando-k8s-entando-k8s-control-vtkdb-46[0m stage [32mfrom-build-pack[0m and container [32mcredential-initializer[0m
{"level":"info","ts":1627899894.8861163,"caller":"creds-init/main.go:44","msg":"Credentials initialized."}

Showing logs for build [32mentando-k8s-entando-k8s-control-vtkdb-46[0m stage [32mfrom-build-pack[0m and container [32mworking-dir-initializer[0m

Showing logs for build [32mentando-k8s-entando-k8s-control-vtkdb-46[0m stage [32mfrom-build-pack[0m and container [32mplace-tools[0m

Showing logs for build [32mentando-k8s-entando-k8s-control-vtkdb-46[0m stage [32mfrom-build-pack[0m and container [32mstep-git-source-entando-k8s-entando-k8s-control-vtkdb-wxpz4[0m
{"level":"info","ts":1627899915.6908724,"caller":"git/git.go:105","msg":"Successfully cloned https://github.com/entando-k8s/entando-k8s-controller-coordinator.git @ master in path /workspace/source"}
{"level":"warn","ts":1627899915.6912723,"caller":"git/git.go:152","msg":"Unexpected error: creating symlink: symlink /tekton/home/.ssh /****/.ssh: file exists"}
{"level":"info","ts":1627899915.7706957,"caller":"git/git.go:133","msg":"Successfully initialized and updated submodules in path /workspace/source"}

Showing logs for build [32mentando-k8s-entando-k8s-control-vtkdb-46[0m stage [32mfrom-build-pack[0m and container [32mstep-setup-builder-home[0m

Showing logs for build [32mentando-k8s-entando-k8s-control-vtkdb-46[0m stage [32mfrom-build-pack[0m and container [32mstep-git-merge[0m
Using SHAs from PULL_REFS=master:f7a594ed87c434f968d2769a9e47184bdd717980,75:94ea3a16add40a2dad774313bd3a920e8f1538bb
DEBUG: LC_ALL=C JX_LOG_LEVEL=error git fetch origin --unshallow 94ea3a16add40a2dad774313bd3a920e8f1538bb: f7a594ed87c434f968d2769a9e47184bdd717980:
DEBUG: ran git fetch --unshallow origin 94ea3a16add40a2dad774313bd3a920e8f1538bb: f7a594ed87c434f968d2769a9e47184bdd717980: in 
DEBUG: JX_LOG_LEVEL=error LC_ALL=C git branch
DEBUG: LC_ALL=C JX_LOG_LEVEL=error git checkout master
DEBUG: ran git checkout master in 
DEBUG: LC_ALL=C JX_LOG_LEVEL=error git reset --hard f7a594ed87c434f968d2769a9e47184bdd717980
DEBUG: ran git reset --hard f7a594ed87c434f968d2769a9e47184bdd717980 in 
DEBUG: LC_ALL=C JX_LOG_LEVEL=error git clean -fd .
DEBUG: ran clean --force -d . in 
DEBUG: LC_ALL=C JX_LOG_LEVEL=error git merge 94ea3a16add40a2dad774313bd3a920e8f1538bb
DEBUG: ran git merge 94ea3a16add40a2dad774313bd3a920e8f1538bb in 
DEBUG: LC_ALL=C JX_LOG_LEVEL=error git log --format=%H%x1f%an%x1f%ae%x1f%cn%x1f%ce%x1f%s%n%b%x1e f7a594ed87c434f968d2769a9e47184bdd717980..HEAD
Merged SHA 94ea3a16add40a2dad774313bd3a920e8f1538bb with commit message 'ENG-2284 latest images' into base branch master
Merged SHA e1ef91cea8b42159e6de004bef8bddaccc17291e with commit message 'ENG-2284 fi**d values.yaml' into base branch master
Merged SHA 585decd358c9dc5848ac18481bb87769e9e7b082 with commit message 'ENG-2284 using latest controller images' into base branch master
Merged SHA b2ea36045a6ebf6844a7057f9f020749f36e3cdc with commit message 'ENG-2284 bumped to latest operator-common' into base branch master
Merged SHA 8e92d25043669de3527952240b4c535ebd916ffe with commit message 'ENG-2284 some tweaks to the resource watchers' into base branch master
Merged SHA aa6f664b5250490bdc5695fb8797042067e1f913 with commit message 'ENG-2284 bumped to latest operator-common' into base branch master
Merged SHA 9f3521d0c4604e3206e1792a37c672626d7351b5 with commit message 'ENG-2284 fi**d helm tempalte' into base branch master
Merged SHA a1faf1aae7410847cccb960dec6fbd8628f59447 with commit message 'ENG-2284 removed event logging from RestartingWatcher' into base branch master
Merged SHA 456f30c91538736a69b6168ab9d9ebccc4cc36a4 with commit message 'ENG-2284 bumped all latest images' into base branch master
Merged SHA 274fdbc7a0beca537065953b169e62be3f13f612 with commit message 'ENG-2284 fi**d ingress-viewer clusterrole' into base branch master
Merged SHA 43c3f70cf58323c14b7f43dd3d07e045e642eb0d with commit message 'ENG-2284 remove accidental override of onClose method' into base branch master
Merged SHA 54eeca0fcc98fadccbeed74ccaca43a0389370e4 with commit message 'ENG-2284 bumped parent' into base branch master
Merged SHA 51036ecf12d778df238c2dd29c6e07b6462be80c with commit message 'ENG-2284 using cleartext redhat registry credentials' into base branch master
Merged SHA 76c204d9ac608a00a0b4b47f0861ae7ea9b68d23 with commit message 'ENG-2284' into base branch master
Merged SHA d2c2e2780a0facd4212fa92bc789e8de92b82577 with commit message 'ENG-2284 fi**d some integration tests' into base branch master
Merged SHA 8ba05bb227ab0f060e506ea228f8337970896329 with commit message 'ENG-2284 rela**d timeouts' into base branch master
Merged SHA a682e7cdeef908f4a55906ed5b8feb8af316cded with commit message 'ENG-2284 fi**d compilation errors' into base branch master
Merged SHA 6395f1f769fa248550ce3639cc53280080bfd297 with commit message 'ENG-2284 latest images' into base branch master
Merged SHA 10efa002ab03a3de135b60d89223f6af1f235b4e with commit message 'ENG-2284 changed ingressHostname to compliant name for *.*************' into base branch master
Merged SHA b2035532bb1c1b5d9c1971cf2f463289773ebf4f with commit message 'ENG-2284 bumped to latest app-controller' into base branch master
Merged SHA 1b79660d49c8e2c5408e1dba626f42b41649fda6 with commit message 'ENG-2284 removed superfluous deletion of TestResources' into base branch master
Merged SHA fd7c7faf510a36f8403724da82c91f9e9de8c74b with commit message 'ENG-2284 addressed some waiting require for CRD APIs to become available' into base branch master
Merged SHA 80bd21bee38e06cae90c518e17c40cc65fd298cc with commit message 'ENF-2284 now deleting test crds' into base branch master
Merged SHA 9c394e24803b092cb907ad20a174d8e5d4cfa39d with commit message 'ENG-2284 using latest app-controller and keycloak-controller to verify that the inter-namespace issue has been addressed' into base branch master
Merged SHA d46ad0e6cd6353ae6db9c06495d42f94d33953dd with commit message 'ENG-2284 checkstyle' into base branch master
Merged SHA 28d61ad1507fb95f24b6b98b8d865f909f6c3d50 with commit message 'ENG-2284 using latest keycloak-controller' into base branch master
Merged SHA 4d9c875d67961cdbb43b72153a8f6804d3223d28 with commit message 'ENG-2284 deleting existing ProvidedCapabilities from the Adapater tests' into base branch master
Merged SHA bc692e4022c797***be9cd80d2b88a10c95167e5 with commit message 'ENG-2284 fi**d interference between adapter tests and smoketest' into base branch master
Merged SHA 7ef5de2c29248c9e475dc505ffa1c091f0f536b9 with commit message 'ENG-2284 trying to sort out HTTPS' into base branch master
Merged SHA f4c8fd089eac387893dc96eeabdf346d9f1cbee2 with commit message 'ENG-2284 using latest Keycloak controller' into base branch master
Merged SHA 3d78c3a303ad6a43dd067773dd23248994a46db3 with commit message 'ENG-2284 trying to make the smoketest more robust' into base branch master
Merged SHA 07939e26e4e8281f122489916a704e92ad0a2e80 with commit message 'ENG-2284 bumped to latest parent' into base branch master
Merged SHA 6bee31df9a013dacf81972cc1d3c8c3c86777920 with commit message 'ENG-2284 toned down deletion of resources in adapter tests' into base branch master
Merged SHA 1d51e880566a6ef07902f677350f1dc73d6b9803 with commit message 'ENG-2284 activated post-deployment tests' into base branch master
Merged SHA 928951356f3e9870af724ef3ac14b0c39bcb9341 with commit message 'ENG-2284 bumped operator-common' into base branch master
Merged SHA 019c4be77f546e1df63541af46f887279bae3618 with commit message 'ENG-2284 improved coverage a bit' into base branch master
Merged SHA 86a3253e41c8d3dfce18ae6c910f79a24461ba79 with commit message '#ENG-2284 first smoketest' into base branch master
Merged SHA a38f102b8965c10022c0373178becab7f6d85d92 with commit message '#ENG-2284 first smoketest' into base branch master
Merged SHA 5fe9483522bb4315b0e059af2cb269f6cec0d99f with commit message '#ENG02284 bumped to latest operator-common' into base branch master
Merged SHA c6302a4724fdcf7ef93b70bd45bbba23add8f948 with commit message '#ENG-2284 disabled end to end tests' into base branch master
Merged SHA fe2c6ef1eb7b47af4f8fffc9b65167e64958c24b with commit message '#ENG-2284 refined adapter tests for robustness' into base branch master
Merged SHA 7799c4d2a74dce233573eb43b40705b238179da0 with commit message '#ENG-2284 93% test coverage' into base branch master
Merged SHA 2f94a83a890794df03d59b94cddd2748d149a969 with commit message '#ENG-2284 removed chown directive from Dockerfile.***' into base branch master
Merged SHA 5c3ea618350bc49d1ca033cf326a5aeffba344f0 with commit message '#ENG-2284 tried different checks in pods' into base branch master
Merged SHA db364d5ed1f8f5d99bee146900d3b26e2a577b6d with commit message '#2284 new EntandoCustomResource agnostic implementation' into base branch master
Merged SHA 85f83b98385280542be6f6a0dbb8ea60eada2633 with commit message '#ENG-2284 increased in-process test coverage' into base branch master
Merged SHA cdf72e9497c15293ee9aa10f1948c430eade3dc7 with commit message '#ENG-2284 first commit after redesign' into base branch master
Merged SHA d45270d94a020fd40e9a177374f4c900f4664160 with commit message '#ENG-2284 decoupled from operator-common' into base branch master
Merged SHA 5f5eebecbf232dbd759ffabbd8c8bbbfa3a98052 with commit message '#ENG-2284 some comments' into base branch master
Merged SHA 24f34511c73d8861264755f4d2258dbaa58c7403 with commit message '#ENG-2284 some initial experimental refactorings' into base branch master
Merged SHA a29a89987fe411a412ac75d694552f0ec9bbeaad with commit message '#ENG-2884 removed EntandoClusterInfrastructure' into base branch master

Showing logs for build [32mentando-k8s-entando-k8s-control-vtkdb-46[0m stage [32mfrom-build-pack[0m and container [32mstep-build-set-version[0m
Picked up _JAVA_OPTIONS: -XX:+UnlockExperimentalVMOptions -Dsun.zip.disableMemoryMapping=**** -XX:+UseParallelGC -XX:MinHeapFreeRatio=5 -XX:MaxHeapFreeRatio=10 -XX:GCTimeRatio=4 -XX:AdaptiveSizePolicyWeight=90 -Xms1000m -Xmx12000m
[INFO] Scanning for projects...
[INFO] 
[INFO] -----------< org.entando:entando-k8s-controller-coordinator >-----------
[INFO] Building Entando K8S Controller Coordinator 6.3.0-SNAPSHOT
[INFO] --------------------------------[ jar ]---------------------------------
[INFO] 
[INFO] --- versions-maven-plugin:2.8.1:set (default-cli) @ entando-k8s-controller-coordinator ---
[INFO] Local aggregation ****: /workspace/source
[INFO] Processing change of org.entando:entando-k8s-controller-coordinator:6.3.0-SNAPSHOT -> 0.0.0-SNAPSHOT-PR-75-46
[INFO] Processing org.entando:entando-k8s-controller-coordinator
[INFO]     Updating project org.entando:entando-k8s-controller-coordinator
[INFO]         from version 6.3.0-SNAPSHOT to 0.0.0-SNAPSHOT-PR-75-46
[INFO] 
[INFO] ------------------------------------------------------------------------
[INFO] BUILD SUCCESS
[INFO] ------------------------------------------------------------------------
[INFO] Total time:  9.520 s
[INFO] Finished at: 2021-08-02T10:25:30Z
[INFO] ------------------------------------------------------------------------

Showing logs for build [32mentando-k8s-entando-k8s-control-vtkdb-46[0m stage [32mfrom-build-pack[0m and container [32mstep-build-fix-git-for-sonar[0m
M	pom.xml
Switched to a new branch 'PR-75'
Deleted branch master (was 94ea3a1).
From https://github.com/entando-k8s/entando-k8s-controller-coordinator
 * [new branch]      master                  -> master
 * [new tag]         Entando6.2.1-pre-test01 -> Entando6.2.1-pre-test01

Showing logs for build [32mentando-k8s-entando-k8s-control-vtkdb-46[0m stage [32mfrom-build-pack[0m and container [32mstep-build-mvn-verify-pr[0m
Picked up _JAVA_OPTIONS: -XX:+UnlockExperimentalVMOptions -Dsun.zip.disableMemoryMapping=**** -XX:+UseParallelGC -XX:MinHeapFreeRatio=5 -XX:MaxHeapFreeRatio=10 -XX:GCTimeRatio=4 -XX:AdaptiveSizePolicyWeight=90 -Xms1000m -Xmx12000m
[INFO] Scanning for projects...
[INFO] 
[INFO] -----------< org.entando:entando-k8s-controller-coordinator >-----------
[INFO] Building Entando K8S Controller Coordinator 0.0.0-SNAPSHOT-PR-75-46
[INFO] --------------------------------[ jar ]---------------------------------
[INFO] 
[INFO] --- maven-checkstyle-plugin:3.1.1:check (validate) @ entando-k8s-controller-coordinator ---
[INFO] Starting audit...
Audit done.
[INFO] You have 0 Checkstyle violations.
[INFO] 
[INFO] --- maven-checkstyle-plugin:3.1.1:checkstyle (validate) @ entando-k8s-controller-coordinator ---
[INFO] Starting audit...
Audit done.
[INFO] 
[INFO] --- jacoco-maven-plugin:0.8.7:prepare-agent (prepare-agent) @ entando-k8s-controller-coordinator ---
[INFO] argLine set to -javaagent:/home/jenkins/.mvnrepository/org/jacoco/org.jacoco.agent/0.8.7/org.jacoco.agent-0.8.7-runtime.jar=destfile=/workspace/source/target/jacoco.e**c
[INFO] 
[INFO] --- maven-resources-plugin:2.6:resources (default-resources) @ entando-k8s-controller-coordinator ---
[INFO] Using 'UTF-8' encoding to copy filtered resources.
[INFO] Copying 4 resources
[INFO] 
[INFO] --- maven-compiler-plugin:3.8.1:compile (default-compile) @ entando-k8s-controller-coordinator ---
[INFO] Changes detected - recompiling the module!
[INFO] Compiling 23 source files to /workspace/source/target/classes
[INFO] 
[INFO] --- maven-resources-plugin:2.6:testResources (default-testResources) @ entando-k8s-controller-coordinator ---
[INFO] Using 'UTF-8' encoding to copy filtered resources.
[INFO] Copying 8 resources
[INFO] 
[INFO] --- maven-compiler-plugin:3.8.1:testCompile (default-testCompile) @ entando-k8s-controller-coordinator ---
[INFO] Changes detected - recompiling the module!
[INFO] Compiling 16 source files to /workspace/source/target/test-classes
[INFO] 
[INFO] --- maven-surefire-plugin:3.0.0-M1:test (default-test) @ entando-k8s-controller-coordinator ---
[INFO] 
[INFO] -------------------------------------------------------
[INFO]  T E S T S
[INFO] -------------------------------------------------------
[INFO] Running org.entando.kubernetes.controller.coordinator.DefaultSimpleEntandoOperationsTest
[INFO] Tests run: 6, Failures: 0, Errors: 0, Skipped: 0, Time elapsed: 84.05 s - in org.entando.kubernetes.controller.coordinator.DefaultSimpleEntandoOperationsTest
[INFO] Running org.entando.kubernetes.controller.coordinator.ControllerCoordinatorProcessingCriteriaTest
Aug 02, 2021 10:27:29 AM org.entando.kubernetes.controller.coordinator.EntandoResourceObserver <init>
INFO: Listening to CRD 'providedcapabilities.entando.org'
Aug 02, 2021 10:27:29 AM org.entando.kubernetes.controller.coordinator.EntandoResourceObserver <init>
INFO: Listening to CRD 'testresources.test.org'
Aug 02, 2021 10:27:29 AM org.entando.kubernetes.controller.coordinator.EntandoControllerCoordinator onStartup
INFO: The EntandoControllerCoordinator has started up successfully
Aug 02, 2021 10:27:29 AM org.entando.kubernetes.controller.coordinator.EntandoResourceObserver logResource
INFO: Received MODIFIED for the TestResource observed-namespace/test-keycloak
Aug 02, 2021 10:27:29 AM org.entando.kubernetes.controller.coordinator.EntandoResourceObserver logResource
WARNING: Duplicate event for TestResource observed-namespace/test-keycloak. ResourceVersion=2524836
Aug 02, 2021 10:27:29 AM org.entando.kubernetes.controller.coordinator.EntandoResourceObserver <init>
INFO: Listening to CRD 'providedcapabilities.entando.org'
Aug 02, 2021 10:27:29 AM org.entando.kubernetes.controller.coordinator.EntandoResourceObserver <init>
INFO: Listening to CRD 'testresources.test.org'
Aug 02, 2021 10:27:29 AM org.entando.kubernetes.controller.coordinator.EntandoControllerCoordinator onStartup
INFO: The EntandoControllerCoordinator has started up successfully
Aug 02, 2021 10:27:29 AM org.entando.kubernetes.controller.coordinator.EntandoResourceObserver <init>
INFO: Listening to CRD 'providedcapabilities.entando.org'
Aug 02, 2021 10:27:29 AM org.entando.kubernetes.controller.coordinator.EntandoResourceObserver logResource
INFO: Received MODIFIED for the TestResource observed-namespace/test-keycloak
Aug 02, 2021 10:27:29 AM org.entando.kubernetes.controller.coordinator.EntandoResourceObserver <init>
INFO: Listening to CRD 'testresources.test.org'
Aug 02, 2021 10:27:29 AM org.entando.kubernetes.controller.coordinator.EntandoControllerCoordinator onStartup
INFO: The EntandoControllerCoordinator has started up successfully
Aug 02, 2021 10:27:30 AM org.entando.kubernetes.controller.coordinator.EntandoResourceObserver <init>
INFO: Listening to CRD 'providedcapabilities.entando.org'
Aug 02, 2021 10:27:30 AM org.entando.kubernetes.controller.coordinator.EntandoResourceObserver logResource
INFO: Received MODIFIED for the TestResource observed-namespace/test-keycloak
Aug 02, 2021 10:27:30 AM org.entando.kubernetes.controller.coordinator.EntandoResourceObserver <init>
INFO: Listening to CRD 'testresources.test.org'
Aug 02, 2021 10:27:30 AM org.entando.kubernetes.controller.coordinator.EntandoControllerCoordinator onStartup
INFO: The EntandoControllerCoordinator has started up successfully
Aug 02, 2021 10:27:30 AM org.entando.kubernetes.controller.coordinator.EntandoResourceObserver <init>
INFO: Listening to CRD 'providedcapabilities.entando.org'
Aug 02, 2021 10:27:30 AM org.entando.kubernetes.controller.coordinator.EntandoResourceObserver logResource
INFO: Received MODIFIED for the TestResource observed-namespace/test-keycloak
Aug 02, 2021 10:27:30 AM org.entando.kubernetes.controller.coordinator.EntandoResourceObserver <init>
INFO: Listening to CRD 'testresources.test.org'
Aug 02, 2021 10:27:30 AM org.entando.kubernetes.controller.coordinator.EntandoControllerCoordinator onStartup
INFO: The EntandoControllerCoordinator has started up successfully
Aug 02, 2021 10:27:30 AM org.entando.kubernetes.controller.coordinator.EntandoResourceObserver logResource
INFO: TestResource observed-namespace/test-keycloak was processed successfully
Aug 02, 2021 10:27:30 AM org.entando.kubernetes.controller.coordinator.EntandoResourceObserver logResource
INFO: TestResource observed-namespace/test-keycloak was processed successfully
Aug 02, 2021 10:27:30 AM org.entando.kubernetes.controller.coordinator.EntandoResourceObserver logResource
INFO: Received MODIFIED for the ProvidedCapability observed-namespace/my-capability
Aug 02, 2021 10:27:30 AM org.entando.kubernetes.controller.coordinator.EntandoResourceObserver <init>
INFO: Listening to CRD 'providedcapabilities.entando.org'
Aug 02, 2021 10:27:30 AM org.entando.kubernetes.controller.coordinator.EntandoResourceObserver <init>
INFO: Listening to CRD 'testresources.test.org'
Aug 02, 2021 10:27:30 AM org.entando.kubernetes.controller.coordinator.EntandoControllerCoordinator onStartup
INFO: The EntandoControllerCoordinator has started up successfully
Aug 02, 2021 10:27:31 AM org.entando.kubernetes.controller.coordinator.EntandoResourceObserver <init>
INFO: Listening to CRD 'providedcapabilities.entando.org'
Aug 02, 2021 10:27:31 AM org.entando.kubernetes.controller.coordinator.EntandoResourceObserver logResource
INFO: Received MODIFIED for the TestResource observed-namespace/test-keycloak
Aug 02, 2021 10:27:31 AM org.entando.kubernetes.controller.coordinator.EntandoResourceObserver <init>
INFO: Listening to CRD 'testresources.test.org'
Aug 02, 2021 10:27:31 AM org.entando.kubernetes.controller.coordinator.EntandoControllerCoordinator onStartup
INFO: The EntandoControllerCoordinator has started up successfully
Aug 02, 2021 10:27:31 AM org.entando.kubernetes.controller.coordinator.EntandoResourceObserver logResource
INFO: TestResource observed-namespace/test-keycloak was processed successfully
Aug 02, 2021 10:27:31 AM org.entando.kubernetes.controller.coordinator.EntandoResourceObserver logResource
INFO: TestResource observed-namespace/test-keycloak was processed successfully
Aug 02, 2021 10:27:31 AM org.entando.kubernetes.controller.coordinator.EntandoResourceObserver <init>
INFO: Listening to CRD 'providedcapabilities.entando.org'
Aug 02, 2021 10:27:31 AM org.entando.kubernetes.controller.coordinator.EntandoResourceObserver <init>
INFO: Listening to CRD 'testresources.test.org'
Aug 02, 2021 10:27:31 AM org.entando.kubernetes.controller.coordinator.EntandoControllerCoordinator onStartup
INFO: The EntandoControllerCoordinator has started up successfully
Aug 02, 2021 10:27:31 AM org.entando.kubernetes.controller.coordinator.EntandoResourceObserver <init>
INFO: Listening to CRD 'providedcapabilities.entando.org'
Aug 02, 2021 10:27:31 AM org.entando.kubernetes.controller.coordinator.EntandoResourceObserver logResource
INFO: Received MODIFIED for the TestResource observed-namespace/test-keycloak
Aug 02, 2021 10:27:31 AM org.entando.kubernetes.controller.coordinator.EntandoResourceObserver <init>
INFO: Listening to CRD 'testresources.test.org'
Aug 02, 2021 10:27:31 AM org.entando.kubernetes.controller.coordinator.EntandoControllerCoordinator onStartup
INFO: The EntandoControllerCoordinator has started up successfully
[INFO] Tests run: 9, Failures: 0, Errors: 0, Skipped: 0, Time elapsed: 3.353 s - in org.entando.kubernetes.controller.coordinator.ControllerCoordinatorProcessingCriteriaTest
[INFO] Running org.entando.kubernetes.controller.coordinator.LivenessTests
Aug 02, 2021 10:27:31 AM org.entando.kubernetes.controller.coordinator.EntandoResourceObserver <init>
INFO: Listening to CRD 'testresources.test.org'
Aug 02, 2021 10:27:31 AM org.entando.kubernetes.controller.coordinator.EntandoResourceObserver <init>
INFO: Listening to CRD 'providedcapabilities.entando.org'
Aug 02, 2021 10:27:31 AM org.entando.kubernetes.controller.coordinator.EntandoControllerCoordinator onStartup
INFO: The EntandoControllerCoordinator has started up successfully
Aug 02, 2021 10:27:31 AM org.entando.kubernetes.controller.coordinator.EntandoResourceObserver logResource
INFO: Received MODIFIED for the TestResource controller-namespace/test-keycloak
Aug 02, 2021 10:27:31 AM org.entando.kubernetes.controller.coordinator.RestartingWatcher onClose
SEVERE: EntandoResourceObserver closed. Can't reconnect. The container should restart now.
io.fabric8.kubernetes.client.WatcherException: Closed
	at org.entando.kubernetes.controller.coordinator.LivenessTests.lambda$shouldCreateControllerPodPointingToResource$2(LivenessTests.java:127)
	at io.qameta.allure.Allure.lambda$step$0(Allure.java:113)
	at io.qameta.allure.Allure.lambda$step$1(Allure.java:127)
	at io.qameta.allure.Allure.step(Allure.java:181)
	at io.qameta.allure.Allure.step(Allure.java:125)
	at io.qameta.allure.Allure.step(Allure.java:112)
	at org.entando.kubernetes.controller.coordinator.LivenessTests.lambda$shouldCreateControllerPodPointingToResource$4(LivenessTests.java:126)
	at java.base/java.util.ArrayList.forEach(ArrayList.java:1540)
	at org.entando.kubernetes.controller.coordinator.LivenessTests.shouldCreateControllerPodPointingToResource(LivenessTests.java:124)
	at java.base/jdk.internal.reflect.NativeMethodAccessorImpl.invoke0(Native Method)
	at java.base/jdk.internal.reflect.NativeMethodAccessorImpl.invoke(NativeMethodAccessorImpl.java:62)
	at java.base/jdk.internal.reflect.DelegatingMethodAccessorImpl.invoke(DelegatingMethodAccessorImpl.java:43)
	at java.base/java.lang.reflect.Method.invoke(Method.java:566)
	at org.junit.platform.commons.util.ReflectionUtils.invokeMethod(ReflectionUtils.java:688)
	at org.junit.jupiter.engine.e**cution.MethodInvocation.proceed(MethodInvocation.java:60)
	at org.junit.jupiter.engine.e**cution.InvocationInterceptorChain$ValidatingInvocation.proceed(InvocationInterceptorChain.java:131)
	at org.junit.jupiter.api.extension.InvocationInterceptor.interceptTestMethod(InvocationInterceptor.java:117)
	at org.junit.jupiter.engine.e**cution.E**cutableInvoker$ReflectiveInterceptorCall.lambda$ofVoidMethod$0(E**cutableInvoker.java:115)
	at org.junit.jupiter.engine.e**cution.E**cutableInvoker.lambda$invoke$0(E**cutableInvoker.java:105)
	at org.junit.jupiter.engine.e**cution.InvocationInterceptorChain$InterceptedInvocation.proceed(InvocationInterceptorChain.java:106)
	at org.junit.jupiter.engine.extension.TimeoutExtension.intercept(TimeoutExtension.java:149)
	at org.junit.jupiter.engine.extension.TimeoutExtension.interceptTestableMethod(TimeoutExtension.java:140)
	at org.junit.jupiter.engine.extension.TimeoutExtension.interceptTestMethod(TimeoutExtension.java:84)
	at org.junit.jupiter.engine.e**cution.E**cutableInvoker$ReflectiveInterceptorCall.lambda$ofVoidMethod$0(E**cutableInvoker.java:115)
	at org.junit.jupiter.engine.e**cution.E**cutableInvoker.lambda$invoke$0(E**cutableInvoker.java:105)
	at org.junit.jupiter.engine.e**cution.InvocationInterceptorChain$InterceptedInvocation.proceed(InvocationInterceptorChain.java:106)
	at org.junit.jupiter.engine.e**cution.InvocationInterceptorChain.proceed(InvocationInterceptorChain.java:64)
	at org.junit.jupiter.engine.e**cution.InvocationInterceptorChain.chainAndInvoke(InvocationInterceptorChain.java:45)
	at org.junit.jupiter.engine.e**cution.InvocationInterceptorChain.invoke(InvocationInterceptorChain.java:37)
	at org.junit.jupiter.engine.e**cution.E**cutableInvoker.invoke(E**cutableInvoker.java:104)
	at org.junit.jupiter.engine.e**cution.E**cutableInvoker.invoke(E**cutableInvoker.java:98)
	at org.junit.jupiter.engine.descriptor.TestMethodTestDescriptor.lambda$invokeTestMethod$6(TestMethodTestDescriptor.java:210)
	at org.junit.platform.engine.support.hierarchical.ThrowableCollector.e**cute(ThrowableCollector.java:73)
	at org.junit.jupiter.engine.descriptor.TestMethodTestDescriptor.invokeTestMethod(TestMethodTestDescriptor.java:206)
	at org.junit.jupiter.engine.descriptor.TestMethodTestDescriptor.e**cute(TestMethodTestDescriptor.java:131)
	at org.junit.jupiter.engine.descriptor.TestMethodTestDescriptor.e**cute(TestMethodTestDescriptor.java:65)
	at org.junit.platform.engine.support.hierarchical.NodeTestTask.lambda$e**cuteRecursively$5(NodeTestTask.java:139)
	at org.junit.platform.engine.support.hierarchical.ThrowableCollector.e**cute(ThrowableCollector.java:73)
	at org.junit.platform.engine.support.hierarchical.NodeTestTask.lambda$e**cuteRecursively$7(NodeTestTask.java:129)
	at org.junit.platform.engine.support.hierarchical.Node.around(Node.java:137)
	at org.junit.platform.engine.support.hierarchical.NodeTestTask.lambda$e**cuteRecursively$8(NodeTestTask.java:127)
	at org.junit.platform.engine.support.hierarchical.ThrowableCollector.e**cute(ThrowableCollector.java:73)
	at org.junit.platform.engine.support.hierarchical.NodeTestTask.e**cuteRecursively(NodeTestTask.java:126)
	at org.junit.platform.engine.support.hierarchical.NodeTestTask.e**cute(NodeTestTask.java:84)
	at org.junit.platform.engine.support.hierarchical.ForkJoinPoolHierarchicalTestE**cutorService$ExclusiveTask.compute(ForkJoinPoolHierarchicalTestE**cutorService.java:185)
	at org.junit.platform.engine.support.hierarchical.ForkJoinPoolHierarchicalTestE**cutorService.invokeAll(ForkJoinPoolHierarchicalTestE**cutorService.java:129)
	at org.junit.platform.engine.support.hierarchical.NodeTestTask.lambda$e**cuteRecursively$5(NodeTestTask.java:143)
	at org.junit.platform.engine.support.hierarchical.ThrowableCollector.e**cute(ThrowableCollector.java:73)
	at org.junit.platform.engine.support.hierarchical.NodeTestTask.lambda$e**cuteRecursively$7(NodeTestTask.java:129)
	at org.junit.platform.engine.support.hierarchical.Node.around(Node.java:137)
	at org.junit.platform.engine.support.hierarchical.NodeTestTask.lambda$e**cuteRecursively$8(NodeTestTask.java:127)
	at org.junit.platform.engine.support.hierarchical.ThrowableCollector.e**cute(ThrowableCollector.java:73)
	at org.junit.platform.engine.support.hierarchical.NodeTestTask.e**cuteRecursively(NodeTestTask.java:126)
	at org.junit.platform.engine.support.hierarchical.NodeTestTask.e**cute(NodeTestTask.java:84)
	at org.junit.platform.engine.support.hierarchical.ForkJoinPoolHierarchicalTestE**cutorService$ExclusiveTask.compute(ForkJoinPoolHierarchicalTestE**cutorService.java:185)
	at org.junit.platform.engine.support.hierarchical.ForkJoinPoolHierarchicalTestE**cutorService.e**cuteNonConcurrentTasks(ForkJoinPoolHierarchicalTestE**cutorService.java:155)
	at org.junit.platform.engine.support.hierarchical.ForkJoinPoolHierarchicalTestE**cutorService.invokeAll(ForkJoinPoolHierarchicalTestE**cutorService.java:135)
	at org.junit.platform.engine.support.hierarchical.NodeTestTask.lambda$e**cuteRecursively$5(NodeTestTask.java:143)
	at org.junit.platform.engine.support.hierarchical.ThrowableCollector.e**cute(ThrowableCollector.java:73)
	at org.junit.platform.engine.support.hierarchical.NodeTestTask.lambda$e**cuteRecursively$7(NodeTestTask.java:129)
	at org.junit.platform.engine.support.hierarchical.Node.around(Node.java:137)
	at org.junit.platform.engine.support.hierarchical.NodeTestTask.lambda$e**cuteRecursively$8(NodeTestTask.java:127)
	at org.junit.platform.engine.support.hierarchical.ThrowableCollector.e**cute(ThrowableCollector.java:73)
	at org.junit.platform.engine.support.hierarchical.NodeTestTask.e**cuteRecursively(NodeTestTask.java:126)
	at org.junit.platform.engine.support.hierarchical.NodeTestTask.e**cute(NodeTestTask.java:84)
	at org.junit.platform.engine.support.hierarchical.ForkJoinPoolHierarchicalTestE**cutorService$ExclusiveTask.compute(ForkJoinPoolHierarchicalTestE**cutorService.java:185)
	at java.base/java.util.concurrent.RecursiveAction.e**c(RecursiveAction.java:189)
	at java.base/java.util.concurrent.ForkJoinTask.doE**c(ForkJoinTask.java:290)
	at java.base/java.util.concurrent.ForkJoinPool$WorkQueue.topLevelE**c(ForkJoinPool.java:1020)
	at java.base/java.util.concurrent.ForkJoinPool.scan(ForkJoinPool.java:1656)
	at java.base/java.util.concurrent.ForkJoinPool.runWorker(ForkJoinPool.java:1594)
	at java.base/java.util.concurrent.ForkJoinWorkerThread.run(ForkJoinWorkerThread.java:177)

Aug 02, 2021 10:27:31 AM org.entando.kubernetes.controller.coordinator.RestartingWatcher onClose
SEVERE: EntandoResourceObserver closed. Can't reconnect. The container should restart now.
io.fabric8.kubernetes.client.WatcherException: Closed
	at org.entando.kubernetes.controller.coordinator.LivenessTests.lambda$shouldCreateControllerPodPointingToResource$2(LivenessTests.java:127)
	at io.qameta.allure.Allure.lambda$step$0(Allure.java:113)
	at io.qameta.allure.Allure.lambda$step$1(Allure.java:127)
	at io.qameta.allure.Allure.step(Allure.java:181)
	at io.qameta.allure.Allure.step(Allure.java:125)
	at io.qameta.allure.Allure.step(Allure.java:112)
	at org.entando.kubernetes.controller.coordinator.LivenessTests.lambda$shouldCreateControllerPodPointingToResource$4(LivenessTests.java:126)
	at java.base/java.util.ArrayList.forEach(ArrayList.java:1540)
	at org.entando.kubernetes.controller.coordinator.LivenessTests.shouldCreateControllerPodPointingToResource(LivenessTests.java:124)
	at java.base/jdk.internal.reflect.NativeMethodAccessorImpl.invoke0(Native Method)
	at java.base/jdk.internal.reflect.NativeMethodAccessorImpl.invoke(NativeMethodAccessorImpl.java:62)
	at java.base/jdk.internal.reflect.DelegatingMethodAccessorImpl.invoke(DelegatingMethodAccessorImpl.java:43)
	at java.base/java.lang.reflect.Method.invoke(Method.java:566)
	at org.junit.platform.commons.util.ReflectionUtils.invokeMethod(ReflectionUtils.java:688)
	at org.junit.jupiter.engine.e**cution.MethodInvocation.proceed(MethodInvocation.java:60)
	at org.junit.jupiter.engine.e**cution.InvocationInterceptorChain$ValidatingInvocation.proceed(InvocationInterceptorChain.java:131)
	at org.junit.jupiter.api.extension.InvocationInterceptor.interceptTestMethod(InvocationInterceptor.java:117)
	at org.junit.jupiter.engine.e**cution.E**cutableInvoker$ReflectiveInterceptorCall.lambda$ofVoidMethod$0(E**cutableInvoker.java:115)
	at org.junit.jupiter.engine.e**cution.E**cutableInvoker.lambda$invoke$0(E**cutableInvoker.java:105)
	at org.junit.jupiter.engine.e**cution.InvocationInterceptorChain$InterceptedInvocation.proceed(InvocationInterceptorChain.java:106)
	at org.junit.jupiter.engine.extension.TimeoutExtension.intercept(TimeoutExtension.java:149)
	at org.junit.jupiter.engine.extension.TimeoutExtension.interceptTestableMethod(TimeoutExtension.java:140)
	at org.junit.jupiter.engine.extension.TimeoutExtension.interceptTestMethod(TimeoutExtension.java:84)
	at org.junit.jupiter.engine.e**cution.E**cutableInvoker$ReflectiveInterceptorCall.lambda$ofVoidMethod$0(E**cutableInvoker.java:115)
	at org.junit.jupiter.engine.e**cution.E**cutableInvoker.lambda$invoke$0(E**cutableInvoker.java:105)
	at org.junit.jupiter.engine.e**cution.InvocationInterceptorChain$InterceptedInvocation.proceed(InvocationInterceptorChain.java:106)
	at org.junit.jupiter.engine.e**cution.InvocationInterceptorChain.proceed(InvocationInterceptorChain.java:64)
	at org.junit.jupiter.engine.e**cution.InvocationInterceptorChain.chainAndInvoke(InvocationInterceptorChain.java:45)
	at org.junit.jupiter.engine.e**cution.InvocationInterceptorChain.invoke(InvocationInterceptorChain.java:37)
	at org.junit.jupiter.engine.e**cution.E**cutableInvoker.invoke(E**cutableInvoker.java:104)
	at org.junit.jupiter.engine.e**cution.E**cutableInvoker.invoke(E**cutableInvoker.java:98)
	at org.junit.jupiter.engine.descriptor.TestMethodTestDescriptor.lambda$invokeTestMethod$6(TestMethodTestDescriptor.java:210)
	at org.junit.platform.engine.support.hierarchical.ThrowableCollector.e**cute(ThrowableCollector.java:73)
	at org.junit.jupiter.engine.descriptor.TestMethodTestDescriptor.invokeTestMethod(TestMethodTestDescriptor.java:206)
	at org.junit.jupiter.engine.descriptor.TestMethodTestDescriptor.e**cute(TestMethodTestDescriptor.java:131)
	at org.junit.jupiter.engine.descriptor.TestMethodTestDescriptor.e**cute(TestMethodTestDescriptor.java:65)
	at org.junit.platform.engine.support.hierarchical.NodeTestTask.lambda$e**cuteRecursively$5(NodeTestTask.java:139)
	at org.junit.platform.engine.support.hierarchical.ThrowableCollector.e**cute(ThrowableCollector.java:73)
	at org.junit.platform.engine.support.hierarchical.NodeTestTask.lambda$e**cuteRecursively$7(NodeTestTask.java:129)
	at org.junit.platform.engine.support.hierarchical.Node.around(Node.java:137)
	at org.junit.platform.engine.support.hierarchical.NodeTestTask.lambda$e**cuteRecursively$8(NodeTestTask.java:127)
	at org.junit.platform.engine.support.hierarchical.ThrowableCollector.e**cute(ThrowableCollector.java:73)
	at org.junit.platform.engine.support.hierarchical.NodeTestTask.e**cuteRecursively(NodeTestTask.java:126)
	at org.junit.platform.engine.support.hierarchical.NodeTestTask.e**cute(NodeTestTask.java:84)
	at org.junit.platform.engine.support.hierarchical.ForkJoinPoolHierarchicalTestE**cutorService$ExclusiveTask.compute(ForkJoinPoolHierarchicalTestE**cutorService.java:185)
	at org.junit.platform.engine.support.hierarchical.ForkJoinPoolHierarchicalTestE**cutorService.invokeAll(ForkJoinPoolHierarchicalTestE**cutorService.java:129)
	at org.junit.platform.engine.support.hierarchical.NodeTestTask.lambda$e**cuteRecursively$5(NodeTestTask.java:143)
	at org.junit.platform.engine.support.hierarchical.ThrowableCollector.e**cute(ThrowableCollector.java:73)
	at org.junit.platform.engine.support.hierarchical.NodeTestTask.lambda$e**cuteRecursively$7(NodeTestTask.java:129)
	at org.junit.platform.engine.support.hierarchical.Node.around(Node.java:137)
	at org.junit.platform.engine.support.hierarchical.NodeTestTask.lambda$e**cuteRecursively$8(NodeTestTask.java:127)
	at org.junit.platform.engine.support.hierarchical.ThrowableCollector.e**cute(ThrowableCollector.java:73)
	at org.junit.platform.engine.support.hierarchical.NodeTestTask.e**cuteRecursively(NodeTestTask.java:126)
	at org.junit.platform.engine.support.hierarchical.NodeTestTask.e**cute(NodeTestTask.java:84)
	at org.junit.platform.engine.support.hierarchical.ForkJoinPoolHierarchicalTestE**cutorService$ExclusiveTask.compute(ForkJoinPoolHierarchicalTestE**cutorService.java:185)
	at org.junit.platform.engine.support.hierarchical.ForkJoinPoolHierarchicalTestE**cutorService.e**cuteNonConcurrentTasks(ForkJoinPoolHierarchicalTestE**cutorService.java:155)
	at org.junit.platform.engine.support.hierarchical.ForkJoinPoolHierarchicalTestE**cutorService.invokeAll(ForkJoinPoolHierarchicalTestE**cutorService.java:135)
	at org.junit.platform.engine.support.hierarchical.NodeTestTask.lambda$e**cuteRecursively$5(NodeTestTask.java:143)
	at org.junit.platform.engine.support.hierarchical.ThrowableCollector.e**cute(ThrowableCollector.java:73)
	at org.junit.platform.engine.support.hierarchical.NodeTestTask.lambda$e**cuteRecursively$7(NodeTestTask.java:129)
	at org.junit.platform.engine.support.hierarchical.Node.around(Node.java:137)
	at org.junit.platform.engine.support.hierarchical.NodeTestTask.lambda$e**cuteRecursively$8(NodeTestTask.java:127)
	at org.junit.platform.engine.support.hierarchical.ThrowableCollector.e**cute(ThrowableCollector.java:73)
	at org.junit.platform.engine.support.hierarchical.NodeTestTask.e**cuteRecursively(NodeTestTask.java:126)
	at org.junit.platform.engine.support.hierarchical.NodeTestTask.e**cute(NodeTestTask.java:84)
	at org.junit.platform.engine.support.hierarchical.ForkJoinPoolHierarchicalTestE**cutorService$ExclusiveTask.compute(ForkJoinPoolHierarchicalTestE**cutorService.java:185)
	at java.base/java.util.concurrent.RecursiveAction.e**c(RecursiveAction.java:189)
	at java.base/java.util.concurrent.ForkJoinTask.doE**c(ForkJoinTask.java:290)
	at java.base/java.util.concurrent.ForkJoinPool$WorkQueue.topLevelE**c(ForkJoinPool.java:1020)
	at java.base/java.util.concurrent.ForkJoinPool.scan(ForkJoinPool.java:1656)
	at java.base/java.util.concurrent.ForkJoinPool.runWorker(ForkJoinPool.java:1594)
	at java.base/java.util.concurrent.ForkJoinWorkerThread.run(ForkJoinWorkerThread.java:177)

Aug 02, 2021 10:27:31 AM org.entando.kubernetes.controller.coordinator.RestartingWatcher onClose
SEVERE: EntandoResourceObserver closed. Can't reconnect. The container should restart now.
io.fabric8.kubernetes.client.WatcherException: Closed
	at org.entando.kubernetes.controller.coordinator.LivenessTests.lambda$shouldCreateControllerPodPointingToResource$2(LivenessTests.java:127)
	at io.qameta.allure.Allure.lambda$step$0(Allure.java:113)
	at io.qameta.allure.Allure.lambda$step$1(Allure.java:127)
	at io.qameta.allure.Allure.step(Allure.java:181)
	at io.qameta.allure.Allure.step(Allure.java:125)
	at io.qameta.allure.Allure.step(Allure.java:112)
	at org.entando.kubernetes.controller.coordinator.LivenessTests.lambda$shouldCreateControllerPodPointingToResource$4(LivenessTests.java:126)
	at java.base/java.util.ArrayList.forEach(ArrayList.java:1540)
	at org.entando.kubernetes.controller.coordinator.LivenessTests.shouldCreateControllerPodPointingToResource(LivenessTests.java:124)
	at java.base/jdk.internal.reflect.NativeMethodAccessorImpl.invoke0(Native Method)
	at java.base/jdk.internal.reflect.NativeMethodAccessorImpl.invoke(NativeMethodAccessorImpl.java:62)
	at java.base/jdk.internal.reflect.DelegatingMethodAccessorImpl.invoke(DelegatingMethodAccessorImpl.java:43)
	at java.base/java.lang.reflect.Method.invoke(Method.java:566)
	at org.junit.platform.commons.util.ReflectionUtils.invokeMethod(ReflectionUtils.java:688)
	at org.junit.jupiter.engine.e**cution.MethodInvocation.proceed(MethodInvocation.java:60)
	at org.junit.jupiter.engine.e**cution.InvocationInterceptorChain$ValidatingInvocation.proceed(InvocationInterceptorChain.java:131)
	at org.junit.jupiter.api.extension.InvocationInterceptor.interceptTestMethod(InvocationInterceptor.java:117)
	at org.junit.jupiter.engine.e**cution.E**cutableInvoker$ReflectiveInterceptorCall.lambda$ofVoidMethod$0(E**cutableInvoker.java:115)
	at org.junit.jupiter.engine.e**cution.E**cutableInvoker.lambda$invoke$0(E**cutableInvoker.java:105)
	at org.junit.jupiter.engine.e**cution.InvocationInterceptorChain$InterceptedInvocation.proceed(InvocationInterceptorChain.java:106)
	at org.junit.jupiter.engine.extension.TimeoutExtension.intercept(TimeoutExtension.java:149)
	at org.junit.jupiter.engine.extension.TimeoutExtension.interceptTestableMethod(TimeoutExtension.java:140)
	at org.junit.jupiter.engine.extension.TimeoutExtension.interceptTestMethod(TimeoutExtension.java:84)
	at org.junit.jupiter.engine.e**cution.E**cutableInvoker$ReflectiveInterceptorCall.lambda$ofVoidMethod$0(E**cutableInvoker.java:115)
	at org.junit.jupiter.engine.e**cution.E**cutableInvoker.lambda$invoke$0(E**cutableInvoker.java:105)
	at org.junit.jupiter.engine.e**cution.InvocationInterceptorChain$InterceptedInvocation.proceed(InvocationInterceptorChain.java:106)
	at org.junit.jupiter.engine.e**cution.InvocationInterceptorChain.proceed(InvocationInterceptorChain.java:64)
	at org.junit.jupiter.engine.e**cution.InvocationInterceptorChain.chainAndInvoke(InvocationInterceptorChain.java:45)
	at org.junit.jupiter.engine.e**cution.InvocationInterceptorChain.invoke(InvocationInterceptorChain.java:37)
	at org.junit.jupiter.engine.e**cution.E**cutableInvoker.invoke(E**cutableInvoker.java:104)
	at org.junit.jupiter.engine.e**cution.E**cutableInvoker.invoke(E**cutableInvoker.java:98)
	at org.junit.jupiter.engine.descriptor.TestMethodTestDescriptor.lambda$invokeTestMethod$6(TestMethodTestDescriptor.java:210)
	at org.junit.platform.engine.support.hierarchical.ThrowableCollector.e**cute(ThrowableCollector.java:73)
	at org.junit.jupiter.engine.descriptor.TestMethodTestDescriptor.invokeTestMethod(TestMethodTestDescriptor.java:206)
	at org.junit.jupiter.engine.descriptor.TestMethodTestDescriptor.e**cute(TestMethodTestDescriptor.java:131)
	at org.junit.jupiter.engine.descriptor.TestMethodTestDescriptor.e**cute(TestMethodTestDescriptor.java:65)
	at org.junit.platform.engine.support.hierarchical.NodeTestTask.lambda$e**cuteRecursively$5(NodeTestTask.java:139)
	at org.junit.platform.engine.support.hierarchical.ThrowableCollector.e**cute(ThrowableCollector.java:73)
	at org.junit.platform.engine.support.hierarchical.NodeTestTask.lambda$e**cuteRecursively$7(NodeTestTask.java:129)
	at org.junit.platform.engine.support.hierarchical.Node.around(Node.java:137)
	at org.junit.platform.engine.support.hierarchical.NodeTestTask.lambda$e**cuteRecursively$8(NodeTestTask.java:127)
	at org.junit.platform.engine.support.hierarchical.ThrowableCollector.e**cute(ThrowableCollector.java:73)
	at org.junit.platform.engine.support.hierarchical.NodeTestTask.e**cuteRecursively(NodeTestTask.java:126)
	at org.junit.platform.engine.support.hierarchical.NodeTestTask.e**cute(NodeTestTask.java:84)
	at org.junit.platform.engine.support.hierarchical.ForkJoinPoolHierarchicalTestE**cutorService$ExclusiveTask.compute(ForkJoinPoolHierarchicalTestE**cutorService.java:185)
	at org.junit.platform.engine.support.hierarchical.ForkJoinPoolHierarchicalTestE**cutorService.invokeAll(ForkJoinPoolHierarchicalTestE**cutorService.java:129)
	at org.junit.platform.engine.support.hierarchical.NodeTestTask.lambda$e**cuteRecursively$5(NodeTestTask.java:143)
	at org.junit.platform.engine.support.hierarchical.ThrowableCollector.e**cute(ThrowableCollector.java:73)
	at org.junit.platform.engine.support.hierarchical.NodeTestTask.lambda$e**cuteRecursively$7(NodeTestTask.java:129)
	at org.junit.platform.engine.support.hierarchical.Node.around(Node.java:137)
	at org.junit.platform.engine.support.hierarchical.NodeTestTask.lambda$e**cuteRecursively$8(NodeTestTask.java:127)
	at org.junit.platform.engine.support.hierarchical.ThrowableCollector.e**cute(ThrowableCollector.java:73)
	at org.junit.platform.engine.support.hierarchical.NodeTestTask.e**cuteRecursively(NodeTestTask.java:126)
	at org.junit.platform.engine.support.hierarchical.NodeTestTask.e**cute(NodeTestTask.java:84)
	at org.junit.platform.engine.support.hierarchical.ForkJoinPoolHierarchicalTestE**cutorService$ExclusiveTask.compute(ForkJoinPoolHierarchicalTestE**cutorService.java:185)
	at org.junit.platform.engine.support.hierarchical.ForkJoinPoolHierarchicalTestE**cutorService.e**cuteNonConcurrentTasks(ForkJoinPoolHierarchicalTestE**cutorService.java:155)
	at org.junit.platform.engine.support.hierarchical.ForkJoinPoolHierarchicalTestE**cutorService.invokeAll(ForkJoinPoolHierarchicalTestE**cutorService.java:135)
	at org.junit.platform.engine.support.hierarchical.NodeTestTask.lambda$e**cuteRecursively$5(NodeTestTask.java:143)
	at org.junit.platform.engine.support.hierarchical.ThrowableCollector.e**cute(ThrowableCollector.java:73)
	at org.junit.platform.engine.support.hierarchical.NodeTestTask.lambda$e**cuteRecursively$7(NodeTestTask.java:129)
	at org.junit.platform.engine.support.hierarchical.Node.around(Node.java:137)
	at org.junit.platform.engine.support.hierarchical.NodeTestTask.lambda$e**cuteRecursively$8(NodeTestTask.java:127)
	at org.junit.platform.engine.support.hierarchical.ThrowableCollector.e**cute(ThrowableCollector.java:73)
	at org.junit.platform.engine.support.hierarchical.NodeTestTask.e**cuteRecursively(NodeTestTask.java:126)
	at org.junit.platform.engine.support.hierarchical.NodeTestTask.e**cute(NodeTestTask.java:84)
	at org.junit.platform.engine.support.hierarchical.ForkJoinPoolHierarchicalTestE**cutorService$ExclusiveTask.compute(ForkJoinPoolHierarchicalTestE**cutorService.java:185)
	at java.base/java.util.concurrent.RecursiveAction.e**c(RecursiveAction.java:189)
	at java.base/java.util.concurrent.ForkJoinTask.doE**c(ForkJoinTask.java:290)
	at java.base/java.util.concurrent.ForkJoinPool$WorkQueue.topLevelE**c(ForkJoinPool.java:1020)
	at java.base/java.util.concurrent.ForkJoinPool.scan(ForkJoinPool.java:1656)
	at java.base/java.util.concurrent.ForkJoinPool.runWorker(ForkJoinPool.java:1594)
	at java.base/java.util.concurrent.ForkJoinWorkerThread.run(ForkJoinWorkerThread.java:177)

Aug 02, 2021 10:27:31 AM org.entando.kubernetes.controller.coordinator.RestartingWatcher onClose
SEVERE: EntandoResourceObserver closed. Can't reconnect. The container should restart now.
io.fabric8.kubernetes.client.WatcherException: Closed
	at org.entando.kubernetes.controller.coordinator.LivenessTests.lambda$shouldCreateControllerPodPointingToResource$2(LivenessTests.java:127)
	at io.qameta.allure.Allure.lambda$step$0(Allure.java:113)
	at io.qameta.allure.Allure.lambda$step$1(Allure.java:127)
	at io.qameta.allure.Allure.step(Allure.java:181)
	at io.qameta.allure.Allure.step(Allure.java:125)
	at io.qameta.allure.Allure.step(Allure.java:112)
	at org.entando.kubernetes.controller.coordinator.LivenessTests.lambda$shouldCreateControllerPodPointingToResource$4(LivenessTests.java:126)
	at java.base/java.util.ArrayList.forEach(ArrayList.java:1540)
	at org.entando.kubernetes.controller.coordinator.LivenessTests.shouldCreateControllerPodPointingToResource(LivenessTests.java:124)
	at java.base/jdk.internal.reflect.NativeMethodAccessorImpl.invoke0(Native Method)
	at java.base/jdk.internal.reflect.NativeMethodAccessorImpl.invoke(NativeMethodAccessorImpl.java:62)
	at java.base/jdk.internal.reflect.DelegatingMethodAccessorImpl.invoke(DelegatingMethodAccessorImpl.java:43)
	at java.base/java.lang.reflect.Method.invoke(Method.java:566)
	at org.junit.platform.commons.util.ReflectionUtils.invokeMethod(ReflectionUtils.java:688)
	at org.junit.jupiter.engine.e**cution.MethodInvocation.proceed(MethodInvocation.java:60)
	at org.junit.jupiter.engine.e**cution.InvocationInterceptorChain$ValidatingInvocation.proceed(InvocationInterceptorChain.java:131)
	at org.junit.jupiter.api.extension.InvocationInterceptor.interceptTestMethod(InvocationInterceptor.java:117)
	at org.junit.jupiter.engine.e**cution.E**cutableInvoker$ReflectiveInterceptorCall.lambda$ofVoidMethod$0(E**cutableInvoker.java:115)
	at org.junit.jupiter.engine.e**cution.E**cutableInvoker.lambda$invoke$0(E**cutableInvoker.java:105)
	at org.junit.jupiter.engine.e**cution.InvocationInterceptorChain$InterceptedInvocation.proceed(InvocationInterceptorChain.java:106)
	at org.junit.jupiter.engine.extension.TimeoutExtension.intercept(TimeoutExtension.java:149)
	at org.junit.jupiter.engine.extension.TimeoutExtension.interceptTestableMethod(TimeoutExtension.java:140)
	at org.junit.jupiter.engine.extension.TimeoutExtension.interceptTestMethod(TimeoutExtension.java:84)
	at org.junit.jupiter.engine.e**cution.E**cutableInvoker$ReflectiveInterceptorCall.lambda$ofVoidMethod$0(E**cutableInvoker.java:115)
	at org.junit.jupiter.engine.e**cution.E**cutableInvoker.lambda$invoke$0(E**cutableInvoker.java:105)
	at org.junit.jupiter.engine.e**cution.InvocationInterceptorChain$InterceptedInvocation.proceed(InvocationInterceptorChain.java:106)
	at org.junit.jupiter.engine.e**cution.InvocationInterceptorChain.proceed(InvocationInterceptorChain.java:64)
	at org.junit.jupiter.engine.e**cution.InvocationInterceptorChain.chainAndInvoke(InvocationInterceptorChain.java:45)
	at org.junit.jupiter.engine.e**cution.InvocationInterceptorChain.invoke(InvocationInterceptorChain.java:37)
	at org.junit.jupiter.engine.e**cution.E**cutableInvoker.invoke(E**cutableInvoker.java:104)
	at org.junit.jupiter.engine.e**cution.E**cutableInvoker.invoke(E**cutableInvoker.java:98)
	at org.junit.jupiter.engine.descriptor.TestMethodTestDescriptor.lambda$invokeTestMethod$6(TestMethodTestDescriptor.java:210)
	at org.junit.platform.engine.support.hierarchical.ThrowableCollector.e**cute(ThrowableCollector.java:73)
	at org.junit.jupiter.engine.descriptor.TestMethodTestDescriptor.invokeTestMethod(TestMethodTestDescriptor.java:206)
	at org.junit.jupiter.engine.descriptor.TestMethodTestDescriptor.e**cute(TestMethodTestDescriptor.java:131)
	at org.junit.jupiter.engine.descriptor.TestMethodTestDescriptor.e**cute(TestMethodTestDescriptor.java:65)
	at org.junit.platform.engine.support.hierarchical.NodeTestTask.lambda$e**cuteRecursively$5(NodeTestTask.java:139)
	at org.junit.platform.engine.support.hierarchical.ThrowableCollector.e**cute(ThrowableCollector.java:73)
	at org.junit.platform.engine.support.hierarchical.NodeTestTask.lambda$e**cuteRecursively$7(NodeTestTask.java:129)
	at org.junit.platform.engine.support.hierarchical.Node.around(Node.java:137)
	at org.junit.platform.engine.support.hierarchical.NodeTestTask.lambda$e**cuteRecursively$8(NodeTestTask.java:127)
	at org.junit.platform.engine.support.hierarchical.ThrowableCollector.e**cute(ThrowableCollector.java:73)
	at org.junit.platform.engine.support.hierarchical.NodeTestTask.e**cuteRecursively(NodeTestTask.java:126)
	at org.junit.platform.engine.support.hierarchical.NodeTestTask.e**cute(NodeTestTask.java:84)
	at org.junit.platform.engine.support.hierarchical.ForkJoinPoolHierarchicalTestE**cutorService$ExclusiveTask.compute(ForkJoinPoolHierarchicalTestE**cutorService.java:185)
	at org.junit.platform.engine.support.hierarchical.ForkJoinPoolHierarchicalTestE**cutorService.invokeAll(ForkJoinPoolHierarchicalTestE**cutorService.java:129)
	at org.junit.platform.engine.support.hierarchical.NodeTestTask.lambda$e**cuteRecursively$5(NodeTestTask.java:143)
	at org.junit.platform.engine.support.hierarchical.ThrowableCollector.e**cute(ThrowableCollector.java:73)
	at org.junit.platform.engine.support.hierarchical.NodeTestTask.lambda$e**cuteRecursively$7(NodeTestTask.java:129)
	at org.junit.platform.engine.support.hierarchical.Node.around(Node.java:137)
	at org.junit.platform.engine.support.hierarchical.NodeTestTask.lambda$e**cuteRecursively$8(NodeTestTask.java:127)
	at org.junit.platform.engine.support.hierarchical.ThrowableCollector.e**cute(ThrowableCollector.java:73)
	at org.junit.platform.engine.support.hierarchical.NodeTestTask.e**cuteRecursively(NodeTestTask.java:126)
	at org.junit.platform.engine.support.hierarchical.NodeTestTask.e**cute(NodeTestTask.java:84)
	at org.junit.platform.engine.support.hierarchical.ForkJoinPoolHierarchicalTestE**cutorService$ExclusiveTask.compute(ForkJoinPoolHierarchicalTestE**cutorService.java:185)
	at org.junit.platform.engine.support.hierarchical.ForkJoinPoolHierarchicalTestE**cutorService.e**cuteNonConcurrentTasks(ForkJoinPoolHierarchicalTestE**cutorService.java:155)
	at org.junit.platform.engine.support.hierarchical.ForkJoinPoolHierarchicalTestE**cutorService.invokeAll(ForkJoinPoolHierarchicalTestE**cutorService.java:135)
	at org.junit.platform.engine.support.hierarchical.NodeTestTask.lambda$e**cuteRecursively$5(NodeTestTask.java:143)
	at org.junit.platform.engine.support.hierarchical.ThrowableCollector.e**cute(ThrowableCollector.java:73)
	at org.junit.platform.engine.support.hierarchical.NodeTestTask.lambda$e**cuteRecursively$7(NodeTestTask.java:129)
	at org.junit.platform.engine.support.hierarchical.Node.around(Node.java:137)
	at org.junit.platform.engine.support.hierarchical.NodeTestTask.lambda$e**cuteRecursively$8(NodeTestTask.java:127)
	at org.junit.platform.engine.support.hierarchical.ThrowableCollector.e**cute(ThrowableCollector.java:73)
	at org.junit.platform.engine.support.hierarchical.NodeTestTask.e**cuteRecursively(NodeTestTask.java:126)
	at org.junit.platform.engine.support.hierarchical.NodeTestTask.e**cute(NodeTestTask.java:84)
	at org.junit.platform.engine.support.hierarchical.ForkJoinPoolHierarchicalTestE**cutorService$ExclusiveTask.compute(ForkJoinPoolHierarchicalTestE**cutorService.java:185)
	at java.base/java.util.concurrent.RecursiveAction.e**c(RecursiveAction.java:189)
	at java.base/java.util.concurrent.ForkJoinTask.doE**c(ForkJoinTask.java:290)
	at java.base/java.util.concurrent.ForkJoinPool$WorkQueue.topLevelE**c(ForkJoinPool.java:1020)
	at java.base/java.util.concurrent.ForkJoinPool.scan(ForkJoinPool.java:1656)
	at java.base/java.util.concurrent.ForkJoinPool.runWorker(ForkJoinPool.java:1594)
	at java.base/java.util.concurrent.ForkJoinWorkerThread.run(ForkJoinWorkerThread.java:177)

Aug 02, 2021 10:27:31 AM org.entando.kubernetes.controller.coordinator.RestartingWatcher onClose
SEVERE: EntandoResourceObserver closed. Can't reconnect. The container should restart now.
io.fabric8.kubernetes.client.WatcherException: Closed
	at org.entando.kubernetes.controller.coordinator.LivenessTests.lambda$shouldCreateControllerPodPointingToResource$2(LivenessTests.java:127)
	at io.qameta.allure.Allure.lambda$step$0(Allure.java:113)
	at io.qameta.allure.Allure.lambda$step$1(Allure.java:127)
	at io.qameta.allure.Allure.step(Allure.java:181)
	at io.qameta.allure.Allure.step(Allure.java:125)
	at io.qameta.allure.Allure.step(Allure.java:112)
	at org.entando.kubernetes.controller.coordinator.LivenessTests.lambda$shouldCreateControllerPodPointingToResource$4(LivenessTests.java:126)
	at java.base/java.util.ArrayList.forEach(ArrayList.java:1540)
	at org.entando.kubernetes.controller.coordinator.LivenessTests.shouldCreateControllerPodPointingToResource(LivenessTests.java:124)
	at java.base/jdk.internal.reflect.NativeMethodAccessorImpl.invoke0(Native Method)
	at java.base/jdk.internal.reflect.NativeMethodAccessorImpl.invoke(NativeMethodAccessorImpl.java:62)
	at java.base/jdk.internal.reflect.DelegatingMethodAccessorImpl.invoke(DelegatingMethodAccessorImpl.java:43)
	at java.base/java.lang.reflect.Method.invoke(Method.java:566)
	at org.junit.platform.commons.util.ReflectionUtils.invokeMethod(ReflectionUtils.java:688)
	at org.junit.jupiter.engine.e**cution.MethodInvocation.proceed(MethodInvocation.java:60)
	at org.junit.jupiter.engine.e**cution.InvocationInterceptorChain$ValidatingInvocation.proceed(InvocationInterceptorChain.java:131)
	at org.junit.jupiter.api.extension.InvocationInterceptor.interceptTestMethod(InvocationInterceptor.java:117)
	at org.junit.jupiter.engine.e**cution.E**cutableInvoker$ReflectiveInterceptorCall.lambda$ofVoidMethod$0(E**cutableInvoker.java:115)
	at org.junit.jupiter.engine.e**cution.E**cutableInvoker.lambda$invoke$0(E**cutableInvoker.java:105)
	at org.junit.jupiter.engine.e**cution.InvocationInterceptorChain$InterceptedInvocation.proceed(InvocationInterceptorChain.java:106)
	at org.junit.jupiter.engine.extension.TimeoutExtension.intercept(TimeoutExtension.java:149)
	at org.junit.jupiter.engine.extension.TimeoutExtension.interceptTestableMethod(TimeoutExtension.java:140)
	at org.junit.jupiter.engine.extension.TimeoutExtension.interceptTestMethod(TimeoutExtension.java:84)
	at org.junit.jupiter.engine.e**cution.E**cutableInvoker$ReflectiveInterceptorCall.lambda$ofVoidMethod$0(E**cutableInvoker.java:115)
	at org.junit.jupiter.engine.e**cution.E**cutableInvoker.lambda$invoke$0(E**cutableInvoker.java:105)
	at org.junit.jupiter.engine.e**cution.InvocationInterceptorChain$InterceptedInvocation.proceed(InvocationInterceptorChain.java:106)
	at org.junit.jupiter.engine.e**cution.InvocationInterceptorChain.proceed(InvocationInterceptorChain.java:64)
	at org.junit.jupiter.engine.e**cution.InvocationInterceptorChain.chainAndInvoke(InvocationInterceptorChain.java:45)
	at org.junit.jupiter.engine.e**cution.InvocationInterceptorChain.invoke(InvocationInterceptorChain.java:37)
	at org.junit.jupiter.engine.e**cution.E**cutableInvoker.invoke(E**cutableInvoker.java:104)
	at org.junit.jupiter.engine.e**cution.E**cutableInvoker.invoke(E**cutableInvoker.java:98)
	at org.junit.jupiter.engine.descriptor.TestMethodTestDescriptor.lambda$invokeTestMethod$6(TestMethodTestDescriptor.java:210)
	at org.junit.platform.engine.support.hierarchical.ThrowableCollector.e**cute(ThrowableCollector.java:73)
	at org.junit.jupiter.engine.descriptor.TestMethodTestDescriptor.invokeTestMethod(TestMethodTestDescriptor.java:206)
	at org.junit.jupiter.engine.descriptor.TestMethodTestDescriptor.e**cute(TestMethodTestDescriptor.java:131)
	at org.junit.jupiter.engine.descriptor.TestMethodTestDescriptor.e**cute(TestMethodTestDescriptor.java:65)
	at org.junit.platform.engine.support.hierarchical.NodeTestTask.lambda$e**cuteRecursively$5(NodeTestTask.java:139)
	at org.junit.platform.engine.support.hierarchical.ThrowableCollector.e**cute(ThrowableCollector.java:73)
	at org.junit.platform.engine.support.hierarchical.NodeTestTask.lambda$e**cuteRecursively$7(NodeTestTask.java:129)
	at org.junit.platform.engine.support.hierarchical.Node.around(Node.java:137)
	at org.junit.platform.engine.support.hierarchical.NodeTestTask.lambda$e**cuteRecursively$8(NodeTestTask.java:127)
	at org.junit.platform.engine.support.hierarchical.ThrowableCollector.e**cute(ThrowableCollector.java:73)
	at org.junit.platform.engine.support.hierarchical.NodeTestTask.e**cuteRecursively(NodeTestTask.java:126)
	at org.junit.platform.engine.support.hierarchical.NodeTestTask.e**cute(NodeTestTask.java:84)
	at org.junit.platform.engine.support.hierarchical.ForkJoinPoolHierarchicalTestE**cutorService$ExclusiveTask.compute(ForkJoinPoolHierarchicalTestE**cutorService.java:185)
	at org.junit.platform.engine.support.hierarchical.ForkJoinPoolHierarchicalTestE**cutorService.invokeAll(ForkJoinPoolHierarchicalTestE**cutorService.java:129)
	at org.junit.platform.engine.support.hierarchical.NodeTestTask.lambda$e**cuteRecursively$5(NodeTestTask.java:143)
	at org.junit.platform.engine.support.hierarchical.ThrowableCollector.e**cute(ThrowableCollector.java:73)
	at org.junit.platform.engine.support.hierarchical.NodeTestTask.lambda$e**cuteRecursively$7(NodeTestTask.java:129)
	at org.junit.platform.engine.support.hierarchical.Node.around(Node.java:137)
	at org.junit.platform.engine.support.hierarchical.NodeTestTask.lambda$e**cuteRecursively$8(NodeTestTask.java:127)
	at org.junit.platform.engine.support.hierarchical.ThrowableCollector.e**cute(ThrowableCollector.java:73)
	at org.junit.platform.engine.support.hierarchical.NodeTestTask.e**cuteRecursively(NodeTestTask.java:126)
	at org.junit.platform.engine.support.hierarchical.NodeTestTask.e**cute(NodeTestTask.java:84)
	at org.junit.platform.engine.support.hierarchical.ForkJoinPoolHierarchicalTestE**cutorService$ExclusiveTask.compute(ForkJoinPoolHierarchicalTestE**cutorService.java:185)
	at org.junit.platform.engine.support.hierarchical.ForkJoinPoolHierarchicalTestE**cutorService.e**cuteNonConcurrentTasks(ForkJoinPoolHierarchicalTestE**cutorService.java:155)
	at org.junit.platform.engine.support.hierarchical.ForkJoinPoolHierarchicalTestE**cutorService.invokeAll(ForkJoinPoolHierarchicalTestE**cutorService.java:135)
	at org.junit.platform.engine.support.hierarchical.NodeTestTask.lambda$e**cuteRecursively$5(NodeTestTask.java:143)
	at org.junit.platform.engine.support.hierarchical.ThrowableCollector.e**cute(ThrowableCollector.java:73)
	at org.junit.platform.engine.support.hierarchical.NodeTestTask.lambda$e**cuteRecursively$7(NodeTestTask.java:129)
	at org.junit.platform.engine.support.hierarchical.Node.around(Node.java:137)
	at org.junit.platform.engine.support.hierarchical.NodeTestTask.lambda$e**cuteRecursively$8(NodeTestTask.java:127)
	at org.junit.platform.engine.support.hierarchical.ThrowableCollector.e**cute(ThrowableCollector.java:73)
	at org.junit.platform.engine.support.hierarchical.NodeTestTask.e**cuteRecursively(NodeTestTask.java:126)
	at org.junit.platform.engine.support.hierarchical.NodeTestTask.e**cute(NodeTestTask.java:84)
	at org.junit.platform.engine.support.hierarchical.ForkJoinPoolHierarchicalTestE**cutorService$ExclusiveTask.compute(ForkJoinPoolHierarchicalTestE**cutorService.java:185)
	at java.base/java.util.concurrent.RecursiveAction.e**c(RecursiveAction.java:189)
	at java.base/java.util.concurrent.ForkJoinTask.doE**c(ForkJoinTask.java:290)
	at java.base/java.util.concurrent.ForkJoinPool$WorkQueue.topLevelE**c(ForkJoinPool.java:1020)
	at java.base/java.util.concurrent.ForkJoinPool.scan(ForkJoinPool.java:1656)
	at java.base/java.util.concurrent.ForkJoinPool.runWorker(ForkJoinPool.java:1594)
	at java.base/java.util.concurrent.ForkJoinWorkerThread.run(ForkJoinWorkerThread.java:177)

Aug 02, 2021 10:27:31 AM org.entando.kubernetes.controller.coordinator.RestartingWatcher onClose
SEVERE: EntandoResourceObserver closed. Can't reconnect. The container should restart now.
io.fabric8.kubernetes.client.WatcherException: Closed
	at org.entando.kubernetes.controller.coordinator.LivenessTests.lambda$shouldCreateControllerPodPointingToResource$2(LivenessTests.java:127)
	at io.qameta.allure.Allure.lambda$step$0(Allure.java:113)
	at io.qameta.allure.Allure.lambda$step$1(Allure.java:127)
	at io.qameta.allure.Allure.step(Allure.java:181)
	at io.qameta.allure.Allure.step(Allure.java:125)
	at io.qameta.allure.Allure.step(Allure.java:112)
	at org.entando.kubernetes.controller.coordinator.LivenessTests.lambda$shouldCreateControllerPodPointingToResource$4(LivenessTests.java:126)
	at java.base/java.util.ArrayList.forEach(ArrayList.java:1540)
	at org.entando.kubernetes.controller.coordinator.LivenessTests.shouldCreateControllerPodPointingToResource(LivenessTests.java:124)
	at java.base/jdk.internal.reflect.NativeMethodAccessorImpl.invoke0(Native Method)
	at java.base/jdk.internal.reflect.NativeMethodAccessorImpl.invoke(NativeMethodAccessorImpl.java:62)
	at java.base/jdk.internal.reflect.DelegatingMethodAccessorImpl.invoke(DelegatingMethodAccessorImpl.java:43)
	at java.base/java.lang.reflect.Method.invoke(Method.java:566)
	at org.junit.platform.commons.util.ReflectionUtils.invokeMethod(ReflectionUtils.java:688)
	at org.junit.jupiter.engine.e**cution.MethodInvocation.proceed(MethodInvocation.java:60)
	at org.junit.jupiter.engine.e**cution.InvocationInterceptorChain$ValidatingInvocation.proceed(InvocationInterceptorChain.java:131)
	at org.junit.jupiter.api.extension.InvocationInterceptor.interceptTestMethod(InvocationInterceptor.java:117)
	at org.junit.jupiter.engine.e**cution.E**cutableInvoker$ReflectiveInterceptorCall.lambda$ofVoidMethod$0(E**cutableInvoker.java:115)
	at org.junit.jupiter.engine.e**cution.E**cutableInvoker.lambda$invoke$0(E**cutableInvoker.java:105)
	at org.junit.jupiter.engine.e**cution.InvocationInterceptorChain$InterceptedInvocation.proceed(InvocationInterceptorChain.java:106)
	at org.junit.jupiter.engine.extension.TimeoutExtension.intercept(TimeoutExtension.java:149)
	at org.junit.jupiter.engine.extension.TimeoutExtension.interceptTestableMethod(TimeoutExtension.java:140)
	at org.junit.jupiter.engine.extension.TimeoutExtension.interceptTestMethod(TimeoutExtension.java:84)
	at org.junit.jupiter.engine.e**cution.E**cutableInvoker$ReflectiveInterceptorCall.lambda$ofVoidMethod$0(E**cutableInvoker.java:115)
	at org.junit.jupiter.engine.e**cution.E**cutableInvoker.lambda$invoke$0(E**cutableInvoker.java:105)
	at org.junit.jupiter.engine.e**cution.InvocationInterceptorChain$InterceptedInvocation.proceed(InvocationInterceptorChain.java:106)
	at org.junit.jupiter.engine.e**cution.InvocationInterceptorChain.proceed(InvocationInterceptorChain.java:64)
	at org.junit.jupiter.engine.e**cution.InvocationInterceptorChain.chainAndInvoke(InvocationInterceptorChain.java:45)
	at org.junit.jupiter.engine.e**cution.InvocationInterceptorChain.invoke(InvocationInterceptorChain.java:37)
	at org.junit.jupiter.engine.e**cution.E**cutableInvoker.invoke(E**cutableInvoker.java:104)
	at org.junit.jupiter.engine.e**cution.E**cutableInvoker.invoke(E**cutableInvoker.java:98)
	at org.junit.jupiter.engine.descriptor.TestMethodTestDescriptor.lambda$invokeTestMethod$6(TestMethodTestDescriptor.java:210)
	at org.junit.platform.engine.support.hierarchical.ThrowableCollector.e**cute(ThrowableCollector.java:73)
	at org.junit.jupiter.engine.descriptor.TestMethodTestDescriptor.invokeTestMethod(TestMethodTestDescriptor.java:206)
	at org.junit.jupiter.engine.descriptor.TestMethodTestDescriptor.e**cute(TestMethodTestDescriptor.java:131)
	at org.junit.jupiter.engine.descriptor.TestMethodTestDescriptor.e**cute(TestMethodTestDescriptor.java:65)
	at org.junit.platform.engine.support.hierarchical.NodeTestTask.lambda$e**cuteRecursively$5(NodeTestTask.java:139)
	at org.junit.platform.engine.support.hierarchical.ThrowableCollector.e**cute(ThrowableCollector.java:73)
	at org.junit.platform.engine.support.hierarchical.NodeTestTask.lambda$e**cuteRecursively$7(NodeTestTask.java:129)
	at org.junit.platform.engine.support.hierarchical.Node.around(Node.java:137)
	at org.junit.platform.engine.support.hierarchical.NodeTestTask.lambda$e**cuteRecursively$8(NodeTestTask.java:127)
	at org.junit.platform.engine.support.hierarchical.ThrowableCollector.e**cute(ThrowableCollector.java:73)
	at org.junit.platform.engine.support.hierarchical.NodeTestTask.e**cuteRecursively(NodeTestTask.java:126)
	at org.junit.platform.engine.support.hierarchical.NodeTestTask.e**cute(NodeTestTask.java:84)
	at org.junit.platform.engine.support.hierarchical.ForkJoinPoolHierarchicalTestE**cutorService$ExclusiveTask.compute(ForkJoinPoolHierarchicalTestE**cutorService.java:185)
	at org.junit.platform.engine.support.hierarchical.ForkJoinPoolHierarchicalTestE**cutorService.invokeAll(ForkJoinPoolHierarchicalTestE**cutorService.java:129)
	at org.junit.platform.engine.support.hierarchical.NodeTestTask.lambda$e**cuteRecursively$5(NodeTestTask.java:143)
	at org.junit.platform.engine.support.hierarchical.ThrowableCollector.e**cute(ThrowableCollector.java:73)
	at org.junit.platform.engine.support.hierarchical.NodeTestTask.lambda$e**cuteRecursively$7(NodeTestTask.java:129)
	at org.junit.platform.engine.support.hierarchical.Node.around(Node.java:137)
	at org.junit.platform.engine.support.hierarchical.NodeTestTask.lambda$e**cuteRecursively$8(NodeTestTask.java:127)
	at org.junit.platform.engine.support.hierarchical.ThrowableCollector.e**cute(ThrowableCollector.java:73)
	at org.junit.platform.engine.support.hierarchical.NodeTestTask.e**cuteRecursively(NodeTestTask.java:126)
	at org.junit.platform.engine.support.hierarchical.NodeTestTask.e**cute(NodeTestTask.java:84)
	at org.junit.platform.engine.support.hierarchical.ForkJoinPoolHierarchicalTestE**cutorService$ExclusiveTask.compute(ForkJoinPoolHierarchicalTestE**cutorService.java:185)
	at org.junit.platform.engine.support.hierarchical.ForkJoinPoolHierarchicalTestE**cutorService.e**cuteNonConcurrentTasks(ForkJoinPoolHierarchicalTestE**cutorService.java:155)
	at org.junit.platform.engine.support.hierarchical.ForkJoinPoolHierarchicalTestE**cutorService.invokeAll(ForkJoinPoolHierarchicalTestE**cutorService.java:135)
	at org.junit.platform.engine.support.hierarchical.NodeTestTask.lambda$e**cuteRecursively$5(NodeTestTask.java:143)
	at org.junit.platform.engine.support.hierarchical.ThrowableCollector.e**cute(ThrowableCollector.java:73)
	at org.junit.platform.engine.support.hierarchical.NodeTestTask.lambda$e**cuteRecursively$7(NodeTestTask.java:129)
	at org.junit.platform.engine.support.hierarchical.Node.around(Node.java:137)
	at org.junit.platform.engine.support.hierarchical.NodeTestTask.lambda$e**cuteRecursively$8(NodeTestTask.java:127)
	at org.junit.platform.engine.support.hierarchical.ThrowableCollector.e**cute(ThrowableCollector.java:73)
	at org.junit.platform.engine.support.hierarchical.NodeTestTask.e**cuteRecursively(NodeTestTask.java:126)
	at org.junit.platform.engine.support.hierarchical.NodeTestTask.e**cute(NodeTestTask.java:84)
	at org.junit.platform.engine.support.hierarchical.ForkJoinPoolHierarchicalTestE**cutorService$ExclusiveTask.compute(ForkJoinPoolHierarchicalTestE**cutorService.java:185)
	at java.base/java.util.concurrent.RecursiveAction.e**c(RecursiveAction.java:189)
	at java.base/java.util.concurrent.ForkJoinTask.doE**c(ForkJoinTask.java:290)
	at java.base/java.util.concurrent.ForkJoinPool$WorkQueue.topLevelE**c(ForkJoinPool.java:1020)
	at java.base/java.util.concurrent.ForkJoinPool.scan(ForkJoinPool.java:1656)
	at java.base/java.util.concurrent.ForkJoinPool.runWorker(ForkJoinPool.java:1594)
	at java.base/java.util.concurrent.ForkJoinWorkerThread.run(ForkJoinWorkerThread.java:177)

Aug 02, 2021 10:27:31 AM org.entando.kubernetes.controller.coordinator.EntandoResourceObserver <init>
INFO: Listening to CRD 'providedcapabilities.entando.org'
Aug 02, 2021 10:27:31 AM org.entando.kubernetes.controller.coordinator.EntandoControllerCoordinator onStartup
INFO: The EntandoControllerCoordinator has started up successfully
Aug 02, 2021 10:27:31 AM org.entando.kubernetes.controller.coordinator.EntandoResourceObserver <init>
INFO: Listening to CRD 'mycrds.test.org'
Aug 02, 2021 10:27:31 AM org.entando.kubernetes.controller.coordinator.EntandoResourceObserver logResource
INFO: Received MODIFIED for the MyCRD my-namespace/my-resource
[INFO] Tests run: 1, Failures: 0, Errors: 0, Skipped: 0, Time elapsed: 0.227 s - in org.entando.kubernetes.controller.coordinator.LivenessTests
[INFO] Running org.entando.kubernetes.controller.coordinator.CrdManagementTest
Aug 02, 2021 10:27:31 AM org.entando.kubernetes.controller.coordinator.EntandoResourceObserver <init>
INFO: Listening to CRD 'providedcapabilities.entando.org'
Aug 02, 2021 10:27:31 AM org.entando.kubernetes.controller.coordinator.EntandoControllerCoordinator onStartup
INFO: The EntandoControllerCoordinator has started up successfully
Aug 02, 2021 10:27:31 AM org.entando.kubernetes.controller.coordinator.EntandoResourceObserver <init>
INFO: Listening to CRD 'mycrds.test.org'
Aug 02, 2021 10:27:31 AM org.entando.kubernetes.controller.coordinator.EntandoResourceObserver logResource
INFO: Received MODIFIED for the ProvidedCapability my-namespace/my-capability
Aug 02, 2021 10:27:32 AM org.entando.kubernetes.controller.coordinator.EntandoResourceObserver <init>
INFO: Listening to CRD 'providedcapabilities.entando.org'
Aug 02, 2021 10:27:32 AM org.entando.kubernetes.controller.coordinator.EntandoControllerCoordinator onStartup
INFO: The EntandoControllerCoordinator has started up successfully
Aug 02, 2021 10:27:32 AM org.entando.kubernetes.controller.coordinator.EntandoResourceObserver <init>
INFO: Listening to CRD 'mycrds.test.org'
Aug 02, 2021 10:27:32 AM org.entando.kubernetes.controller.coordinator.EntandoResourceObserver <init>
INFO: Listening to CRD 'mycrds.test.org'
Aug 02, 2021 10:27:32 AM org.entando.kubernetes.controller.coordinator.EntandoResourceObserver <init>
INFO: Listening to CRD 'providedcapabilities.entando.org'
Aug 02, 2021 10:27:32 AM org.entando.kubernetes.controller.coordinator.EntandoControllerCoordinator onStartup
INFO: The EntandoControllerCoordinator has started up successfully
Aug 02, 2021 10:27:32 AM org.entando.kubernetes.controller.coordinator.EntandoResourceObserver <init>
INFO: Listening to CRD 'mycrds.test.org'
Aug 02, 2021 10:27:32 AM org.entando.kubernetes.controller.coordinator.EntandoResourceObserver logResource
INFO: Received MODIFIED for the MyCRD my-namespace/my-resource
Aug 02, 2021 10:27:32 AM org.entando.kubernetes.controller.coordinator.EntandoResourceObserver <init>
INFO: Listening to CRD 'providedcapabilities.entando.org'
Aug 02, 2021 10:27:32 AM org.entando.kubernetes.controller.coordinator.EntandoControllerCoordinator onStartup
INFO: The EntandoControllerCoordinator has started up successfully
Aug 02, 2021 10:27:32 AM org.entando.kubernetes.controller.coordinator.EntandoResourceObserver <init>
INFO: Listening to CRD 'mycrds.test.org'
Aug 02, 2021 10:27:32 AM org.entando.kubernetes.controller.coordinator.EntandoResourceObserver <init>
INFO: Listening to CRD 'providedcapabilities.entando.org'
Aug 02, 2021 10:27:32 AM org.entando.kubernetes.controller.coordinator.EntandoControllerCoordinator onStartup
INFO: The EntandoControllerCoordinator has started up successfully
Aug 02, 2021 10:27:32 AM org.entando.kubernetes.controller.coordinator.EntandoControllerCoordinator processCustomResourceDefinition
WARNING: CRD mycrds.test.org has neither the entando.org/controller-image annotation, nor is there an entry in the configmap entando-controller-image-overrides for MyCRD.test.org
Aug 02, 2021 10:27:32 AM org.entando.kubernetes.controller.coordinator.EntandoResourceObserver <init>
INFO: Listening to CRD 'mycrds.test.org'
Aug 02, 2021 10:27:32 AM org.entando.kubernetes.controller.coordinator.EntandoResourceObserver logResource
INFO: Received MODIFIED for the MyCRD my-namespace/my-resource
Aug 02, 2021 10:27:32 AM org.entando.kubernetes.controller.coordinator.EntandoControllerCoordinator startImage
WARNING: No controller image found for the MyCRD my-namespace/my-resource. Automatically updating to 'SUCCESSFUL'
Aug 02, 2021 10:27:32 AM org.entando.kubernetes.controller.coordinator.EntandoResourceObserver logResource
INFO: MyCRD my-namespace/my-resource was processed successfully
Aug 02, 2021 10:27:32 AM org.entando.kubernetes.controller.coordinator.EntandoResourceObserver <init>
INFO: Listening to CRD 'providedcapabilities.entando.org'
Aug 02, 2021 10:27:32 AM org.entando.kubernetes.controller.coordinator.EntandoControllerCoordinator onStartup
INFO: The EntandoControllerCoordinator has started up successfully
Aug 02, 2021 10:27:32 AM org.entando.kubernetes.controller.coordinator.EntandoResourceObserver <init>
INFO: Listening to CRD 'mycrds.test.org'
Aug 02, 2021 10:27:32 AM org.entando.kubernetes.controller.coordinator.EntandoResourceObserver logResource
INFO: Received MODIFIED for the ProvidedCapability my-namespace/my-capability
[INFO] Tests run: 7, Failures: 0, Errors: 0, Skipped: 0, Time elapsed: 1.2 s - in org.entando.kubernetes.controller.coordinator.CrdManagementTest
[INFO] Running org.entando.kubernetes.controller.coordinator.EntandoOperatorMatcherTest
Aug 02, 2021 10:27:32 AM org.entando.kubernetes.controller.coordinator.EntandoOperatorMatcher matchesThisOperator
WARNING: Operator ID mismatch. Ignoring resource EntandoApp:null/null
Aug 02, 2021 10:27:32 AM org.entando.kubernetes.controller.coordinator.EntandoOperatorMatcher matchesThisOperator
WARNING: Operator ID mismatch. Ignoring resource EntandoApp:null/null
Aug 02, 2021 10:27:32 AM org.entando.kubernetes.controller.coordinator.EntandoOperatorMatcher matchesThisOperator
WARNING: Operator ID mismatch. Ignoring resource EntandoApp:null/null
[INFO] Tests run: 5, Failures: 0, Errors: 0, Skipped: 0, Time elapsed: 0.069 s - in org.entando.kubernetes.controller.coordinator.EntandoOperatorMatcherTest
[INFO] Running org.entando.kubernetes.controller.coordinator.TrustStoreSecretRegeneratorTest
[INFO] Tests run: 1, Failures: 0, Errors: 0, Skipped: 0, Time elapsed: 0.577 s - in org.entando.kubernetes.controller.coordinator.TrustStoreSecretRegeneratorTest
[INFO] Running org.entando.kubernetes.controller.coordinator.CoordinatorUtilsTest
[INFO] Tests run: 1, Failures: 0, Errors: 0, Skipped: 0, Time elapsed: 0.004 s - in org.entando.kubernetes.controller.coordinator.CoordinatorUtilsTest
[INFO] Running org.entando.kubernetes.controller.coordinator.DefaultSimpleKubernetesClientTest
[INFO] Tests run: 9, Failures: 0, Errors: 0, Skipped: 0, Time elapsed: 145.657 s - in org.entando.kubernetes.controller.coordinator.DefaultSimpleKubernetesClientTest
[INFO] Running org.entando.kubernetes.controller.coordinator.ConfigListenerTest
Aug 02, 2021 10:29:59 AM org.entando.kubernetes.controller.coordinator.ConfigListener eventReceived
INFO: ConfigMap some-namespce/some-map action received: MODIFIED:
entando.k8s.controller.removal.delay=400
Aug 02, 2021 10:29:59 AM org.entando.kubernetes.controller.coordinator.RestartingWatcher onClose
SEVERE: EntandoResourceObserver closed. Can't reconnect. The container should restart now.
io.fabric8.kubernetes.client.WatcherException: Something went wrong
	at org.entando.kubernetes.controller.coordinator.ConfigListenerTest.shouldKillTheOperator(ConfigListenerTest.java:73)
	at java.base/jdk.internal.reflect.NativeMethodAccessorImpl.invoke0(Native Method)
	at java.base/jdk.internal.reflect.NativeMethodAccessorImpl.invoke(NativeMethodAccessorImpl.java:62)
	at java.base/jdk.internal.reflect.DelegatingMethodAccessorImpl.invoke(DelegatingMethodAccessorImpl.java:43)
	at java.base/java.lang.reflect.Method.invoke(Method.java:566)
	at org.junit.platform.commons.util.ReflectionUtils.invokeMethod(ReflectionUtils.java:688)
	at org.junit.jupiter.engine.e**cution.MethodInvocation.proceed(MethodInvocation.java:60)
	at org.junit.jupiter.engine.e**cution.InvocationInterceptorChain$ValidatingInvocation.proceed(InvocationInterceptorChain.java:131)
	at org.junit.jupiter.api.extension.InvocationInterceptor.interceptTestMethod(InvocationInterceptor.java:117)
	at org.junit.jupiter.engine.e**cution.E**cutableInvoker$ReflectiveInterceptorCall.lambda$ofVoidMethod$0(E**cutableInvoker.java:115)
	at org.junit.jupiter.engine.e**cution.E**cutableInvoker.lambda$invoke$0(E**cutableInvoker.java:105)
	at org.junit.jupiter.engine.e**cution.InvocationInterceptorChain$InterceptedInvocation.proceed(InvocationInterceptorChain.java:106)
	at org.junit.jupiter.engine.extension.TimeoutExtension.intercept(TimeoutExtension.java:149)
	at org.junit.jupiter.engine.extension.TimeoutExtension.interceptTestableMethod(TimeoutExtension.java:140)
	at org.junit.jupiter.engine.extension.TimeoutExtension.interceptTestMethod(TimeoutExtension.java:84)
	at org.junit.jupiter.engine.e**cution.E**cutableInvoker$ReflectiveInterceptorCall.lambda$ofVoidMethod$0(E**cutableInvoker.java:115)
	at org.junit.jupiter.engine.e**cution.E**cutableInvoker.lambda$invoke$0(E**cutableInvoker.java:105)
	at org.junit.jupiter.engine.e**cution.InvocationInterceptorChain$InterceptedInvocation.proceed(InvocationInterceptorChain.java:106)
	at org.junit.jupiter.engine.e**cution.InvocationInterceptorChain.proceed(InvocationInterceptorChain.java:64)
	at org.junit.jupiter.engine.e**cution.InvocationInterceptorChain.chainAndInvoke(InvocationInterceptorChain.java:45)
	at org.junit.jupiter.engine.e**cution.InvocationInterceptorChain.invoke(InvocationInterceptorChain.java:37)
	at org.junit.jupiter.engine.e**cution.E**cutableInvoker.invoke(E**cutableInvoker.java:104)
	at org.junit.jupiter.engine.e**cution.E**cutableInvoker.invoke(E**cutableInvoker.java:98)
	at org.junit.jupiter.engine.descriptor.TestMethodTestDescriptor.lambda$invokeTestMethod$6(TestMethodTestDescriptor.java:210)
	at org.junit.platform.engine.support.hierarchical.ThrowableCollector.e**cute(ThrowableCollector.java:73)
	at org.junit.jupiter.engine.descriptor.TestMethodTestDescriptor.invokeTestMethod(TestMethodTestDescriptor.java:206)
	at org.junit.jupiter.engine.descriptor.TestMethodTestDescriptor.e**cute(TestMethodTestDescriptor.java:131)
	at org.junit.jupiter.engine.descriptor.TestMethodTestDescriptor.e**cute(TestMethodTestDescriptor.java:65)
	at org.junit.platform.engine.support.hierarchical.NodeTestTask.lambda$e**cuteRecursively$5(NodeTestTask.java:139)
	at org.junit.platform.engine.support.hierarchical.ThrowableCollector.e**cute(ThrowableCollector.java:73)
	at org.junit.platform.engine.support.hierarchical.NodeTestTask.lambda$e**cuteRecursively$7(NodeTestTask.java:129)
	at org.junit.platform.engine.support.hierarchical.Node.around(Node.java:137)
	at org.junit.platform.engine.support.hierarchical.NodeTestTask.lambda$e**cuteRecursively$8(NodeTestTask.java:127)
	at org.junit.platform.engine.support.hierarchical.ThrowableCollector.e**cute(ThrowableCollector.java:73)
	at org.junit.platform.engine.support.hierarchical.NodeTestTask.e**cuteRecursively(NodeTestTask.java:126)
	at org.junit.platform.engine.support.hierarchical.NodeTestTask.e**cute(NodeTestTask.java:84)
	at org.junit.platform.engine.support.hierarchical.ForkJoinPoolHierarchicalTestE**cutorService$ExclusiveTask.compute(ForkJoinPoolHierarchicalTestE**cutorService.java:185)
	at org.junit.platform.engine.support.hierarchical.ForkJoinPoolHierarchicalTestE**cutorService.e**cuteNonConcurrentTasks(ForkJoinPoolHierarchicalTestE**cutorService.java:155)
	at org.junit.platform.engine.support.hierarchical.ForkJoinPoolHierarchicalTestE**cutorService.invokeAll(ForkJoinPoolHierarchicalTestE**cutorService.java:135)
	at org.junit.platform.engine.support.hierarchical.NodeTestTask.lambda$e**cuteRecursively$5(NodeTestTask.java:143)
	at org.junit.platform.engine.support.hierarchical.ThrowableCollector.e**cute(ThrowableCollector.java:73)
	at org.junit.platform.engine.support.hierarchical.NodeTestTask.lambda$e**cuteRecursively$7(NodeTestTask.java:129)
	at org.junit.platform.engine.support.hierarchical.Node.around(Node.java:137)
	at org.junit.platform.engine.support.hierarchical.NodeTestTask.lambda$e**cuteRecursively$8(NodeTestTask.java:127)
	at org.junit.platform.engine.support.hierarchical.ThrowableCollector.e**cute(ThrowableCollector.java:73)
	at org.junit.platform.engine.support.hierarchical.NodeTestTask.e**cuteRecursively(NodeTestTask.java:126)
	at org.junit.platform.engine.support.hierarchical.NodeTestTask.e**cute(NodeTestTask.java:84)
	at org.junit.platform.engine.support.hierarchical.ForkJoinPoolHierarchicalTestE**cutorService$ExclusiveTask.compute(ForkJoinPoolHierarchicalTestE**cutorService.java:185)
	at org.junit.platform.engine.support.hierarchical.ForkJoinPoolHierarchicalTestE**cutorService.e**cuteNonConcurrentTasks(ForkJoinPoolHierarchicalTestE**cutorService.java:155)
	at org.junit.platform.engine.support.hierarchical.ForkJoinPoolHierarchicalTestE**cutorService.invokeAll(ForkJoinPoolHierarchicalTestE**cutorService.java:135)
	at org.junit.platform.engine.support.hierarchical.NodeTestTask.lambda$e**cuteRecursively$5(NodeTestTask.java:143)
	at org.junit.platform.engine.support.hierarchical.ThrowableCollector.e**cute(ThrowableCollector.java:73)
	at org.junit.platform.engine.support.hierarchical.NodeTestTask.lambda$e**cuteRecursively$7(NodeTestTask.java:129)
	at org.junit.platform.engine.support.hierarchical.Node.around(Node.java:137)
	at org.junit.platform.engine.support.hierarchical.NodeTestTask.lambda$e**cuteRecursively$8(NodeTestTask.java:127)
	at org.junit.platform.engine.support.hierarchical.ThrowableCollector.e**cute(ThrowableCollector.java:73)
	at org.junit.platform.engine.support.hierarchical.NodeTestTask.e**cuteRecursively(NodeTestTask.java:126)
	at org.junit.platform.engine.support.hierarchical.NodeTestTask.e**cute(NodeTestTask.java:84)
	at org.junit.platform.engine.support.hierarchical.ForkJoinPoolHierarchicalTestE**cutorService$ExclusiveTask.compute(ForkJoinPoolHierarchicalTestE**cutorService.java:185)
	at java.base/java.util.concurrent.RecursiveAction.e**c(RecursiveAction.java:189)
	at java.base/java.util.concurrent.ForkJoinTask.doE**c(ForkJoinTask.java:290)
	at java.base/java.util.concurrent.ForkJoinPool$WorkQueue.topLevelE**c(ForkJoinPool.java:1020)
	at java.base/java.util.concurrent.ForkJoinPool.scan(ForkJoinPool.java:1656)
	at java.base/java.util.concurrent.ForkJoinPool.runWorker(ForkJoinPool.java:1594)
	at java.base/java.util.concurrent.ForkJoinWorkerThread.run(ForkJoinWorkerThread.java:177)

[INFO] Tests run: 2, Failures: 0, Errors: 0, Skipped: 0, Time elapsed: 0.047 s - in org.entando.kubernetes.controller.coordinator.ConfigListenerTest
[INFO] Running org.entando.kubernetes.controller.coordinator.UtilsTest
[INFO] Tests run: 2, Failures: 0, Errors: 0, Skipped: 0, Time elapsed: 0.01 s - in org.entando.kubernetes.controller.coordinator.UtilsTest
[INFO] Running org.entando.kubernetes.controller.coordinator.PodManagementTests
Aug 02, 2021 10:29:59 AM org.entando.kubernetes.controller.coordinator.EntandoResourceObserver <init>
INFO: Listening to CRD 'testresources.test.org'
Aug 02, 2021 10:29:59 AM org.entando.kubernetes.controller.coordinator.EntandoResourceObserver <init>
INFO: Listening to CRD 'providedcapabilities.entando.org'
Aug 02, 2021 10:29:59 AM org.entando.kubernetes.controller.coordinator.EntandoControllerCoordinator onStartup
INFO: The EntandoControllerCoordinator has started up successfully
Aug 02, 2021 10:29:59 AM org.entando.kubernetes.controller.coordinator.EntandoResourceObserver logResource
INFO: Received MODIFIED for the TestResource controller-namespace/test-keycloak
Aug 02, 2021 10:29:59 AM org.entando.kubernetes.controller.coordinator.EntandoResourceObserver logResource
INFO: Received MODIFIED for the TestResource controller-namespace/test-keycloak
Aug 02, 2021 10:29:59 AM org.entando.kubernetes.controller.coordinator.EntandoResourceObserver <init>
INFO: Listening to CRD 'testresources.test.org'
Aug 02, 2021 10:29:59 AM org.entando.kubernetes.controller.coordinator.EntandoResourceObserver <init>
INFO: Listening to CRD 'providedcapabilities.entando.org'
Aug 02, 2021 10:29:59 AM org.entando.kubernetes.controller.coordinator.EntandoControllerCoordinator onStartup
INFO: The EntandoControllerCoordinator has started up successfully
Aug 02, 2021 10:29:59 AM org.entando.kubernetes.controller.coordinator.EntandoResourceObserver logResource
INFO: Received MODIFIED for the TestResource controller-namespace/test-keycloak
Aug 02, 2021 10:29:59 AM org.entando.kubernetes.controller.coordinator.EntandoResourceObserver logResource
INFO: TestResource controller-namespace/test-keycloak was processed successfully
Aug 02, 2021 10:29:59 AM org.entando.kubernetes.controller.coordinator.EntandoResourceObserver <init>
INFO: Listening to CRD 'testresources.test.org'
Aug 02, 2021 10:29:59 AM org.entando.kubernetes.controller.coordinator.EntandoResourceObserver <init>
INFO: Listening to CRD 'providedcapabilities.entando.org'
Aug 02, 2021 10:29:59 AM org.entando.kubernetes.controller.coordinator.EntandoControllerCoordinator onStartup
INFO: The EntandoControllerCoordinator has started up successfully
Aug 02, 2021 10:29:59 AM org.entando.kubernetes.controller.coordinator.EntandoResourceObserver logResource
INFO: Received MODIFIED for the TestResource controller-namespace/test-keycloak
Aug 02, 2021 10:30:00 AM org.entando.kubernetes.controller.coordinator.EntandoResourceObserver logResource
INFO: TestResource controller-namespace/test-keycloak was processed successfully
[INFO] Tests run: 3, Failures: 0, Errors: 0, Skipped: 0, Time elapsed: 1.065 s - in org.entando.kubernetes.controller.coordinator.PodManagementTests
[INFO] 
[INFO] Results:
[INFO] 
[INFO] Tests run: 46, Failures: 0, Errors: 0, Skipped: 0
[INFO] 
[INFO] 
[INFO] --- maven-jar-plugin:3.2.0:jar (default-jar) @ entando-k8s-controller-coordinator ---
[INFO] Building jar: /workspace/source/target/entando-k8s-controller-coordinator-0.0.0-SNAPSHOT-PR-75-46.jar
[INFO] 
[INFO] --- maven-jar-plugin:3.2.0:test-jar (build-test-jar) @ entando-k8s-controller-coordinator ---
[INFO] Building jar: /workspace/source/target/entando-k8s-controller-coordinator-0.0.0-SNAPSHOT-PR-75-46-tests.jar
[INFO] 
[INFO] --- maven-javadoc-plugin:3.2.0:jar (attach-javadocs) @ entando-k8s-controller-coordinator ---
[INFO] Skipping javadoc generation
[INFO] 
[INFO] --- license-maven-plugin:2.0.0:aggregate-download-licenses (download-licenses) @ entando-k8s-controller-coordinator ---
[INFO] skip flag is on, will skip goal.
[INFO] 
[INFO] --- quarkus-maven-plugin:1.13.7.Final:build (default) @ entando-k8s-controller-coordinator ---
[INFO] [org.jboss.threads] JBoss Threads version 3.2.0.Final
[WARNING] [io.quarkus.deployment.steps.ReflectiveHierarchyStep] Unable to properly register the hierarchy of the following classes for reflection as they are not in the Jandex index:
	- org.entando.kubernetes.model.common.EntandoCustomResourceStatus (source: JacksonProcessor > org.entando.kubernetes.controller.spi.client.SerializedEntandoResource)
	- org.entando.kubernetes.model.common.ExpectedRole (source: JacksonProcessor > org.entando.kubernetes.controller.spi.deployable.SsoClientConfig)
	- org.entando.kubernetes.model.common.Permission (source: JacksonProcessor > org.entando.kubernetes.controller.spi.deployable.SsoClientConfig)
Consider adding them to the index either by creating a Jandex index for your dependency via the Maven plugin, an empty META-INF/beans.xml or quarkus.index-dependency properties.
[INFO] [io.quarkus.deployment.QuarkusAugmentor] Quarkus augmentation completed in 1576ms
[INFO] 
[INFO] --- maven-surefire-report-plugin:3.0.0-M4:failsafe-report-only (integration-tests) @ entando-k8s-controller-coordinator ---
[INFO] 
[INFO] --- dependency-check-maven:6.1.5:aggregate (default) @ entando-k8s-controller-coordinator ---
[INFO] Skipping National Vulnerability Database Report
[INFO] 
[INFO] --- jacoco-maven-plugin:0.8.7:report (report) @ entando-k8s-controller-coordinator ---
[INFO] Loading e**cution data file /workspace/source/target/jacoco.e**c
[INFO] Analyzed bundle 'Entando K8S Controller Coordinator' with 20 classes
[INFO] 
[INFO] --- maven-surefire-report-plugin:3.0.0-M4:report-only (unit-tests) @ entando-k8s-controller-coordinator ---
[WARNING] Unable to locate Test Source XRef to link to - DISABLED
[INFO] 
[INFO] --- maven-install-plugin:2.4:install (default-install) @ entando-k8s-controller-coordinator ---
[INFO] Installing /workspace/source/target/entando-k8s-controller-coordinator-0.0.0-SNAPSHOT-PR-75-46.jar to /home/jenkins/.mvnrepository/org/entando/entando-k8s-controller-coordinator/0.0.0-SNAPSHOT-PR-75-46/entando-k8s-controller-coordinator-0.0.0-SNAPSHOT-PR-75-46.jar
[INFO] Installing /workspace/source/pom.xml to /home/jenkins/.mvnrepository/org/entando/entando-k8s-controller-coordinator/0.0.0-SNAPSHOT-PR-75-46/entando-k8s-controller-coordinator-0.0.0-SNAPSHOT-PR-75-46.pom
[INFO] Installing /workspace/source/target/entando-k8s-controller-coordinator-0.0.0-SNAPSHOT-PR-75-46-tests.jar to /home/jenkins/.mvnrepository/org/entando/entando-k8s-controller-coordinator/0.0.0-SNAPSHOT-PR-75-46/entando-k8s-controller-coordinator-0.0.0-SNAPSHOT-PR-75-46-tests.jar
[INFO] 
[INFO] --- maven-deploy-plugin:2.8.2:deploy (default-deploy) @ entando-k8s-controller-coordinator ---
[INFO] Using alternate deployment repository local-nexus::default::http://nexus/repository/maven-releases/
[INFO] 
[INFO] -----------< org.entando:entando-k8s-controller-coordinator >-----------
[INFO] Building Entando K8S Controller Coordinator 0.0.0-SNAPSHOT-PR-75-46
[INFO] --------------------------------[ jar ]---------------------------------
[INFO] 
[INFO] --- sonar-maven-plugin:3.9.0.2155:sonar (default-cli) @ entando-k8s-controller-coordinator ---
[INFO] User cache: /****/.sonar/cache
[INFO] SonarQube version: 8.9.1
[INFO] Default locale: "en_US", source code encoding: "UTF-8"
[INFO] Load global settings
[INFO] Load global settings (done) | time=221ms
[INFO] Server id: 1BD809FA-AWHW8ct9-T_TB3XqouNu
[INFO] User cache: /****/.sonar/cache
[INFO] Load/download plugins
[INFO] Load plugins index
[INFO] Load plugins index (done) | time=74ms
[INFO] Load/download plugins (done) | time=23231ms
[INFO] Loaded core extensions: developer-scanner
[INFO] Load project settings for component key: 'entando-k8s_entando-k8s-controller-coordinator'
[INFO] Load project settings for component key: 'entando-k8s_entando-k8s-controller-coordinator' (done) | time=43ms
[INFO] Process project properties
[INFO] E**cute project builders
[INFO] E**cute project builders (done) | time=2ms
[INFO] Project key: entando-k8s_entando-k8s-controller-coordinator
[INFO] Base dir: /workspace/source
[INFO] Working dir: /workspace/source/target/sonar
[INFO] Load project branches
[INFO] Load project branches (done) | time=34ms
[INFO] Check ALM binding of project 'entando-k8s_entando-k8s-controller-coordinator'
[INFO] Detected project binding: BOUND
[INFO] Check ALM binding of project 'entando-k8s_entando-k8s-controller-coordinator' (done) | time=17ms
[INFO] Load project pull requests
[INFO] Load project pull requests (done) | time=38ms
[INFO] Load branch configuration
[INFO] Load branch configuration (done) | time=562ms
[INFO] Load quality profiles
[INFO] Load quality profiles (done) | time=365ms
[INFO] Load active rules
[INFO] Load active rules (done) | time=1390ms
[INFO] Organization key: entando-k8s
[INFO] Pull request 75 for merge into master from ENG-2284_removed_cluster_infrastructure
[INFO] SCM collecting changed files in the branch
[WARNING] Exception caught during e**cution of command '[/usr/local/git/bin/git, config, --******, --edit]' in '/usr/local/git/bin', return code '128', error message 'fatal: Invalid path '/usr/local/git/etc': No such file or directory
'
[INFO] SCM collecting changed files in the branch (done) | time=350ms
[INFO] Indexing files...
[INFO] Project configuration:
[INFO] 40 files inde**d
[INFO] 0 files ignored because of scm ignore settings
[INFO] Quality profile for java: Entando Sonar Way Java
[INFO] Quality profile for xml: Sonar way
[INFO] ------------- Run sensors on module Entando K8S Controller Coordinator
[INFO] Load metrics repository
[INFO] Load metrics repository (done) | time=32ms
[INFO] Sensor JavaSensor [java]
[INFO] Configured Java source version (sonar.java.source): 11
[INFO] JavaClasspath initialization
[INFO] JavaClasspath initialization (done) | time=10ms
[INFO] JavaTestClasspath initialization
[INFO] JavaTestClasspath initialization (done) | time=3ms
[INFO] Java "Main" source files AST scan
[INFO] 23 source files to be analyzed
[INFO] 23/23 source files have been analyzed
[INFO] Java "Main" source files AST scan (done) | time=5551ms
[INFO] Java "Test" source files AST scan
[INFO] 16 source files to be analyzed
[INFO] 16/16 source files have been analyzed
[INFO] Java "Test" source files AST scan (done) | time=2394ms
[INFO] No "Generated" source files to scan.
[INFO] Sensor JavaSensor [java] (done) | time=8402ms
[INFO] Sensor CSS Rules [cssfamily]
[INFO] No CSS, PHP, HTML or VueJS files are found in the project. CSS analysis is skipped.
[INFO] Sensor CSS Rules [cssfamily] (done) | time=2ms
[INFO] Sensor C# Project Type Information [csharp]
[INFO] Sensor C# Project Type Information [csharp] (done) | time=1ms
[INFO] Sensor C# Properties [csharp]
[INFO] Sensor C# Properties [csharp] (done) | time=1ms
[INFO] Sensor Import of Checkstyle issues [java]
[INFO] Importing /workspace/source/target/checkstyle-result.xml
[INFO] Sensor Import of Checkstyle issues [java] (done) | time=80ms
[INFO] Sensor SurefireSensor [java]
[INFO] parsing [/workspace/source/target/surefire-reports]
[INFO] Sensor SurefireSensor [java] (done) | time=77ms
[INFO] Sensor JavaXmlSensor [java]
[INFO] 1 source file to be analyzed
[INFO] 1/1 source file has been analyzed
[INFO] Sensor JavaXmlSensor [java] (done) | time=553ms
[INFO] Sensor HTML [web]
[INFO] Sensor HTML [web] (done) | time=5ms
[INFO] Sensor XML Sensor [xml]
[INFO] 1 source file to be analyzed
[INFO] 1/1 source file has been analyzed
[INFO] Sensor XML Sensor [xml] (done) | time=183ms
[INFO] Sensor VB.NET Project Type Information [vbnet]
[INFO] Sensor VB.NET Project Type Information [vbnet] (done) | time=1ms
[INFO] Sensor VB.NET Properties [vbnet]
[INFO] Sensor VB.NET Properties [vbnet] (done) | time=1ms
[INFO] Sensor JaCoCo XML Report Importer [jacoco]
[INFO] Importing 1 report(s). Turn your logs in debug mode in order to see the exhaustive list.
[INFO] Sensor JaCoCo XML Report Importer [jacoco] (done) | time=34ms
[INFO] Sensor ThymeLeaf template sensor [securityjavafrontend]
[INFO] Sensor ThymeLeaf template sensor [securityjavafrontend] (done) | time=3ms
[INFO] Sensor Serverless configuration file sensor [securityjsfrontend]
[INFO] 0 Serverless function entries were found in the project
[INFO] 0 Serverless function handlers were kept as entrypoints
[INFO] Sensor Serverless configuration file sensor [securityjsfrontend] (done) | time=84ms
[INFO] Sensor JavaSecuritySensor [security]
[INFO] Reading type hierarchy from: /workspace/source/target/sonar/ucfg2/java
[INFO] Read 252 type definitions
[INFO] Reading UCFGs from: /workspace/source/target/sonar/ucfg2/java
[INFO] 10:30:56.992274 Building Runtime Type propagation graph
[INFO] 10:30:57.02189 Running Tarjan on 966 nodes
[INFO] 10:30:57.028393 Tarjan found 957 components
[INFO] 10:30:57.035119 Variable type analysis: done
[INFO] 10:30:57.040258 Building Runtime Type propagation graph
[INFO] 10:30:57.055955 Running Tarjan on 966 nodes
[INFO] 10:30:57.058341 Tarjan found 957 components
[INFO] 10:30:57.060302 Variable type analysis: done
[INFO] Analyzing 200 ucfgs to detect vulnerabilities.
[INFO] All rules entrypoints : 0 Retained UCFGs : 0
[INFO] rule: S5131, entrypoints: 0
[INFO] rule: S5131 done
[INFO] rule: S3649, entrypoints: 0
[INFO] rule: S3649 done
[INFO] rule: S2076, entrypoints: 0
[INFO] rule: S2076 done
[INFO] rule: S2091, entrypoints: 0
[INFO] rule: S2091 done
[INFO] rule: S2078, entrypoints: 0
[INFO] rule: S2078 done
[INFO] rule: S2631, entrypoints: 0
[INFO] rule: S2631 done
[INFO] rule: S5135, entrypoints: 0
[INFO] rule: S5135 done
[INFO] rule: S2083, entrypoints: 0
[INFO] rule: S2083 done
[INFO] rule: S5167, entrypoints: 0
[INFO] rule: S5167 done
[INFO] rule: S5144, entrypoints: 0
[INFO] rule: S5144 done
[INFO] rule: S5145, entrypoints: 0
[INFO] rule: S5145 done
[INFO] rule: S5146, entrypoints: 0
[INFO] rule: S5146 done
[INFO] rule: S5334, entrypoints: 0
[INFO] rule: S5334 done
[INFO] rule: S6096, entrypoints: 0
[INFO] rule: S6096 done
[INFO] Sensor JavaSecuritySensor [security] (done) | time=930ms
[INFO] Sensor CSharpSecuritySensor [security]
[INFO] Reading type hierarchy from: /workspace/source/target/ucfg_cs2
[INFO] Read 0 type definitions
[INFO] Reading UCFGs from: /workspace/source/target/ucfg_cs2
[INFO] No UCFGs have been included for analysis.
[INFO] Sensor CSharpSecuritySensor [security] (done) | time=1ms
[INFO] Sensor PhpSecuritySensor [security]
[INFO] Reading type hierarchy from: /workspace/source/target/sonar/ucfg2/php
[INFO] Read 0 type definitions
[INFO] Reading UCFGs from: /workspace/source/target/sonar/ucfg2/php
[INFO] No UCFGs have been included for analysis.
[INFO] Sensor PhpSecuritySensor [security] (done) | time=1ms
[INFO] Sensor PythonSecuritySensor [security]
[INFO] Reading type hierarchy from: /workspace/source/target/sonar/ucfg2/python
[INFO] Read 0 type definitions
[INFO] Reading UCFGs from: /workspace/source/target/sonar/ucfg2/python
[INFO] No UCFGs have been included for analysis.
[INFO] Sensor PythonSecuritySensor [security] (done) | time=1ms
[INFO] Sensor JsSecuritySensor [security]
[INFO] Reading type hierarchy from: /workspace/source/target/sonar/ucfg2/js
[INFO] Read 0 type definitions
[INFO] Reading UCFGs from: /workspace/source/target/sonar/ucfg2/js
[INFO] 10:30:57.668386 Building Runtime Type propagation graph
[INFO] 10:30:57.668718 Running Tarjan on 0 nodes
[INFO] 10:30:57.668909 Tarjan found 0 components
[INFO] 10:30:57.669061 Variable type analysis: done
[INFO] 10:30:57.669279 Building Runtime Type propagation graph
[INFO] 10:30:57.669547 Running Tarjan on 0 nodes
[INFO] 10:30:57.669773 Tarjan found 0 components
[INFO] 10:30:57.669946 Variable type analysis: done
[INFO] Analyzing 1 ucfgs to detect vulnerabilities.
[INFO] rule: S5146, entrypoints: 2
[INFO] Running symbolic analysis
[INFO] rule: S5146 done
[INFO] rule: S5334, entrypoints: 2
[INFO] Running symbolic analysis
[INFO] rule: S5334 done
[INFO] rule: S2076, entrypoints: 2
[INFO] Running symbolic analysis
[INFO] rule: S2076 done
[INFO] rule: S6096, entrypoints: 2
[INFO] Running symbolic analysis
[INFO] rule: S6096 done
[INFO] rule: S2631, entrypoints: 2
[INFO] Running symbolic analysis
[INFO] rule: S2631 done
[INFO] rule: S5144, entrypoints: 2
[INFO] Running symbolic analysis
[INFO] rule: S5144 done
[INFO] rule: S3649, entrypoints: 2
[INFO] Running symbolic analysis
[INFO] rule: S3649 done
[INFO] rule: S5696, entrypoints: 2
[INFO] Running symbolic analysis
[INFO] rule: S5696 done
[INFO] rule: S2083, entrypoints: 2
[INFO] Running symbolic analysis
[INFO] rule: S2083 done
[INFO] rule: S5147, entrypoints: 2
[INFO] Running symbolic analysis
[INFO] rule: S5147 done
[INFO] rule: S5883, entrypoints: 2
[INFO] Running symbolic analysis
[INFO] rule: S5883 done
[INFO] rule: S5131, entrypoints: 2
[INFO] Running symbolic analysis
[INFO] rule: S5131 done
[INFO] rule: S6105, entrypoints: 2
[INFO] Running symbolic analysis
[INFO] rule: S6105 done
[INFO] Sensor JsSecuritySensor [security] (done) | time=799ms
[INFO] ------------- Run sensors on project
[INFO] Sensor Zero Coverage Sensor
[INFO] Sensor Zero Coverage Sensor (done) | time=1ms
[INFO] Sensor Java CPD Block Inde**r
[INFO] Sensor Java CPD Block Inde**r (done) | time=62ms
[INFO] SCM Publisher SCM provider for this project is: git
[INFO] SCM Publisher 40 source files to be analyzed
[INFO] SCM Publisher 39/40 source files have been analyzed (done) | time=508ms
[WARNING] Missing blame information for the following files:
[WARNING]   * pom.xml
[WARNING] This may lead to missing/broken features in SonarCloud
[INFO] CPD E**cutor 6 files had no CPD blocks
[INFO] CPD E**cutor Calculating CPD for 17 files
[INFO] CPD E**cutor CPD calculation finished (done) | time=22ms
[INFO] SCM writing changed lines
[INFO] SCM writing changed lines (done) | time=212ms
[INFO] Analysis report generated in 434ms, dir size=583 KB
[INFO] Analysis report compressed in 91ms, zip size=215 KB
[INFO] Analysis report uploaded in 190ms
[INFO] ANALYSIS SUCCESSFUL, you can find the results at: https://sonarcloud.io/dashboard?id=entando-k8s_entando-k8s-controller-coordinator&pullRequest=75
[INFO] Note that you will be able to access the updated dashboard once the server has processed the submitted analysis report
[INFO] More about the report processing at https://sonarcloud.io/api/ce/task?id=AXsGaq10wj73TsqkdWuT
[INFO] Analysis total time: 19.116 s
[INFO] ------------------------------------------------------------------------
[INFO] BUILD SUCCESS
[INFO] ------------------------------------------------------------------------
[INFO] Total time:  05:23 min
[INFO] Finished at: 2021-08-02T10:30:59Z
[INFO] ------------------------------------------------------------------------
Picked up _JAVA_OPTIONS: -XX:+UnlockExperimentalVMOptions -Dsun.zip.disableMemoryMapping=**** -XX:+UseParallelGC -XX:MinHeapFreeRatio=5 -XX:MaxHeapFreeRatio=10 -XX:GCTimeRatio=4 -XX:AdaptiveSizePolicyWeight=90 -Xms1000m -Xmx12000m
[INFO] Scanning for projects...
[INFO] 
[INFO] -----------< org.entando:entando-k8s-controller-coordinator >-----------
[INFO] Building Entando K8S Controller Coordinator 0.0.0-SNAPSHOT-PR-75-46
[INFO] --------------------------------[ jar ]---------------------------------
[INFO] 
[INFO] --- maven-site-plugin:3.9.0:site (default-site) @ entando-k8s-controller-coordinator ---
[INFO] configuring report plugin org.apache.maven.plugins:maven-project-info-reports-plugin:3.0.0
[INFO] 9 reports configured for maven-project-info-reports-plugin:3.0.0: dependency-info, distribution-management, index, ci-management, issue-management, licenses, plugins, scm, summary
[INFO] Rendering site with default locale English (en)
[WARNING] Unable to find a URL to the parent project. The parent menu will NOT be added.
[INFO] Relativizing decoration links with respect to localized project URL: https://central.entando.com
[INFO] Rendering content with org.apache.maven.skins:maven-default-skin:jar:1.3 skin.
[INFO] Generating "Dependency Information" report --- maven-project-info-reports-plugin:3.0.0:dependency-info
[INFO] Generating "About" report         --- maven-project-info-reports-plugin:3.0.0:index
[INFO] Generating "Issue Management" report --- maven-project-info-reports-plugin:3.0.0:issue-management
[INFO] Generating "Licenses" report      --- maven-project-info-reports-plugin:3.0.0:licenses
[INFO] Generating "Plugins" report       --- maven-project-info-reports-plugin:3.0.0:plugins
[INFO] Generating "Source Code Management" report --- maven-project-info-reports-plugin:3.0.0:scm
[INFO] Generating "Summary" report       --- maven-project-info-reports-plugin:3.0.0:summary
[INFO] 
[INFO] --- allure-maven:2.10.0:report (default) @ entando-k8s-controller-coordinator ---
[INFO] Allure installation directory /workspace/source/.allure
[INFO] Try to finding out allure 2.14.0
[INFO] Downloading allure commandline...
[INFO] Proxy is not specified.
[INFO] Downloading allure commandline complete
[INFO] Generate Allure report (report) with version 2.14.0
[INFO] Generate Allure report to /workspace/source/target/site/allure-reports
[INFO] Found results directory /workspace/source/target/allure-results
[INFO] Can't find information about categories.
[INFO] Generate report to /workspace/source/target/site/allure-reports
Picked up _JAVA_OPTIONS: -XX:+UnlockExperimentalVMOptions -Dsun.zip.disableMemoryMapping=**** -XX:+UseParallelGC -XX:MinHeapFreeRatio=5 -XX:MaxHeapFreeRatio=10 -XX:GCTimeRatio=4 -XX:AdaptiveSizePolicyWeight=90 -Xms1000m -Xmx12000m
Report successfully generated to /workspace/source/target/site/allure-reports
[INFO] Report generated successfully.
[INFO] ------------------------------------------------------------------------
[INFO] BUILD SUCCESS
[INFO] ------------------------------------------------------------------------
[INFO] Total time:  23.803 s
[INFO] Finished at: 2021-08-02T10:31:25Z
[INFO] ------------------------------------------------------------------------
Congratulations! No build failures found for entando-k8s-controller-coordinator-PR-75.

Showing logs for build [32mentando-k8s-entando-k8s-control-vtkdb-46[0m stage [32mfrom-build-pack[0m and container [32mstep-build-container-build[0m
Generating tags...
 - entando/entando-k8s-controller-coordinator -> *********/entando/entando-k8s-controller-coordinator:0.0.0-SNAPSHOT-PR-75-46
Checking cache...
 - entando/entando-k8s-controller-coordinator: Not found. Building
Building [entando/entando-k8s-controller-coordinator]...
Sending build context to Docker daemon  530.9kBSending build context to Docker daemon  797.2kB
Step 1/10 : FROM entando/entando-k8s-operator-common:0.0.0-SNAPSHOT-PR-61-7
 ---> b689eec35152
Step 2/10 : ARG VERSION
 ---> Running in 4d5e3bf9ae4f
 ---> 9ac32ec30f0c
Step 3/10 : LABEL name "Entando K8S Controller Coordinator" vendor "Entando" version "v${VERSION}" release "6" summary "This container is the entrypoint for the Entando Operator and launches delegate containers to process Entando custom resources." description "This is container runs background threads that observe events occurring against Entando custom resources.                    When it detects an event against a known Entando custom resource, it spawns the appropriate run-to-completion                    container to process the event in question."
 ---> Running in 7ff1e9d1ac0f
 ---> e1866a271624
Step 4/10 : ENV JAVA_OPTIONS "-Djava.util.logging.manager=org.jboss.logmanager.LogManager"
 ---> Running in 7fcda4e10d8f
 ---> f5f5ab746b70
Step 5/10 : ENV AB_ENABLED jmx_exporter
 ---> Running in f24df0afa758
 ---> 70d6970ccd4c
Step 6/10 : COPY target/quarkus-app/lib/main/org.entando.*.jar /deployments/lib/main/
 ---> 55750a2407d4
Step 7/10 : COPY target/quarkus-app/*.* /deployments/
 ---> 433817b3231e
Step 8/10 : COPY target/quarkus-app/app/ /deployments/app/
 ---> c54ef46bd14b
Step 9/10 : COPY target/quarkus-app/quarkus/ /deployments/quarkus/
 ---> 90945be5cc2b
Step 10/10 : ENTRYPOINT /deployments/run-java.sh
 ---> Running in 475f67c4a47c
 ---> c0b528be4a71
Successfully built c0b528be4a71
The push refers to a repository [*********/entando/entando-k8s-controller-coordinator]
d06bdc79828d: Preparing
b9099835d3e7: Preparing
7b12b2023988: Preparing
10c5ca404562: Preparing
14935c4f2879: Preparing
0d325cafaeaa: Preparing
e2a83bca966f: Preparing
c090f7cd16e6: Preparing
b3b6627f7339: Preparing
c0df90db61d1: Preparing
c090f7cd16e6: Waiting
e2a83bca966f: Waiting
b3b6627f7339: Waiting
c0df90db61d1: Waiting
0d325cafaeaa: Waiting
14935c4f2879: Layer already exists
0d325cafaeaa: Layer already exists
7b12b2023988: Pushed
b9099835d3e7: Pushed
c090f7cd16e6: Layer already exists
d06bdc79828d: Pushed
10c5ca404562: Pushed
e2a83bca966f: Layer already exists
b3b6627f7339: Layer already exists
c0df90db61d1: Layer already exists
0.0.0-SNAPSHOT-PR-75-46: digest: sha256:462862a9883de5be816d7753f3f03ef2ddfff02bf91f84e404f784e5f537f889 size: 2421
There is a new version (1.28.1) of Skaffold available. Download it at https://storage.googleapis.com/skaffold/releases/latest/skaffold-linux-amd64


Showing logs for build [32mentando-k8s-entando-k8s-control-vtkdb-46[0m stage [32mfrom-build-pack[0m and container [32mstep-postbuild-post-build[0m
no CVE provider running in the current ** namespace so skip adding image to be analysed

Showing logs for build [32mentando-k8s-entando-k8s-control-vtkdb-46[0m stage [32mfrom-build-pack[0m and container [32mstep-promote-make-preview[0m
Creating /tekton/home/.helm 
Creating /tekton/home/.helm/repository 
Creating /tekton/home/.helm/repository/cache 
Creating /tekton/home/.helm/repository/local 
Creating /tekton/home/.helm/plugins 
Creating /tekton/home/.helm/starters 
Creating /tekton/home/.helm/cache/archive 
Creating /tekton/home/.helm/repository/repositories.yaml 
Adding stable repo with URL: https://charts.helm.sh/stable 
Adding local repo with URL: http://127.0.0.1:8879/charts 
$HELM_HOME has been configured at /tekton/home/.helm.
Not installing Tiller due to 'client-only' flag having been set
sed -i -e "s/version:.*/version: 0.0.0-SNAPSHOT-PR-75-46/" Chart.yaml
sed -i -e "s/version:.*/version: 0.0.0-SNAPSHOT-PR-75-46/" ../*/Chart.yaml
sed -i -e "s|repository:.*|repository: *********\/entando\/entando-k8s-controller-coordinator|" values.yaml
sed -i -e "s/tag:.*/tag: 0.0.0-SNAPSHOT-PR-75-46/" values.yaml
sed -i -e "s/redhatRegistryCredentials:.*/redhatRegistryCredentials: ********************************************************************************************************************************************************************************************************************************************************************************************************************************************************************/" values.yaml
sed -i -e "s/ENTANDO_DOCKER_REGISTRY_OVERRIDE:.*/ENTANDO_DOCKER_REGISTRY_OVERRIDE: *********/" values.yaml
echo "  version: 0.0.0-SNAPSHOT-PR-75-46" >> requirements.yaml
** step helm build
WARNING: No $CHART_REPOSITORY defined so using the default value of: http://jenkins-x-chartmuseum:8080
Adding missing Helm repo: storage.googleapis.com https://storage.googleapis.com/chartmuseum.jenkins-x.io
Successfully added Helm repository storage.googleapis.com.
Adding missing Helm repo: jenkins-x-chartmuseum http://jenkins-x-chartmuseum:8080
Successfully added Helm repository jenkins-x-chartmuseum.
WARNING: No $CHART_REPOSITORY defined so using the default value of: http://jenkins-x-chartmuseum:8080

Showing logs for build [32mentando-k8s-entando-k8s-control-vtkdb-46[0m stage [32mfrom-build-pack[0m and container [32mstep-promote-jx-preview[0m
Creating a preview
Found commit author match for: ampie with email address: ampie.private@gmail.com
Namespace entando-k8s-controller-coordinator-carcpr75 created 
expose:
  Annotations:
    helm.sh/hook: post-install,post-upgrade
    helm.sh/hook-delete-policy: hook-succeeded
  config:
    domain: *************
    exposer: Ingress
    http: "****"
preview:
  image:
    repository: *********/entando/entando-k8s-controller-coordinator
    tag: 0.0.0-SNAPSHOT-PR-75-46

WARNING: Could not find the service URL in namespace entando-k8s-controller-coordinator-carcpr75 for names : Timed out after 1m0s, last error: %!s(<nil>)
Updating PipelineActivities entando-k8s-entando-k8s-controller-coordinator-pr-75-46 which has status Running
WARNING: Failed to find the service entando-k8s-controller-coordinator : failed to find service entando-k8s-controller-coordinator in namespace entando-k8s-controller-coordinator-carcpr75: services "entando-k8s-controller-coordinator" not found

Showing logs for build [32mentando-k8s-entando-k8s-control-vtkdb-46[0m stage [32mfrom-build-pack[0m and container [32mstep-promote-run-post-deployment-tests[0m
Picked up _JAVA_OPTIONS: -XX:+UnlockExperimentalVMOptions -Dsun.zip.disableMemoryMapping=**** -XX:+UseParallelGC -XX:MinHeapFreeRatio=5 -XX:MaxHeapFreeRatio=10 -XX:GCTimeRatio=4 -XX:AdaptiveSizePolicyWeight=90 -Xms1000m -Xmx12000m
[INFO] Scanning for projects...
[INFO] 
[INFO] -----------< org.entando:entando-k8s-controller-coordinator >-----------
[INFO] Building Entando K8S Controller Coordinator 0.0.0-SNAPSHOT-PR-75-46
[INFO] --------------------------------[ jar ]---------------------------------
[INFO] 
[INFO] --- maven-resources-plugin:2.6:resources (default-resources) @ entando-k8s-controller-coordinator ---
[INFO] Using 'UTF-8' encoding to copy filtered resources.
[INFO] Copying 4 resources
[INFO] 
[INFO] --- maven-compiler-plugin:3.8.1:compile (default-compile) @ entando-k8s-controller-coordinator ---
[INFO] Nothing to compile - all classes are up to date
[INFO] 
[INFO] --- maven-resources-plugin:2.6:testResources (default-testResources) @ entando-k8s-controller-coordinator ---
[INFO] Using 'UTF-8' encoding to copy filtered resources.
[INFO] Copying 8 resources
[INFO] 
[INFO] --- maven-compiler-plugin:3.8.1:testCompile (default-testCompile) @ entando-k8s-controller-coordinator ---
[INFO] Nothing to compile - all classes are up to date
[INFO] 
[INFO] --- maven-surefire-plugin:3.0.0-M1:test (default-test) @ entando-k8s-controller-coordinator ---
[INFO] Tests are skipped.
[INFO] 
[INFO] --- maven-jar-plugin:3.2.0:jar (default-jar) @ entando-k8s-controller-coordinator ---
[INFO] 
[INFO] --- maven-jar-plugin:3.2.0:test-jar (build-test-jar) @ entando-k8s-controller-coordinator ---
[INFO] 
[INFO] --- maven-failsafe-plugin:3.0.0-M4:integration-test (run-tests) @ entando-k8s-controller-coordinator ---
[INFO] 
[INFO] -------------------------------------------------------
[INFO]  T E S T S
[INFO] -------------------------------------------------------
[INFO] Running org.entando.kubernetes.controller.coordinator.ControllerCoordinatorSmokeTest
Aug 02, 2021 10:33:45 AM org.entando.kubernetes.controller.support.client.SecretClient createSecretIfAbsent
INFO: Entering method createSecretIfAbsent in class org.entando.kubernetes.controller.support.client.SecretClient with ProvidedCapability: entando-k8s-controller-coordinator-carcpr75/default-sso-in-namespace and with Secret: entando-k8s-controller-coordinator-carcpr75/default-sso-in-namespace-*****-secret
Aug 02, 2021 10:33:45 AM org.entando.kubernetes.controller.support.client.SecretClient createSecretIfAbsent
INFO: Exiting method createSecretIfAbsent in class org.entando.kubernetes.controller.support.client.SecretClient
Aug 02, 2021 10:33:45 AM org.entando.kubernetes.controller.spi.client.KubernetesClientForControllers createOrPatchEntandoResource
INFO: Entering method createOrPatchEntandoResource in class org.entando.kubernetes.controller.spi.client.KubernetesClientForControllers with ProvidedCapability: entando-k8s-controller-coordinator-carcpr75/default-sso-in-namespace
Aug 02, 2021 10:33:45 AM org.entando.kubernetes.controller.spi.client.KubernetesClientForControllers createOrPatchEntandoResource
INFO: Exiting method createOrPatchEntandoResource in class org.entando.kubernetes.controller.spi.client.KubernetesClientForControllers
Aug 02, 2021 10:34:09 AM org.entando.kubernetes.controller.support.client.EntandoResourceClient reload
INFO: Entering method reload in class org.entando.kubernetes.controller.support.client.EntandoResourceClient with ProvidedCapability: entando-k8s-controller-coordinator-carcpr75/default-sso-in-namespace
Aug 02, 2021 10:34:09 AM org.entando.kubernetes.controller.support.client.EntandoResourceClient reload
INFO: Exiting method reload in class org.entando.kubernetes.controller.support.client.EntandoResourceClient
Aug 02, 2021 10:34:09 AM org.entando.kubernetes.controller.support.client.SecretClient loadSecret
INFO: Entering method loadSecret in class org.entando.kubernetes.controller.support.client.SecretClient with ProvidedCapability: entando-k8s-controller-coordinator-carcpr75/default-sso-in-namespace
Aug 02, 2021 10:34:09 AM org.entando.kubernetes.controller.support.client.SecretClient loadSecret
INFO: Exiting method loadSecret in class org.entando.kubernetes.controller.support.client.SecretClient
[ERROR] Tests run: 1, Failures: 0, Errors: 1, Skipped: 0, Time elapsed: 385.23 s <<< FAILURE! - in org.entando.kubernetes.controller.coordinator.ControllerCoordinatorSmokeTest
[ERROR] org.entando.kubernetes.controller.coordinator.ControllerCoordinatorSmokeTest.smokeTest  Time elapsed: 384.494 s  <<< ERROR!
org.awaitility.core.ConditionTimeoutException: Condition with lambda expression in org.entando.kubernetes.controller.coordinator.ControllerCoordinatorSmokeTest was not fulfilled within 5 minutes.
	at org.entando.kubernetes.controller.coordinator.ControllerCoordinatorSmokeTest.lambda$smokeTest$15(ControllerCoordinatorSmokeTest.java:158)
	at org.entando.kubernetes.controller.coordinator.ControllerCoordinatorSmokeTest.smokeTest(ControllerCoordinatorSmokeTest.java:156)
Caused by: java.util.NoSuchElementException: No value present
	at org.entando.kubernetes.controller.coordinator.ControllerCoordinatorSmokeTest.lambda$smokeTest$14(ControllerCoordinatorSmokeTest.java:163)

[INFO] 
[INFO] Results:
[INFO] 
[ERROR] Errors: 
[ERROR]   ControllerCoordinatorSmokeTest.smokeTest:156->lambda$smokeTest$15:158 » ConditionTimeout
[INFO] 
[ERROR] Tests run: 1, Failures: 0, Errors: 1, Skipped: 0
[INFO] 
[INFO] 
[INFO] --- maven-surefire-report-plugin:3.0.0-M4:failsafe-report-only (integration-tests) @ entando-k8s-controller-coordinator ---
[WARNING] Unable to locate Test Source XRef to link to - DISABLED
[INFO] 
[INFO] --- maven-surefire-report-plugin:3.0.0-M4:report-only (unit-tests) @ entando-k8s-controller-coordinator ---
[WARNING] Unable to locate Test Source XRef to link to - DISABLED
[INFO] 
[INFO] --- maven-failsafe-plugin:3.0.0-M4:verify (run-tests) @ entando-k8s-controller-coordinator ---
[ERROR] There are test failures.

Please refer to /workspace/source/target/failsafe-reports for the individual test results.
Please refer to dump files (if any exist) [date].dump, [date]-***Run[N].dump and [date].dumpstream.
[INFO] 
[INFO] --- maven-site-plugin:3.9.0:site (default-site) @ entando-k8s-controller-coordinator ---
[INFO] configuring report plugin org.apache.maven.plugins:maven-project-info-reports-plugin:3.0.0
[INFO] 9 reports configured for maven-project-info-reports-plugin:3.0.0: dependency-info, distribution-management, index, ci-management, issue-management, licenses, plugins, scm, summary
[INFO] Rendering site with default locale English (en)
[WARNING] Unable to find a URL to the parent project. The parent menu will NOT be added.
[INFO] Relativizing decoration links with respect to localized project URL: https://central.entando.com
[INFO] Rendering content with org.apache.maven.skins:maven-default-skin:jar:1.3 skin.
[INFO] Generating "Dependency Information" report --- maven-project-info-reports-plugin:3.0.0:dependency-info
[INFO] Generating "About" report         --- maven-project-info-reports-plugin:3.0.0:index
[INFO] Generating "Issue Management" report --- maven-project-info-reports-plugin:3.0.0:issue-management
[INFO] Generating "Licenses" report      --- maven-project-info-reports-plugin:3.0.0:licenses
[INFO] Generating "Plugins" report       --- maven-project-info-reports-plugin:3.0.0:plugins
[INFO] Generating "Source Code Management" report --- maven-project-info-reports-plugin:3.0.0:scm
[INFO] Generating "Summary" report       --- maven-project-info-reports-plugin:3.0.0:summary
[INFO] 
[INFO] --- allure-maven:2.10.0:report (default) @ entando-k8s-controller-coordinator ---
[INFO] Allure installation directory /workspace/source/.allure
[INFO] Try to finding out allure 2.14.0
[INFO] Generate Allure report (report) with version 2.14.0
[INFO] Generate Allure report to /workspace/source/target/site/allure-smoke-reports
[INFO] Found results directory /workspace/source/target/allure-smoke-results
[INFO] Can't find information about categories.
[INFO] Generate report to /workspace/source/target/site/allure-smoke-reports
Picked up _JAVA_OPTIONS: -XX:+UnlockExperimentalVMOptions -Dsun.zip.disableMemoryMapping=**** -XX:+UseParallelGC -XX:MinHeapFreeRatio=5 -XX:MaxHeapFreeRatio=10 -XX:GCTimeRatio=4 -XX:AdaptiveSizePolicyWeight=90 -Xms1000m -Xmx12000m
Report successfully generated to /workspace/source/target/site/allure-smoke-reports
[INFO] Report generated successfully.
[INFO] ------------------------------------------------------------------------
[INFO] BUILD SUCCESS
[INFO] ------------------------------------------------------------------------
[INFO] Total time:  06:42 min
[INFO] Finished at: 2021-08-02T10:40:16Z
[INFO] ------------------------------------------------------------------------
Post-deployment tests failed for entando-k8s-controller-coordinator-PR-75.
[31m
Pipeline failed on stage 'from-build-pack' : container 'step-promote-run-post-deployment-tests'. The execution of the pipeline has stopped.[0m
